[0.831s] DEBUG:colcon:Command line arguments: ['/usr/bin/colcon', 'build']
[0.831s] DEBUG:colcon:Parsed command line arguments: Namespace(log_base=None, log_level=None, verb_name='build', build_base='build', install_base='install', merge_install=False, symlink_install=False, test_result_base=None, continue_on_error=False, executor='parallel', parallel_workers=16, event_handlers=None, ignore_user_meta=False, metas=['./colcon.meta'], base_paths=['.'], packages_ignore=None, packages_ignore_regex=None, paths=None, packages_up_to=None, packages_up_to_regex=None, packages_above=None, packages_above_and_dependencies=None, packages_above_depth=None, packages_select_by_dep=None, packages_skip_by_dep=None, packages_skip_up_to=None, packages_select_build_failed=False, packages_skip_build_finished=False, packages_select_test_failures=False, packages_skip_test_passed=False, packages_select=None, packages_skip=None, packages_select_regex=None, packages_skip_regex=None, packages_start=None, packages_end=None, allow_overriding=[], cmake_args=None, cmake_target=None, cmake_target_skip_unavailable=False, cmake_clean_cache=False, cmake_clean_first=False, cmake_force_configure=False, ament_cmake_args=None, catkin_cmake_args=None, catkin_skip_building_tests=False, verb_parser=<colcon_defaults.argument_parser.defaults.DefaultArgumentsDecorator object at 0x7f8726bc5c90>, verb_extension=<colcon_core.verb.build.BuildVerb object at 0x7f8726e50c10>, main=<bound method BuildVerb.main of <colcon_core.verb.build.BuildVerb object at 0x7f8726e50c10>>)
[0.868s] Level 1:colcon.colcon_core.package_discovery:discover_packages(colcon_meta) check parameters
[0.868s] Level 1:colcon.colcon_core.package_discovery:discover_packages(recursive) check parameters
[0.868s] Level 1:colcon.colcon_core.package_discovery:discover_packages(ignore) check parameters
[0.868s] Level 1:colcon.colcon_core.package_discovery:discover_packages(path) check parameters
[0.868s] Level 1:colcon.colcon_core.package_discovery:discover_packages(colcon_meta) discover
[0.868s] Level 1:colcon.colcon_core.package_discovery:discover_packages(recursive) discover
[0.868s] INFO:colcon.colcon_core.package_discovery:Crawling recursively for packages in '/home/tanakon/FRA532EXAM_31_62_WS'
[0.868s] Level 1:colcon.colcon_core.package_identification:_identify(.) by extensions ['ignore', 'ignore_ament_install']
[0.868s] Level 1:colcon.colcon_core.package_identification:_identify(.) by extension 'ignore'
[0.869s] Level 1:colcon.colcon_core.package_identification:_identify(.) by extension 'ignore_ament_install'
[0.869s] Level 1:colcon.colcon_core.package_identification:_identify(.) by extensions ['colcon_pkg']
[0.869s] Level 1:colcon.colcon_core.package_identification:_identify(.) by extension 'colcon_pkg'
[0.869s] Level 1:colcon.colcon_core.package_identification:_identify(.) by extensions ['colcon_meta']
[0.869s] Level 1:colcon.colcon_core.package_identification:_identify(.) by extension 'colcon_meta'
[0.869s] Level 1:colcon.colcon_core.package_identification:_identify(.) by extensions ['ros']
[0.869s] Level 1:colcon.colcon_core.package_identification:_identify(.) by extension 'ros'
[0.876s] Level 1:colcon.colcon_core.package_identification:_identify(.) by extensions ['cmake', 'python']
[0.876s] Level 1:colcon.colcon_core.package_identification:_identify(.) by extension 'cmake'
[0.876s] Level 1:colcon.colcon_core.package_identification:_identify(.) by extension 'python'
[0.876s] Level 1:colcon.colcon_core.package_identification:_identify(.) by extensions ['python_setup_py']
[0.876s] Level 1:colcon.colcon_core.package_identification:_identify(.) by extension 'python_setup_py'
[0.876s] Level 1:colcon.colcon_core.package_identification:_identify(build) by extensions ['ignore', 'ignore_ament_install']
[0.877s] Level 1:colcon.colcon_core.package_identification:_identify(build) by extension 'ignore'
[0.877s] Level 1:colcon.colcon_core.package_identification:_identify(build) ignored
[0.877s] Level 1:colcon.colcon_core.package_identification:_identify(install) by extensions ['ignore', 'ignore_ament_install']
[0.877s] Level 1:colcon.colcon_core.package_identification:_identify(install) by extension 'ignore'
[0.877s] Level 1:colcon.colcon_core.package_identification:_identify(install) ignored
[0.877s] Level 1:colcon.colcon_core.package_identification:_identify(log) by extensions ['ignore', 'ignore_ament_install']
[0.877s] Level 1:colcon.colcon_core.package_identification:_identify(log) by extension 'ignore'
[0.877s] Level 1:colcon.colcon_core.package_identification:_identify(log) ignored
[0.877s] Level 1:colcon.colcon_core.package_identification:_identify(src) by extensions ['ignore', 'ignore_ament_install']
[0.877s] Level 1:colcon.colcon_core.package_identification:_identify(src) by extension 'ignore'
[0.877s] Level 1:colcon.colcon_core.package_identification:_identify(src) by extension 'ignore_ament_install'
[0.877s] Level 1:colcon.colcon_core.package_identification:_identify(src) by extensions ['colcon_pkg']
[0.877s] Level 1:colcon.colcon_core.package_identification:_identify(src) by extension 'colcon_pkg'
[0.877s] Level 1:colcon.colcon_core.package_identification:_identify(src) by extensions ['colcon_meta']
[0.877s] Level 1:colcon.colcon_core.package_identification:_identify(src) by extension 'colcon_meta'
[0.877s] Level 1:colcon.colcon_core.package_identification:_identify(src) by extensions ['ros']
[0.877s] Level 1:colcon.colcon_core.package_identification:_identify(src) by extension 'ros'
[0.877s] Level 1:colcon.colcon_core.package_identification:_identify(src) by extensions ['cmake', 'python']
[0.877s] Level 1:colcon.colcon_core.package_identification:_identify(src) by extension 'cmake'
[0.877s] Level 1:colcon.colcon_core.package_identification:_identify(src) by extension 'python'
[0.877s] Level 1:colcon.colcon_core.package_identification:_identify(src) by extensions ['python_setup_py']
[0.877s] Level 1:colcon.colcon_core.package_identification:_identify(src) by extension 'python_setup_py'
[0.877s] Level 1:colcon.colcon_core.package_identification:_identify(src/micro-ros_publisher) by extensions ['ignore', 'ignore_ament_install']
[0.878s] Level 1:colcon.colcon_core.package_identification:_identify(src/micro-ros_publisher) by extension 'ignore'
[0.878s] Level 1:colcon.colcon_core.package_identification:_identify(src/micro-ros_publisher) by extension 'ignore_ament_install'
[0.878s] Level 1:colcon.colcon_core.package_identification:_identify(src/micro-ros_publisher) by extensions ['colcon_pkg']
[0.878s] Level 1:colcon.colcon_core.package_identification:_identify(src/micro-ros_publisher) by extension 'colcon_pkg'
[0.878s] Level 1:colcon.colcon_core.package_identification:_identify(src/micro-ros_publisher) by extensions ['colcon_meta']
[0.878s] Level 1:colcon.colcon_core.package_identification:_identify(src/micro-ros_publisher) by extension 'colcon_meta'
[0.878s] Level 1:colcon.colcon_core.package_identification:_identify(src/micro-ros_publisher) by extensions ['ros']
[0.878s] Level 1:colcon.colcon_core.package_identification:_identify(src/micro-ros_publisher) by extension 'ros'
[0.878s] Level 1:colcon.colcon_core.package_identification:_identify(src/micro-ros_publisher) by extensions ['cmake', 'python']
[0.878s] Level 1:colcon.colcon_core.package_identification:_identify(src/micro-ros_publisher) by extension 'cmake'
[0.878s] Level 1:colcon.colcon_core.package_identification:_identify(src/micro-ros_publisher) by extension 'python'
[0.878s] Level 1:colcon.colcon_core.package_identification:_identify(src/micro-ros_publisher) by extensions ['python_setup_py']
[0.878s] Level 1:colcon.colcon_core.package_identification:_identify(src/micro-ros_publisher) by extension 'python_setup_py'
[0.878s] Level 1:colcon.colcon_core.package_identification:_identify(src/micro-ros_publisher/src) by extensions ['ignore', 'ignore_ament_install']
[0.878s] Level 1:colcon.colcon_core.package_identification:_identify(src/micro-ros_publisher/src) by extension 'ignore'
[0.878s] Level 1:colcon.colcon_core.package_identification:_identify(src/micro-ros_publisher/src) by extension 'ignore_ament_install'
[0.878s] Level 1:colcon.colcon_core.package_identification:_identify(src/micro-ros_publisher/src) by extensions ['colcon_pkg']
[0.878s] Level 1:colcon.colcon_core.package_identification:_identify(src/micro-ros_publisher/src) by extension 'colcon_pkg'
[0.878s] Level 1:colcon.colcon_core.package_identification:_identify(src/micro-ros_publisher/src) by extensions ['colcon_meta']
[0.878s] Level 1:colcon.colcon_core.package_identification:_identify(src/micro-ros_publisher/src) by extension 'colcon_meta'
[0.878s] Level 1:colcon.colcon_core.package_identification:_identify(src/micro-ros_publisher/src) by extensions ['ros']
[0.878s] Level 1:colcon.colcon_core.package_identification:_identify(src/micro-ros_publisher/src) by extension 'ros'
[0.878s] Level 1:colcon.colcon_core.package_identification:_identify(src/micro-ros_publisher/src) by extensions ['cmake', 'python']
[0.878s] Level 1:colcon.colcon_core.package_identification:_identify(src/micro-ros_publisher/src) by extension 'cmake'
[0.878s] Level 1:colcon.colcon_core.package_identification:_identify(src/micro-ros_publisher/src) by extension 'python'
[0.878s] Level 1:colcon.colcon_core.package_identification:_identify(src/micro-ros_publisher/src) by extensions ['python_setup_py']
[0.878s] Level 1:colcon.colcon_core.package_identification:_identify(src/micro-ros_publisher/src) by extension 'python_setup_py'
[0.878s] Level 1:colcon.colcon_core.package_identification:_identify(src/micro_ros_setup) by extensions ['ignore', 'ignore_ament_install']
[0.878s] Level 1:colcon.colcon_core.package_identification:_identify(src/micro_ros_setup) by extension 'ignore'
[0.879s] Level 1:colcon.colcon_core.package_identification:_identify(src/micro_ros_setup) by extension 'ignore_ament_install'
[0.879s] Level 1:colcon.colcon_core.package_identification:_identify(src/micro_ros_setup) by extensions ['colcon_pkg']
[0.879s] Level 1:colcon.colcon_core.package_identification:_identify(src/micro_ros_setup) by extension 'colcon_pkg'
[0.879s] Level 1:colcon.colcon_core.package_identification:_identify(src/micro_ros_setup) by extensions ['colcon_meta']
[0.879s] Level 1:colcon.colcon_core.package_identification:_identify(src/micro_ros_setup) by extension 'colcon_meta'
[0.879s] Level 1:colcon.colcon_core.package_identification:_identify(src/micro_ros_setup) by extensions ['ros']
[0.879s] Level 1:colcon.colcon_core.package_identification:_identify(src/micro_ros_setup) by extension 'ros'
[0.880s] DEBUG:colcon.colcon_core.package_identification:Package 'src/micro_ros_setup' with type 'ros.ament_cmake' and name 'micro_ros_setup'
[0.880s] Level 1:colcon.colcon_core.package_identification:_identify(src/uros) by extensions ['ignore', 'ignore_ament_install']
[0.880s] Level 1:colcon.colcon_core.package_identification:_identify(src/uros) by extension 'ignore'
[0.881s] Level 1:colcon.colcon_core.package_identification:_identify(src/uros) by extension 'ignore_ament_install'
[0.881s] Level 1:colcon.colcon_core.package_identification:_identify(src/uros) by extensions ['colcon_pkg']
[0.881s] Level 1:colcon.colcon_core.package_identification:_identify(src/uros) by extension 'colcon_pkg'
[0.881s] Level 1:colcon.colcon_core.package_identification:_identify(src/uros) by extensions ['colcon_meta']
[0.881s] Level 1:colcon.colcon_core.package_identification:_identify(src/uros) by extension 'colcon_meta'
[0.881s] Level 1:colcon.colcon_core.package_identification:_identify(src/uros) by extensions ['ros']
[0.881s] Level 1:colcon.colcon_core.package_identification:_identify(src/uros) by extension 'ros'
[0.881s] Level 1:colcon.colcon_core.package_identification:_identify(src/uros) by extensions ['cmake', 'python']
[0.881s] Level 1:colcon.colcon_core.package_identification:_identify(src/uros) by extension 'cmake'
[0.881s] Level 1:colcon.colcon_core.package_identification:_identify(src/uros) by extension 'python'
[0.881s] Level 1:colcon.colcon_core.package_identification:_identify(src/uros) by extensions ['python_setup_py']
[0.881s] Level 1:colcon.colcon_core.package_identification:_identify(src/uros) by extension 'python_setup_py'
[0.881s] Level 1:colcon.colcon_core.package_identification:_identify(src/uros/micro-ROS-Agent) by extensions ['ignore', 'ignore_ament_install']
[0.881s] Level 1:colcon.colcon_core.package_identification:_identify(src/uros/micro-ROS-Agent) by extension 'ignore'
[0.881s] Level 1:colcon.colcon_core.package_identification:_identify(src/uros/micro-ROS-Agent) by extension 'ignore_ament_install'
[0.881s] Level 1:colcon.colcon_core.package_identification:_identify(src/uros/micro-ROS-Agent) by extensions ['colcon_pkg']
[0.881s] Level 1:colcon.colcon_core.package_identification:_identify(src/uros/micro-ROS-Agent) by extension 'colcon_pkg'
[0.881s] Level 1:colcon.colcon_core.package_identification:_identify(src/uros/micro-ROS-Agent) by extensions ['colcon_meta']
[0.881s] Level 1:colcon.colcon_core.package_identification:_identify(src/uros/micro-ROS-Agent) by extension 'colcon_meta'
[0.881s] Level 1:colcon.colcon_core.package_identification:_identify(src/uros/micro-ROS-Agent) by extensions ['ros']
[0.881s] Level 1:colcon.colcon_core.package_identification:_identify(src/uros/micro-ROS-Agent) by extension 'ros'
[0.881s] Level 1:colcon.colcon_core.package_identification:_identify(src/uros/micro-ROS-Agent) by extensions ['cmake', 'python']
[0.881s] Level 1:colcon.colcon_core.package_identification:_identify(src/uros/micro-ROS-Agent) by extension 'cmake'
[0.881s] Level 1:colcon.colcon_core.package_identification:_identify(src/uros/micro-ROS-Agent) by extension 'python'
[0.881s] Level 1:colcon.colcon_core.package_identification:_identify(src/uros/micro-ROS-Agent) by extensions ['python_setup_py']
[0.881s] Level 1:colcon.colcon_core.package_identification:_identify(src/uros/micro-ROS-Agent) by extension 'python_setup_py'
[0.881s] Level 1:colcon.colcon_core.package_identification:_identify(src/uros/micro-ROS-Agent/micro_ros_agent) by extensions ['ignore', 'ignore_ament_install']
[0.882s] Level 1:colcon.colcon_core.package_identification:_identify(src/uros/micro-ROS-Agent/micro_ros_agent) by extension 'ignore'
[0.882s] Level 1:colcon.colcon_core.package_identification:_identify(src/uros/micro-ROS-Agent/micro_ros_agent) by extension 'ignore_ament_install'
[0.882s] Level 1:colcon.colcon_core.package_identification:_identify(src/uros/micro-ROS-Agent/micro_ros_agent) by extensions ['colcon_pkg']
[0.882s] Level 1:colcon.colcon_core.package_identification:_identify(src/uros/micro-ROS-Agent/micro_ros_agent) by extension 'colcon_pkg'
[0.882s] Level 1:colcon.colcon_core.package_identification:_identify(src/uros/micro-ROS-Agent/micro_ros_agent) by extensions ['colcon_meta']
[0.882s] Level 1:colcon.colcon_core.package_identification:_identify(src/uros/micro-ROS-Agent/micro_ros_agent) by extension 'colcon_meta'
[0.882s] Level 1:colcon.colcon_core.package_identification:_identify(src/uros/micro-ROS-Agent/micro_ros_agent) by extensions ['ros']
[0.882s] Level 1:colcon.colcon_core.package_identification:_identify(src/uros/micro-ROS-Agent/micro_ros_agent) by extension 'ros'
[0.882s] DEBUG:colcon.colcon_core.package_identification:Package 'src/uros/micro-ROS-Agent/micro_ros_agent' with type 'ros.ament_cmake' and name 'micro_ros_agent'
[0.882s] Level 1:colcon.colcon_core.package_identification:_identify(src/uros/micro-ROS-Agent/snap) by extensions ['ignore', 'ignore_ament_install']
[0.882s] Level 1:colcon.colcon_core.package_identification:_identify(src/uros/micro-ROS-Agent/snap) by extension 'ignore'
[0.882s] Level 1:colcon.colcon_core.package_identification:_identify(src/uros/micro-ROS-Agent/snap) by extension 'ignore_ament_install'
[0.882s] Level 1:colcon.colcon_core.package_identification:_identify(src/uros/micro-ROS-Agent/snap) by extensions ['colcon_pkg']
[0.882s] Level 1:colcon.colcon_core.package_identification:_identify(src/uros/micro-ROS-Agent/snap) by extension 'colcon_pkg'
[0.882s] Level 1:colcon.colcon_core.package_identification:_identify(src/uros/micro-ROS-Agent/snap) by extensions ['colcon_meta']
[0.883s] Level 1:colcon.colcon_core.package_identification:_identify(src/uros/micro-ROS-Agent/snap) by extension 'colcon_meta'
[0.883s] Level 1:colcon.colcon_core.package_identification:_identify(src/uros/micro-ROS-Agent/snap) by extensions ['ros']
[0.883s] Level 1:colcon.colcon_core.package_identification:_identify(src/uros/micro-ROS-Agent/snap) by extension 'ros'
[0.883s] Level 1:colcon.colcon_core.package_identification:_identify(src/uros/micro-ROS-Agent/snap) by extensions ['cmake', 'python']
[0.883s] Level 1:colcon.colcon_core.package_identification:_identify(src/uros/micro-ROS-Agent/snap) by extension 'cmake'
[0.883s] Level 1:colcon.colcon_core.package_identification:_identify(src/uros/micro-ROS-Agent/snap) by extension 'python'
[0.883s] Level 1:colcon.colcon_core.package_identification:_identify(src/uros/micro-ROS-Agent/snap) by extensions ['python_setup_py']
[0.883s] Level 1:colcon.colcon_core.package_identification:_identify(src/uros/micro-ROS-Agent/snap) by extension 'python_setup_py'
[0.883s] Level 1:colcon.colcon_core.package_identification:_identify(src/uros/micro-ROS-Agent/snap/hooks) by extensions ['ignore', 'ignore_ament_install']
[0.883s] Level 1:colcon.colcon_core.package_identification:_identify(src/uros/micro-ROS-Agent/snap/hooks) by extension 'ignore'
[0.883s] Level 1:colcon.colcon_core.package_identification:_identify(src/uros/micro-ROS-Agent/snap/hooks) by extension 'ignore_ament_install'
[0.883s] Level 1:colcon.colcon_core.package_identification:_identify(src/uros/micro-ROS-Agent/snap/hooks) by extensions ['colcon_pkg']
[0.883s] Level 1:colcon.colcon_core.package_identification:_identify(src/uros/micro-ROS-Agent/snap/hooks) by extension 'colcon_pkg'
[0.883s] Level 1:colcon.colcon_core.package_identification:_identify(src/uros/micro-ROS-Agent/snap/hooks) by extensions ['colcon_meta']
[0.883s] Level 1:colcon.colcon_core.package_identification:_identify(src/uros/micro-ROS-Agent/snap/hooks) by extension 'colcon_meta'
[0.883s] Level 1:colcon.colcon_core.package_identification:_identify(src/uros/micro-ROS-Agent/snap/hooks) by extensions ['ros']
[0.883s] Level 1:colcon.colcon_core.package_identification:_identify(src/uros/micro-ROS-Agent/snap/hooks) by extension 'ros'
[0.883s] Level 1:colcon.colcon_core.package_identification:_identify(src/uros/micro-ROS-Agent/snap/hooks) by extensions ['cmake', 'python']
[0.883s] Level 1:colcon.colcon_core.package_identification:_identify(src/uros/micro-ROS-Agent/snap/hooks) by extension 'cmake'
[0.883s] Level 1:colcon.colcon_core.package_identification:_identify(src/uros/micro-ROS-Agent/snap/hooks) by extension 'python'
[0.883s] Level 1:colcon.colcon_core.package_identification:_identify(src/uros/micro-ROS-Agent/snap/hooks) by extensions ['python_setup_py']
[0.883s] Level 1:colcon.colcon_core.package_identification:_identify(src/uros/micro-ROS-Agent/snap/hooks) by extension 'python_setup_py'
[0.883s] Level 1:colcon.colcon_core.package_identification:_identify(src/uros/micro-ROS-Agent/snap/local) by extensions ['ignore', 'ignore_ament_install']
[0.883s] Level 1:colcon.colcon_core.package_identification:_identify(src/uros/micro-ROS-Agent/snap/local) by extension 'ignore'
[0.883s] Level 1:colcon.colcon_core.package_identification:_identify(src/uros/micro-ROS-Agent/snap/local) by extension 'ignore_ament_install'
[0.884s] Level 1:colcon.colcon_core.package_identification:_identify(src/uros/micro-ROS-Agent/snap/local) by extensions ['colcon_pkg']
[0.884s] Level 1:colcon.colcon_core.package_identification:_identify(src/uros/micro-ROS-Agent/snap/local) by extension 'colcon_pkg'
[0.884s] Level 1:colcon.colcon_core.package_identification:_identify(src/uros/micro-ROS-Agent/snap/local) by extensions ['colcon_meta']
[0.884s] Level 1:colcon.colcon_core.package_identification:_identify(src/uros/micro-ROS-Agent/snap/local) by extension 'colcon_meta'
[0.884s] Level 1:colcon.colcon_core.package_identification:_identify(src/uros/micro-ROS-Agent/snap/local) by extensions ['ros']
[0.884s] Level 1:colcon.colcon_core.package_identification:_identify(src/uros/micro-ROS-Agent/snap/local) by extension 'ros'
[0.884s] Level 1:colcon.colcon_core.package_identification:_identify(src/uros/micro-ROS-Agent/snap/local) by extensions ['cmake', 'python']
[0.884s] Level 1:colcon.colcon_core.package_identification:_identify(src/uros/micro-ROS-Agent/snap/local) by extension 'cmake'
[0.884s] Level 1:colcon.colcon_core.package_identification:_identify(src/uros/micro-ROS-Agent/snap/local) by extension 'python'
[0.884s] Level 1:colcon.colcon_core.package_identification:_identify(src/uros/micro-ROS-Agent/snap/local) by extensions ['python_setup_py']
[0.884s] Level 1:colcon.colcon_core.package_identification:_identify(src/uros/micro-ROS-Agent/snap/local) by extension 'python_setup_py'
[0.884s] Level 1:colcon.colcon_core.package_identification:_identify(src/uros/micro_ros_msgs) by extensions ['ignore', 'ignore_ament_install']
[0.884s] Level 1:colcon.colcon_core.package_identification:_identify(src/uros/micro_ros_msgs) by extension 'ignore'
[0.884s] Level 1:colcon.colcon_core.package_identification:_identify(src/uros/micro_ros_msgs) by extension 'ignore_ament_install'
[0.884s] Level 1:colcon.colcon_core.package_identification:_identify(src/uros/micro_ros_msgs) by extensions ['colcon_pkg']
[0.884s] Level 1:colcon.colcon_core.package_identification:_identify(src/uros/micro_ros_msgs) by extension 'colcon_pkg'
[0.884s] Level 1:colcon.colcon_core.package_identification:_identify(src/uros/micro_ros_msgs) by extensions ['colcon_meta']
[0.884s] Level 1:colcon.colcon_core.package_identification:_identify(src/uros/micro_ros_msgs) by extension 'colcon_meta'
[0.884s] Level 1:colcon.colcon_core.package_identification:_identify(src/uros/micro_ros_msgs) by extensions ['ros']
[0.884s] Level 1:colcon.colcon_core.package_identification:_identify(src/uros/micro_ros_msgs) by extension 'ros'
[0.884s] DEBUG:colcon.colcon_core.package_identification:Package 'src/uros/micro_ros_msgs' with type 'ros.ament_cmake' and name 'micro_ros_msgs'
[0.885s] Level 1:colcon.colcon_core.package_discovery:discover_packages(recursive) using defaults
[0.885s] Level 1:colcon.colcon_core.package_discovery:discover_packages(ignore) discover
[0.885s] Level 1:colcon.colcon_core.package_discovery:discover_packages(ignore) using defaults
[0.885s] Level 1:colcon.colcon_core.package_discovery:discover_packages(path) discover
[0.885s] Level 1:colcon.colcon_core.package_discovery:discover_packages(path) using defaults
[0.960s] Level 1:colcon.colcon_core.package_discovery:discover_packages(prefix_path) check parameters
[0.960s] Level 1:colcon.colcon_core.package_discovery:discover_packages(prefix_path) discover
[0.973s] WARNING:colcon.colcon_ros.prefix_path.ament:The path '/home/tanakon/FRA532EXAM_31_62_WS/install/micro_ros_setup' in the environment variable AMENT_PREFIX_PATH doesn't exist
[0.973s] WARNING:colcon.colcon_ros.prefix_path.ament:The path '/home/tanakon/FRA532EXAM_31_62_WS/install/micro_ros_agent' in the environment variable AMENT_PREFIX_PATH doesn't exist
[0.973s] WARNING:colcon.colcon_ros.prefix_path.ament:The path '/home/tanakon/FRA532EXAM_31_62_WS/install/micro_ros_msgs' in the environment variable AMENT_PREFIX_PATH doesn't exist
[0.974s] WARNING:colcon.colcon_ros.prefix_path.catkin:The path '/home/tanakon/FRA532EXAM_31_62_WS/install/micro_ros_setup' in the environment variable CMAKE_PREFIX_PATH doesn't exist
[0.974s] WARNING:colcon.colcon_ros.prefix_path.catkin:The path '/home/tanakon/FRA532EXAM_31_62_WS/install/micro_ros_agent' in the environment variable CMAKE_PREFIX_PATH doesn't exist
[0.974s] WARNING:colcon.colcon_ros.prefix_path.catkin:The path '/home/tanakon/FRA532EXAM_31_62_WS/install/micro_ros_msgs' in the environment variable CMAKE_PREFIX_PATH doesn't exist
[0.987s] DEBUG:colcon.colcon_installed_package_information.package_discovery:Found 0 installed packages in /home/tanakon/FRA532EXAM_31_62_WS/install
[1.011s] DEBUG:colcon.colcon_installed_package_information.package_discovery:Found 18 installed packages in /home/tanakon/carver_outdoor_ws/install
[1.023s] DEBUG:colcon.colcon_installed_package_information.package_discovery:Found 4 installed packages in /home/tanakon/FRA501_exam1_6414_6462/install
[1.035s] DEBUG:colcon.colcon_installed_package_information.package_discovery:Found 12 installed packages in /home/tanakon/fra501_ws/install
[1.046s] DEBUG:colcon.colcon_installed_package_information.package_discovery:Found 3 installed packages in /home/tanakon/FRA532EXAM_WS/install
[1.058s] DEBUG:colcon.colcon_installed_package_information.package_discovery:Found 7 installed packages in /home/tanakon/fra532_ws/install
[1.071s] DEBUG:colcon.colcon_installed_package_information.package_discovery:Found 389 installed packages in /opt/ros/humble
[1.072s] Level 1:colcon.colcon_core.package_discovery:discover_packages(prefix_path) using defaults
[1.153s] Level 5:colcon.colcon_core.verb:set package 'micro_ros_msgs' build argument 'cmake_args' from command line to 'None'
[1.153s] Level 5:colcon.colcon_core.verb:set package 'micro_ros_msgs' build argument 'cmake_target' from command line to 'None'
[1.153s] Level 5:colcon.colcon_core.verb:set package 'micro_ros_msgs' build argument 'cmake_target_skip_unavailable' from command line to 'False'
[1.153s] Level 5:colcon.colcon_core.verb:set package 'micro_ros_msgs' build argument 'cmake_clean_cache' from command line to 'False'
[1.153s] Level 5:colcon.colcon_core.verb:set package 'micro_ros_msgs' build argument 'cmake_clean_first' from command line to 'False'
[1.153s] Level 5:colcon.colcon_core.verb:set package 'micro_ros_msgs' build argument 'cmake_force_configure' from command line to 'False'
[1.153s] Level 5:colcon.colcon_core.verb:set package 'micro_ros_msgs' build argument 'ament_cmake_args' from command line to 'None'
[1.153s] Level 5:colcon.colcon_core.verb:set package 'micro_ros_msgs' build argument 'catkin_cmake_args' from command line to 'None'
[1.153s] Level 5:colcon.colcon_core.verb:set package 'micro_ros_msgs' build argument 'catkin_skip_building_tests' from command line to 'False'
[1.153s] DEBUG:colcon.colcon_core.verb:Building package 'micro_ros_msgs' with the following arguments: {'ament_cmake_args': None, 'build_base': '/home/tanakon/FRA532EXAM_31_62_WS/build/micro_ros_msgs', 'catkin_cmake_args': None, 'catkin_skip_building_tests': False, 'cmake_args': None, 'cmake_clean_cache': False, 'cmake_clean_first': False, 'cmake_force_configure': False, 'cmake_target': None, 'cmake_target_skip_unavailable': False, 'install_base': '/home/tanakon/FRA532EXAM_31_62_WS/install/micro_ros_msgs', 'merge_install': False, 'path': '/home/tanakon/FRA532EXAM_31_62_WS/src/uros/micro_ros_msgs', 'symlink_install': False, 'test_result_base': None}
[1.165s] Level 5:colcon.colcon_core.verb:set package 'micro_ros_setup' build argument 'cmake_args' from command line to 'None'
[1.165s] Level 5:colcon.colcon_core.verb:set package 'micro_ros_setup' build argument 'cmake_target' from command line to 'None'
[1.165s] Level 5:colcon.colcon_core.verb:set package 'micro_ros_setup' build argument 'cmake_target_skip_unavailable' from command line to 'False'
[1.166s] Level 5:colcon.colcon_core.verb:set package 'micro_ros_setup' build argument 'cmake_clean_cache' from command line to 'False'
[1.166s] Level 5:colcon.colcon_core.verb:set package 'micro_ros_setup' build argument 'cmake_clean_first' from command line to 'False'
[1.166s] Level 5:colcon.colcon_core.verb:set package 'micro_ros_setup' build argument 'cmake_force_configure' from command line to 'False'
[1.166s] Level 5:colcon.colcon_core.verb:set package 'micro_ros_setup' build argument 'ament_cmake_args' from command line to 'None'
[1.166s] Level 5:colcon.colcon_core.verb:set package 'micro_ros_setup' build argument 'catkin_cmake_args' from command line to 'None'
[1.166s] Level 5:colcon.colcon_core.verb:set package 'micro_ros_setup' build argument 'catkin_skip_building_tests' from command line to 'False'
[1.166s] DEBUG:colcon.colcon_core.verb:Building package 'micro_ros_setup' with the following arguments: {'ament_cmake_args': None, 'build_base': '/home/tanakon/FRA532EXAM_31_62_WS/build/micro_ros_setup', 'catkin_cmake_args': None, 'catkin_skip_building_tests': False, 'cmake_args': None, 'cmake_clean_cache': False, 'cmake_clean_first': False, 'cmake_force_configure': False, 'cmake_target': None, 'cmake_target_skip_unavailable': False, 'install_base': '/home/tanakon/FRA532EXAM_31_62_WS/install/micro_ros_setup', 'merge_install': False, 'path': '/home/tanakon/FRA532EXAM_31_62_WS/src/micro_ros_setup', 'symlink_install': False, 'test_result_base': None}
[1.178s] Level 5:colcon.colcon_core.verb:set package 'micro_ros_agent' build argument 'cmake_args' from command line to 'None'
[1.178s] Level 5:colcon.colcon_core.verb:set package 'micro_ros_agent' build argument 'cmake_target' from command line to 'None'
[1.178s] Level 5:colcon.colcon_core.verb:set package 'micro_ros_agent' build argument 'cmake_target_skip_unavailable' from command line to 'False'
[1.178s] Level 5:colcon.colcon_core.verb:set package 'micro_ros_agent' build argument 'cmake_clean_cache' from command line to 'False'
[1.178s] Level 5:colcon.colcon_core.verb:set package 'micro_ros_agent' build argument 'cmake_clean_first' from command line to 'False'
[1.178s] Level 5:colcon.colcon_core.verb:set package 'micro_ros_agent' build argument 'cmake_force_configure' from command line to 'False'
[1.178s] Level 5:colcon.colcon_core.verb:set package 'micro_ros_agent' build argument 'ament_cmake_args' from command line to 'None'
[1.178s] Level 5:colcon.colcon_core.verb:set package 'micro_ros_agent' build argument 'catkin_cmake_args' from command line to 'None'
[1.178s] Level 5:colcon.colcon_core.verb:set package 'micro_ros_agent' build argument 'catkin_skip_building_tests' from command line to 'False'
[1.178s] DEBUG:colcon.colcon_core.verb:Building package 'micro_ros_agent' with the following arguments: {'ament_cmake_args': None, 'build_base': '/home/tanakon/FRA532EXAM_31_62_WS/build/micro_ros_agent', 'catkin_cmake_args': None, 'catkin_skip_building_tests': False, 'cmake_args': None, 'cmake_clean_cache': False, 'cmake_clean_first': False, 'cmake_force_configure': False, 'cmake_target': None, 'cmake_target_skip_unavailable': False, 'install_base': '/home/tanakon/FRA532EXAM_31_62_WS/install/micro_ros_agent', 'merge_install': False, 'path': '/home/tanakon/FRA532EXAM_31_62_WS/src/uros/micro-ROS-Agent/micro_ros_agent', 'symlink_install': False, 'test_result_base': None}
[1.190s] INFO:colcon.colcon_core.executor:Executing jobs using 'parallel' executor
[1.203s] DEBUG:colcon.colcon_parallel_executor.executor.parallel:run_until_complete
[1.203s] INFO:colcon.colcon_ros.task.ament_cmake.build:Building ROS package in '/home/tanakon/FRA532EXAM_31_62_WS/src/uros/micro_ros_msgs' with build type 'ament_cmake'
[1.203s] INFO:colcon.colcon_cmake.task.cmake.build:Building CMake package in '/home/tanakon/FRA532EXAM_31_62_WS/src/uros/micro_ros_msgs'
[1.216s] INFO:colcon.colcon_core.plugin_system:Skipping extension 'colcon_core.shell.bat': Not used on non-Windows systems
[1.216s] INFO:colcon.colcon_core.shell:Skip shell extension 'powershell' for command environment: Not usable outside of PowerShell
[1.216s] DEBUG:colcon.colcon_core.shell:Skip shell extension 'dsv' for command environment
[1.315s] INFO:colcon.colcon_ros.task.ament_cmake.build:Building ROS package in '/home/tanakon/FRA532EXAM_31_62_WS/src/micro_ros_setup' with build type 'ament_cmake'
[1.315s] INFO:colcon.colcon_cmake.task.cmake.build:Building CMake package in '/home/tanakon/FRA532EXAM_31_62_WS/src/micro_ros_setup'
[1.328s] INFO:colcon.colcon_core.shell:Skip shell extension 'powershell' for command environment: Not usable outside of PowerShell
[1.328s] DEBUG:colcon.colcon_core.shell:Skip shell extension 'dsv' for command environment
[1.429s] DEBUG:colcon.colcon_core.event_handler.log_command:Invoking command in '/home/tanakon/FRA532EXAM_31_62_WS/build/micro_ros_msgs': CMAKE_PREFIX_PATH=${CMAKE_PREFIX_PATH}:/home/tanakon/carver_outdoor_ws/install/ackermann_odometry:/home/tanakon/carver_outdoor_ws/install/ackermann_controller:/opt/ros/humble /usr/bin/cmake /home/tanakon/FRA532EXAM_31_62_WS/src/uros/micro_ros_msgs -DCMAKE_INSTALL_PREFIX=/home/tanakon/FRA532EXAM_31_62_WS/install/micro_ros_msgs
[1.434s] DEBUG:colcon.colcon_core.event_handler.log_command:Invoking command in '/home/tanakon/FRA532EXAM_31_62_WS/build/micro_ros_setup': CMAKE_PREFIX_PATH=${CMAKE_PREFIX_PATH}:/home/tanakon/carver_outdoor_ws/install/ackermann_odometry:/home/tanakon/carver_outdoor_ws/install/ackermann_controller:/opt/ros/humble /usr/bin/cmake /home/tanakon/FRA532EXAM_31_62_WS/src/micro_ros_setup -DCMAKE_INSTALL_PREFIX=/home/tanakon/FRA532EXAM_31_62_WS/install/micro_ros_setup
[2.156s] DEBUG:colcon.colcon_core.event_handler.log_command:Invoked command in '/home/tanakon/FRA532EXAM_31_62_WS/build/micro_ros_setup' returned '0': CMAKE_PREFIX_PATH=${CMAKE_PREFIX_PATH}:/home/tanakon/carver_outdoor_ws/install/ackermann_odometry:/home/tanakon/carver_outdoor_ws/install/ackermann_controller:/opt/ros/humble /usr/bin/cmake /home/tanakon/FRA532EXAM_31_62_WS/src/micro_ros_setup -DCMAKE_INSTALL_PREFIX=/home/tanakon/FRA532EXAM_31_62_WS/install/micro_ros_setup
[2.157s] DEBUG:colcon.colcon_core.event_handler.log_command:Invoking command in '/home/tanakon/FRA532EXAM_31_62_WS/build/micro_ros_setup': CMAKE_PREFIX_PATH=${CMAKE_PREFIX_PATH}:/home/tanakon/carver_outdoor_ws/install/ackermann_odometry:/home/tanakon/carver_outdoor_ws/install/ackermann_controller:/opt/ros/humble /usr/bin/cmake --build /home/tanakon/FRA532EXAM_31_62_WS/build/micro_ros_setup -- -j16 -l16
[2.196s] DEBUG:colcon.colcon_core.event_handler.log_command:Invoked command in '/home/tanakon/FRA532EXAM_31_62_WS/build/micro_ros_setup' returned '0': CMAKE_PREFIX_PATH=${CMAKE_PREFIX_PATH}:/home/tanakon/carver_outdoor_ws/install/ackermann_odometry:/home/tanakon/carver_outdoor_ws/install/ackermann_controller:/opt/ros/humble /usr/bin/cmake --build /home/tanakon/FRA532EXAM_31_62_WS/build/micro_ros_setup -- -j16 -l16
[2.234s] DEBUG:colcon.colcon_core.event_handler.log_command:Invoking command in '/home/tanakon/FRA532EXAM_31_62_WS/build/micro_ros_setup': CMAKE_PREFIX_PATH=${CMAKE_PREFIX_PATH}:/home/tanakon/carver_outdoor_ws/install/ackermann_odometry:/home/tanakon/carver_outdoor_ws/install/ackermann_controller:/opt/ros/humble /usr/bin/cmake --install /home/tanakon/FRA532EXAM_31_62_WS/build/micro_ros_setup
[2.260s] Level 1:colcon.colcon_core.environment:create_environment_scripts_only(micro_ros_setup)
[2.260s] DEBUG:colcon.colcon_core.event_handler.log_command:Invoked command in '/home/tanakon/FRA532EXAM_31_62_WS/build/micro_ros_setup' returned '0': CMAKE_PREFIX_PATH=${CMAKE_PREFIX_PATH}:/home/tanakon/carver_outdoor_ws/install/ackermann_odometry:/home/tanakon/carver_outdoor_ws/install/ackermann_controller:/opt/ros/humble /usr/bin/cmake --install /home/tanakon/FRA532EXAM_31_62_WS/build/micro_ros_setup
[2.275s] Level 1:colcon.colcon_core.environment:checking '/home/tanakon/FRA532EXAM_31_62_WS/install/micro_ros_setup' for CMake module files
[2.275s] Level 1:colcon.colcon_core.environment:checking '/home/tanakon/FRA532EXAM_31_62_WS/install/micro_ros_setup' for CMake config files
[2.275s] Level 1:colcon.colcon_core.shell:create_environment_hook('micro_ros_setup', 'cmake_prefix_path')
[2.287s] INFO:colcon.colcon_core.shell:Creating environment hook '/home/tanakon/FRA532EXAM_31_62_WS/install/micro_ros_setup/share/micro_ros_setup/hook/cmake_prefix_path.ps1'
[2.288s] INFO:colcon.colcon_core.shell:Creating environment descriptor '/home/tanakon/FRA532EXAM_31_62_WS/install/micro_ros_setup/share/micro_ros_setup/hook/cmake_prefix_path.dsv'
[2.288s] INFO:colcon.colcon_core.shell:Creating environment hook '/home/tanakon/FRA532EXAM_31_62_WS/install/micro_ros_setup/share/micro_ros_setup/hook/cmake_prefix_path.sh'
[2.288s] Level 1:colcon.colcon_core.environment:checking '/home/tanakon/FRA532EXAM_31_62_WS/install/micro_ros_setup/lib'
[2.289s] Level 1:colcon.colcon_core.environment:checking '/home/tanakon/FRA532EXAM_31_62_WS/install/micro_ros_setup/bin'
[2.289s] Level 1:colcon.colcon_core.environment:checking '/home/tanakon/FRA532EXAM_31_62_WS/install/micro_ros_setup/lib/pkgconfig/micro_ros_setup.pc'
[2.289s] Level 1:colcon.colcon_core.environment:checking '/home/tanakon/FRA532EXAM_31_62_WS/install/micro_ros_setup/lib/python3.10/site-packages'
[2.289s] Level 1:colcon.colcon_core.environment:checking '/home/tanakon/FRA532EXAM_31_62_WS/install/micro_ros_setup/bin'
[2.301s] INFO:colcon.colcon_core.shell:Creating package script '/home/tanakon/FRA532EXAM_31_62_WS/install/micro_ros_setup/share/micro_ros_setup/package.ps1'
[2.301s] INFO:colcon.colcon_core.shell:Creating package descriptor '/home/tanakon/FRA532EXAM_31_62_WS/install/micro_ros_setup/share/micro_ros_setup/package.dsv'
[2.302s] INFO:colcon.colcon_core.shell:Creating package script '/home/tanakon/FRA532EXAM_31_62_WS/install/micro_ros_setup/share/micro_ros_setup/package.sh'
[2.302s] INFO:colcon.colcon_core.shell:Creating package script '/home/tanakon/FRA532EXAM_31_62_WS/install/micro_ros_setup/share/micro_ros_setup/package.bash'
[2.303s] INFO:colcon.colcon_core.shell:Creating package script '/home/tanakon/FRA532EXAM_31_62_WS/install/micro_ros_setup/share/micro_ros_setup/package.zsh'
[2.303s] Level 1:colcon.colcon_core.environment:create_file_with_runtime_dependencies(/home/tanakon/FRA532EXAM_31_62_WS/install/micro_ros_setup/share/colcon-core/packages/micro_ros_setup)
[2.344s] Level 1:colcon.colcon_core.environment:create_environment_scripts_only(micro_ros_setup)
[2.356s] Level 1:colcon.colcon_core.environment:checking '/home/tanakon/FRA532EXAM_31_62_WS/install/micro_ros_setup' for CMake module files
[2.356s] Level 1:colcon.colcon_core.environment:checking '/home/tanakon/FRA532EXAM_31_62_WS/install/micro_ros_setup' for CMake config files
[2.356s] Level 1:colcon.colcon_core.shell:create_environment_hook('micro_ros_setup', 'cmake_prefix_path')
[2.368s] INFO:colcon.colcon_core.shell:Creating environment hook '/home/tanakon/FRA532EXAM_31_62_WS/install/micro_ros_setup/share/micro_ros_setup/hook/cmake_prefix_path.ps1'
[2.369s] INFO:colcon.colcon_core.shell:Creating environment descriptor '/home/tanakon/FRA532EXAM_31_62_WS/install/micro_ros_setup/share/micro_ros_setup/hook/cmake_prefix_path.dsv'
[2.369s] INFO:colcon.colcon_core.shell:Creating environment hook '/home/tanakon/FRA532EXAM_31_62_WS/install/micro_ros_setup/share/micro_ros_setup/hook/cmake_prefix_path.sh'
[2.369s] Level 1:colcon.colcon_core.environment:checking '/home/tanakon/FRA532EXAM_31_62_WS/install/micro_ros_setup/lib'
[2.369s] Level 1:colcon.colcon_core.environment:checking '/home/tanakon/FRA532EXAM_31_62_WS/install/micro_ros_setup/bin'
[2.369s] Level 1:colcon.colcon_core.environment:checking '/home/tanakon/FRA532EXAM_31_62_WS/install/micro_ros_setup/lib/pkgconfig/micro_ros_setup.pc'
[2.369s] Level 1:colcon.colcon_core.environment:checking '/home/tanakon/FRA532EXAM_31_62_WS/install/micro_ros_setup/lib/python3.10/site-packages'
[2.370s] Level 1:colcon.colcon_core.environment:checking '/home/tanakon/FRA532EXAM_31_62_WS/install/micro_ros_setup/bin'
[2.382s] INFO:colcon.colcon_core.shell:Creating package script '/home/tanakon/FRA532EXAM_31_62_WS/install/micro_ros_setup/share/micro_ros_setup/package.ps1'
[2.382s] INFO:colcon.colcon_core.shell:Creating package descriptor '/home/tanakon/FRA532EXAM_31_62_WS/install/micro_ros_setup/share/micro_ros_setup/package.dsv'
[2.383s] INFO:colcon.colcon_core.shell:Creating package script '/home/tanakon/FRA532EXAM_31_62_WS/install/micro_ros_setup/share/micro_ros_setup/package.sh'
[2.383s] INFO:colcon.colcon_core.shell:Creating package script '/home/tanakon/FRA532EXAM_31_62_WS/install/micro_ros_setup/share/micro_ros_setup/package.bash'
[2.383s] INFO:colcon.colcon_core.shell:Creating package script '/home/tanakon/FRA532EXAM_31_62_WS/install/micro_ros_setup/share/micro_ros_setup/package.zsh'
[2.384s] Level 1:colcon.colcon_core.environment:create_file_with_runtime_dependencies(/home/tanakon/FRA532EXAM_31_62_WS/install/micro_ros_setup/share/colcon-core/packages/micro_ros_setup)
[3.029s] DEBUG:colcon.colcon_core.event_handler.log_command:Invoked command in '/home/tanakon/FRA532EXAM_31_62_WS/build/micro_ros_msgs' returned '0': CMAKE_PREFIX_PATH=${CMAKE_PREFIX_PATH}:/home/tanakon/carver_outdoor_ws/install/ackermann_odometry:/home/tanakon/carver_outdoor_ws/install/ackermann_controller:/opt/ros/humble /usr/bin/cmake /home/tanakon/FRA532EXAM_31_62_WS/src/uros/micro_ros_msgs -DCMAKE_INSTALL_PREFIX=/home/tanakon/FRA532EXAM_31_62_WS/install/micro_ros_msgs
[3.029s] DEBUG:colcon.colcon_core.event_handler.log_command:Invoking command in '/home/tanakon/FRA532EXAM_31_62_WS/build/micro_ros_msgs': CMAKE_PREFIX_PATH=${CMAKE_PREFIX_PATH}:/home/tanakon/carver_outdoor_ws/install/ackermann_odometry:/home/tanakon/carver_outdoor_ws/install/ackermann_controller:/opt/ros/humble /usr/bin/cmake --build /home/tanakon/FRA532EXAM_31_62_WS/build/micro_ros_msgs -- -j16 -l16
[4.869s] DEBUG:colcon.colcon_core.event_handler.log_command:Invoked command in '/home/tanakon/FRA532EXAM_31_62_WS/build/micro_ros_msgs' returned '0': CMAKE_PREFIX_PATH=${CMAKE_PREFIX_PATH}:/home/tanakon/carver_outdoor_ws/install/ackermann_odometry:/home/tanakon/carver_outdoor_ws/install/ackermann_controller:/opt/ros/humble /usr/bin/cmake --build /home/tanakon/FRA532EXAM_31_62_WS/build/micro_ros_msgs -- -j16 -l16
[5.009s] DEBUG:colcon.colcon_core.event_handler.log_command:Invoking command in '/home/tanakon/FRA532EXAM_31_62_WS/build/micro_ros_msgs': CMAKE_PREFIX_PATH=${CMAKE_PREFIX_PATH}:/home/tanakon/carver_outdoor_ws/install/ackermann_odometry:/home/tanakon/carver_outdoor_ws/install/ackermann_controller:/opt/ros/humble /usr/bin/cmake --install /home/tanakon/FRA532EXAM_31_62_WS/build/micro_ros_msgs
[5.078s] Level 1:colcon.colcon_core.environment:create_environment_scripts_only(micro_ros_msgs)
[5.078s] DEBUG:colcon.colcon_core.event_handler.log_command:Invoked command in '/home/tanakon/FRA532EXAM_31_62_WS/build/micro_ros_msgs' returned '0': CMAKE_PREFIX_PATH=${CMAKE_PREFIX_PATH}:/home/tanakon/carver_outdoor_ws/install/ackermann_odometry:/home/tanakon/carver_outdoor_ws/install/ackermann_controller:/opt/ros/humble /usr/bin/cmake --install /home/tanakon/FRA532EXAM_31_62_WS/build/micro_ros_msgs
[5.090s] Level 1:colcon.colcon_core.environment:checking '/home/tanakon/FRA532EXAM_31_62_WS/install/micro_ros_msgs' for CMake module files
[5.091s] Level 1:colcon.colcon_core.environment:checking '/home/tanakon/FRA532EXAM_31_62_WS/install/micro_ros_msgs' for CMake config files
[5.091s] Level 1:colcon.colcon_core.shell:create_environment_hook('micro_ros_msgs', 'cmake_prefix_path')
[5.103s] INFO:colcon.colcon_core.shell:Creating environment hook '/home/tanakon/FRA532EXAM_31_62_WS/install/micro_ros_msgs/share/micro_ros_msgs/hook/cmake_prefix_path.ps1'
[5.103s] INFO:colcon.colcon_core.shell:Creating environment descriptor '/home/tanakon/FRA532EXAM_31_62_WS/install/micro_ros_msgs/share/micro_ros_msgs/hook/cmake_prefix_path.dsv'
[5.103s] INFO:colcon.colcon_core.shell:Creating environment hook '/home/tanakon/FRA532EXAM_31_62_WS/install/micro_ros_msgs/share/micro_ros_msgs/hook/cmake_prefix_path.sh'
[5.104s] Level 1:colcon.colcon_core.environment:checking '/home/tanakon/FRA532EXAM_31_62_WS/install/micro_ros_msgs/lib'
[5.104s] Level 1:colcon.colcon_core.shell:create_environment_hook('micro_ros_msgs', 'ld_library_path_lib')
[5.116s] INFO:colcon.colcon_core.shell:Creating environment hook '/home/tanakon/FRA532EXAM_31_62_WS/install/micro_ros_msgs/share/micro_ros_msgs/hook/ld_library_path_lib.ps1'
[5.116s] INFO:colcon.colcon_core.shell:Creating environment descriptor '/home/tanakon/FRA532EXAM_31_62_WS/install/micro_ros_msgs/share/micro_ros_msgs/hook/ld_library_path_lib.dsv'
[5.116s] INFO:colcon.colcon_core.shell:Creating environment hook '/home/tanakon/FRA532EXAM_31_62_WS/install/micro_ros_msgs/share/micro_ros_msgs/hook/ld_library_path_lib.sh'
[5.116s] Level 1:colcon.colcon_core.environment:checking '/home/tanakon/FRA532EXAM_31_62_WS/install/micro_ros_msgs/bin'
[5.116s] Level 1:colcon.colcon_core.environment:checking '/home/tanakon/FRA532EXAM_31_62_WS/install/micro_ros_msgs/lib/pkgconfig/micro_ros_msgs.pc'
[5.116s] Level 1:colcon.colcon_core.environment:checking '/home/tanakon/FRA532EXAM_31_62_WS/install/micro_ros_msgs/lib/python3.10/site-packages'
[5.117s] Level 1:colcon.colcon_core.environment:checking '/home/tanakon/FRA532EXAM_31_62_WS/install/micro_ros_msgs/bin'
[5.128s] INFO:colcon.colcon_core.shell:Creating package script '/home/tanakon/FRA532EXAM_31_62_WS/install/micro_ros_msgs/share/micro_ros_msgs/package.ps1'
[5.129s] INFO:colcon.colcon_core.shell:Creating package descriptor '/home/tanakon/FRA532EXAM_31_62_WS/install/micro_ros_msgs/share/micro_ros_msgs/package.dsv'
[5.129s] INFO:colcon.colcon_core.shell:Creating package script '/home/tanakon/FRA532EXAM_31_62_WS/install/micro_ros_msgs/share/micro_ros_msgs/package.sh'
[5.129s] INFO:colcon.colcon_core.shell:Creating package script '/home/tanakon/FRA532EXAM_31_62_WS/install/micro_ros_msgs/share/micro_ros_msgs/package.bash'
[5.129s] INFO:colcon.colcon_core.shell:Creating package script '/home/tanakon/FRA532EXAM_31_62_WS/install/micro_ros_msgs/share/micro_ros_msgs/package.zsh'
[5.130s] Level 1:colcon.colcon_core.environment:create_file_with_runtime_dependencies(/home/tanakon/FRA532EXAM_31_62_WS/install/micro_ros_msgs/share/colcon-core/packages/micro_ros_msgs)
[5.283s] Level 1:colcon.colcon_core.environment:create_environment_scripts_only(micro_ros_msgs)
[5.294s] Level 1:colcon.colcon_core.environment:checking '/home/tanakon/FRA532EXAM_31_62_WS/install/micro_ros_msgs' for CMake module files
[5.295s] Level 1:colcon.colcon_core.environment:checking '/home/tanakon/FRA532EXAM_31_62_WS/install/micro_ros_msgs' for CMake config files
[5.295s] Level 1:colcon.colcon_core.shell:create_environment_hook('micro_ros_msgs', 'cmake_prefix_path')
[5.307s] INFO:colcon.colcon_core.shell:Creating environment hook '/home/tanakon/FRA532EXAM_31_62_WS/install/micro_ros_msgs/share/micro_ros_msgs/hook/cmake_prefix_path.ps1'
[5.307s] INFO:colcon.colcon_core.shell:Creating environment descriptor '/home/tanakon/FRA532EXAM_31_62_WS/install/micro_ros_msgs/share/micro_ros_msgs/hook/cmake_prefix_path.dsv'
[5.307s] INFO:colcon.colcon_core.shell:Creating environment hook '/home/tanakon/FRA532EXAM_31_62_WS/install/micro_ros_msgs/share/micro_ros_msgs/hook/cmake_prefix_path.sh'
[5.308s] Level 1:colcon.colcon_core.environment:checking '/home/tanakon/FRA532EXAM_31_62_WS/install/micro_ros_msgs/lib'
[5.308s] Level 1:colcon.colcon_core.shell:create_environment_hook('micro_ros_msgs', 'ld_library_path_lib')
[5.319s] INFO:colcon.colcon_core.shell:Creating environment hook '/home/tanakon/FRA532EXAM_31_62_WS/install/micro_ros_msgs/share/micro_ros_msgs/hook/ld_library_path_lib.ps1'
[5.320s] INFO:colcon.colcon_core.shell:Creating environment descriptor '/home/tanakon/FRA532EXAM_31_62_WS/install/micro_ros_msgs/share/micro_ros_msgs/hook/ld_library_path_lib.dsv'
[5.320s] INFO:colcon.colcon_core.shell:Creating environment hook '/home/tanakon/FRA532EXAM_31_62_WS/install/micro_ros_msgs/share/micro_ros_msgs/hook/ld_library_path_lib.sh'
[5.320s] Level 1:colcon.colcon_core.environment:checking '/home/tanakon/FRA532EXAM_31_62_WS/install/micro_ros_msgs/bin'
[5.320s] Level 1:colcon.colcon_core.environment:checking '/home/tanakon/FRA532EXAM_31_62_WS/install/micro_ros_msgs/lib/pkgconfig/micro_ros_msgs.pc'
[5.320s] Level 1:colcon.colcon_core.environment:checking '/home/tanakon/FRA532EXAM_31_62_WS/install/micro_ros_msgs/lib/python3.10/site-packages'
[5.320s] Level 1:colcon.colcon_core.environment:checking '/home/tanakon/FRA532EXAM_31_62_WS/install/micro_ros_msgs/bin'
[5.332s] INFO:colcon.colcon_core.shell:Creating package script '/home/tanakon/FRA532EXAM_31_62_WS/install/micro_ros_msgs/share/micro_ros_msgs/package.ps1'
[5.332s] INFO:colcon.colcon_core.shell:Creating package descriptor '/home/tanakon/FRA532EXAM_31_62_WS/install/micro_ros_msgs/share/micro_ros_msgs/package.dsv'
[5.333s] INFO:colcon.colcon_core.shell:Creating package script '/home/tanakon/FRA532EXAM_31_62_WS/install/micro_ros_msgs/share/micro_ros_msgs/package.sh'
[5.333s] INFO:colcon.colcon_core.shell:Creating package script '/home/tanakon/FRA532EXAM_31_62_WS/install/micro_ros_msgs/share/micro_ros_msgs/package.bash'
[5.333s] INFO:colcon.colcon_core.shell:Creating package script '/home/tanakon/FRA532EXAM_31_62_WS/install/micro_ros_msgs/share/micro_ros_msgs/package.zsh'
[5.333s] Level 1:colcon.colcon_core.environment:create_file_with_runtime_dependencies(/home/tanakon/FRA532EXAM_31_62_WS/install/micro_ros_msgs/share/colcon-core/packages/micro_ros_msgs)
[5.334s] INFO:colcon.colcon_ros.task.ament_cmake.build:Building ROS package in '/home/tanakon/FRA532EXAM_31_62_WS/src/uros/micro-ROS-Agent/micro_ros_agent' with build type 'ament_cmake'
[5.334s] INFO:colcon.colcon_cmake.task.cmake.build:Building CMake package in '/home/tanakon/FRA532EXAM_31_62_WS/src/uros/micro-ROS-Agent/micro_ros_agent'
[5.347s] INFO:colcon.colcon_core.shell:Skip shell extension 'powershell' for command environment: Not usable outside of PowerShell
[5.347s] DEBUG:colcon.colcon_core.shell:Skip shell extension 'dsv' for command environment
[5.466s] DEBUG:colcon.colcon_core.event_handler.log_command:Invoking command in '/home/tanakon/FRA532EXAM_31_62_WS/build/micro_ros_agent': CMAKE_PREFIX_PATH=/home/tanakon/FRA532EXAM_31_62_WS/install/micro_ros_msgs:/home/tanakon/FRA532EXAM_31_62_WS/install/micro_ros_setup:/home/tanakon/FRA532EXAM_31_62_WS/install/micro_ros_agent:/home/tanakon/fra532_ws/install/vff_avoidance:/home/tanakon/fra532_ws/install/ur5_ros2_gazebo:/home/tanakon/fra532_ws/install/robot_control:/home/tanakon/fra532_ws/install/megarover_samples_ros2:/home/tanakon/fra532_ws/install/lab1:/home/tanakon/fra532_ws/install/carver_navigation:/home/tanakon/fra532_ws/install/calibration_gen:/home/tanakon/carver_outdoor_ws/install/twist_mux:/home/tanakon/carver_outdoor_ws/install/ros2_laser_scan_merger:/home/tanakon/carver_outdoor_ws/install/robot_localization:/home/tanakon/carver_outdoor_ws/install/realsense2_description:/home/tanakon/carver_outdoor_ws/install/realsense2_camera_msgs:/home/tanakon/carver_outdoor_ws/install/pointcloud_to_laserscan:/home/tanakon/carver_outdoor_ws/install/ldlidar:/home/tanakon/carver_outdoor_ws/install/carver_navigation:/home/tanakon/carver_outdoor_ws/install/carver_mqtt:/home/tanakon/carver_outdoor_ws/install/carver_imu:/home/tanakon/carver_outdoor_ws/install/carver_gps:/home/tanakon/carver_outdoor_ws/install/carver_esp32:/home/tanakon/carver_outdoor_ws/install/carver_description:/home/tanakon/carver_outdoor_ws/install/carver_bringup:/home/tanakon/carver_outdoor_ws/install/ackermann_interfaces:/home/tanakon/FRA532EXAM_WS/install/micro_ros_setup:/home/tanakon/FRA532EXAM_WS/install/micro_ros_agent:/home/tanakon/FRA532EXAM_WS/install/micro_ros_msgs:/home/tanakon/fra501_ws/install/xicro_pkg:/home/tanakon/fra501_ws/install/xicro_interfaces:/home/tanakon/fra501_ws/install/turtlesim_plus_interfaces:/home/tanakon/fra501_ws/install/turtlesim_plus:/home/tanakon/fra501_ws/install/turtlesim_interfaces:/home/tanakon/fra501_ws/install/turtlesim_control:/home/tanakon/fra501_ws/install/software_integration:/home/tanakon/fra501_ws/install/noob_gazebo:/home/tanakon/fra501_ws/install/noob_description:/home/tanakon/fra501_ws/install/my_controller_interfaces:/home/tanakon/fra501_ws/install/my_controller:/home/tanakon/fra501_ws/install/megarover_samples_ros2:/home/tanakon/FRA501_exam1_6414_6462/install/turtlesim_plus_interfaces:/home/tanakon/FRA501_exam1_6414_6462/install/turtlesim_plus:/home/tanakon/FRA501_exam1_6414_6462/install/controller_interfaces:/home/tanakon/FRA501_exam1_6414_6462/install/controller:/home/tanakon/carver_outdoor_ws/install/ackermann_odometry:/home/tanakon/carver_outdoor_ws/install/ackermann_controller:/opt/ros/humble LD_LIBRARY_PATH=/home/tanakon/FRA532EXAM_31_62_WS/install/micro_ros_msgs/lib:/home/tanakon/FRA532EXAM_31_62_WS/install/micro_ros_agent/lib:/home/tanakon/carver_outdoor_ws/install/robot_localization/lib:/home/tanakon/carver_outdoor_ws/install/realsense2_camera_msgs/lib:/home/tanakon/carver_outdoor_ws/install/pointcloud_to_laserscan/lib:/home/tanakon/carver_outdoor_ws/install/ackermann_interfaces/lib:/home/tanakon/FRA532EXAM_WS/install/micro_ros_agent/lib:/home/tanakon/FRA532EXAM_WS/install/micro_ros_msgs/lib:/home/tanakon/fra501_ws/install/xicro_interfaces/lib:/home/tanakon/fra501_ws/install/turtlesim_plus_interfaces/lib:/home/tanakon/fra501_ws/install/turtlesim_interfaces/lib:/home/tanakon/fra501_ws/install/my_controller_interfaces/lib:/home/tanakon/FRA501_exam1_6414_6462/install/turtlesim_plus_interfaces/lib:/home/tanakon/FRA501_exam1_6414_6462/install/controller_interfaces/lib:/usr/lib/x86_64-linux-gnu/gazebo-11/plugins:/opt/ros/humble/opt/rviz_ogre_vendor/lib:/opt/ros/humble/lib/x86_64-linux-gnu:/opt/ros/humble/lib /usr/bin/cmake /home/tanakon/FRA532EXAM_31_62_WS/src/uros/micro-ROS-Agent/micro_ros_agent -DCMAKE_INSTALL_PREFIX=/home/tanakon/FRA532EXAM_31_62_WS/install/micro_ros_agent
[5.756s] DEBUG:colcon.colcon_core.event_handler.log_command:Invoked command in '/home/tanakon/FRA532EXAM_31_62_WS/build/micro_ros_agent' returned '0': CMAKE_PREFIX_PATH=/home/tanakon/FRA532EXAM_31_62_WS/install/micro_ros_msgs:/home/tanakon/FRA532EXAM_31_62_WS/install/micro_ros_setup:/home/tanakon/FRA532EXAM_31_62_WS/install/micro_ros_agent:/home/tanakon/fra532_ws/install/vff_avoidance:/home/tanakon/fra532_ws/install/ur5_ros2_gazebo:/home/tanakon/fra532_ws/install/robot_control:/home/tanakon/fra532_ws/install/megarover_samples_ros2:/home/tanakon/fra532_ws/install/lab1:/home/tanakon/fra532_ws/install/carver_navigation:/home/tanakon/fra532_ws/install/calibration_gen:/home/tanakon/carver_outdoor_ws/install/twist_mux:/home/tanakon/carver_outdoor_ws/install/ros2_laser_scan_merger:/home/tanakon/carver_outdoor_ws/install/robot_localization:/home/tanakon/carver_outdoor_ws/install/realsense2_description:/home/tanakon/carver_outdoor_ws/install/realsense2_camera_msgs:/home/tanakon/carver_outdoor_ws/install/pointcloud_to_laserscan:/home/tanakon/carver_outdoor_ws/install/ldlidar:/home/tanakon/carver_outdoor_ws/install/carver_navigation:/home/tanakon/carver_outdoor_ws/install/carver_mqtt:/home/tanakon/carver_outdoor_ws/install/carver_imu:/home/tanakon/carver_outdoor_ws/install/carver_gps:/home/tanakon/carver_outdoor_ws/install/carver_esp32:/home/tanakon/carver_outdoor_ws/install/carver_description:/home/tanakon/carver_outdoor_ws/install/carver_bringup:/home/tanakon/carver_outdoor_ws/install/ackermann_interfaces:/home/tanakon/FRA532EXAM_WS/install/micro_ros_setup:/home/tanakon/FRA532EXAM_WS/install/micro_ros_agent:/home/tanakon/FRA532EXAM_WS/install/micro_ros_msgs:/home/tanakon/fra501_ws/install/xicro_pkg:/home/tanakon/fra501_ws/install/xicro_interfaces:/home/tanakon/fra501_ws/install/turtlesim_plus_interfaces:/home/tanakon/fra501_ws/install/turtlesim_plus:/home/tanakon/fra501_ws/install/turtlesim_interfaces:/home/tanakon/fra501_ws/install/turtlesim_control:/home/tanakon/fra501_ws/install/software_integration:/home/tanakon/fra501_ws/install/noob_gazebo:/home/tanakon/fra501_ws/install/noob_description:/home/tanakon/fra501_ws/install/my_controller_interfaces:/home/tanakon/fra501_ws/install/my_controller:/home/tanakon/fra501_ws/install/megarover_samples_ros2:/home/tanakon/FRA501_exam1_6414_6462/install/turtlesim_plus_interfaces:/home/tanakon/FRA501_exam1_6414_6462/install/turtlesim_plus:/home/tanakon/FRA501_exam1_6414_6462/install/controller_interfaces:/home/tanakon/FRA501_exam1_6414_6462/install/controller:/home/tanakon/carver_outdoor_ws/install/ackermann_odometry:/home/tanakon/carver_outdoor_ws/install/ackermann_controller:/opt/ros/humble LD_LIBRARY_PATH=/home/tanakon/FRA532EXAM_31_62_WS/install/micro_ros_msgs/lib:/home/tanakon/FRA532EXAM_31_62_WS/install/micro_ros_agent/lib:/home/tanakon/carver_outdoor_ws/install/robot_localization/lib:/home/tanakon/carver_outdoor_ws/install/realsense2_camera_msgs/lib:/home/tanakon/carver_outdoor_ws/install/pointcloud_to_laserscan/lib:/home/tanakon/carver_outdoor_ws/install/ackermann_interfaces/lib:/home/tanakon/FRA532EXAM_WS/install/micro_ros_agent/lib:/home/tanakon/FRA532EXAM_WS/install/micro_ros_msgs/lib:/home/tanakon/fra501_ws/install/xicro_interfaces/lib:/home/tanakon/fra501_ws/install/turtlesim_plus_interfaces/lib:/home/tanakon/fra501_ws/install/turtlesim_interfaces/lib:/home/tanakon/fra501_ws/install/my_controller_interfaces/lib:/home/tanakon/FRA501_exam1_6414_6462/install/turtlesim_plus_interfaces/lib:/home/tanakon/FRA501_exam1_6414_6462/install/controller_interfaces/lib:/usr/lib/x86_64-linux-gnu/gazebo-11/plugins:/opt/ros/humble/opt/rviz_ogre_vendor/lib:/opt/ros/humble/lib/x86_64-linux-gnu:/opt/ros/humble/lib /usr/bin/cmake /home/tanakon/FRA532EXAM_31_62_WS/src/uros/micro-ROS-Agent/micro_ros_agent -DCMAKE_INSTALL_PREFIX=/home/tanakon/FRA532EXAM_31_62_WS/install/micro_ros_agent
[5.758s] DEBUG:colcon.colcon_core.event_handler.log_command:Invoking command in '/home/tanakon/FRA532EXAM_31_62_WS/build/micro_ros_agent': CMAKE_PREFIX_PATH=/home/tanakon/FRA532EXAM_31_62_WS/install/micro_ros_msgs:/home/tanakon/FRA532EXAM_31_62_WS/install/micro_ros_setup:/home/tanakon/FRA532EXAM_31_62_WS/install/micro_ros_agent:/home/tanakon/fra532_ws/install/vff_avoidance:/home/tanakon/fra532_ws/install/ur5_ros2_gazebo:/home/tanakon/fra532_ws/install/robot_control:/home/tanakon/fra532_ws/install/megarover_samples_ros2:/home/tanakon/fra532_ws/install/lab1:/home/tanakon/fra532_ws/install/carver_navigation:/home/tanakon/fra532_ws/install/calibration_gen:/home/tanakon/carver_outdoor_ws/install/twist_mux:/home/tanakon/carver_outdoor_ws/install/ros2_laser_scan_merger:/home/tanakon/carver_outdoor_ws/install/robot_localization:/home/tanakon/carver_outdoor_ws/install/realsense2_description:/home/tanakon/carver_outdoor_ws/install/realsense2_camera_msgs:/home/tanakon/carver_outdoor_ws/install/pointcloud_to_laserscan:/home/tanakon/carver_outdoor_ws/install/ldlidar:/home/tanakon/carver_outdoor_ws/install/carver_navigation:/home/tanakon/carver_outdoor_ws/install/carver_mqtt:/home/tanakon/carver_outdoor_ws/install/carver_imu:/home/tanakon/carver_outdoor_ws/install/carver_gps:/home/tanakon/carver_outdoor_ws/install/carver_esp32:/home/tanakon/carver_outdoor_ws/install/carver_description:/home/tanakon/carver_outdoor_ws/install/carver_bringup:/home/tanakon/carver_outdoor_ws/install/ackermann_interfaces:/home/tanakon/FRA532EXAM_WS/install/micro_ros_setup:/home/tanakon/FRA532EXAM_WS/install/micro_ros_agent:/home/tanakon/FRA532EXAM_WS/install/micro_ros_msgs:/home/tanakon/fra501_ws/install/xicro_pkg:/home/tanakon/fra501_ws/install/xicro_interfaces:/home/tanakon/fra501_ws/install/turtlesim_plus_interfaces:/home/tanakon/fra501_ws/install/turtlesim_plus:/home/tanakon/fra501_ws/install/turtlesim_interfaces:/home/tanakon/fra501_ws/install/turtlesim_control:/home/tanakon/fra501_ws/install/software_integration:/home/tanakon/fra501_ws/install/noob_gazebo:/home/tanakon/fra501_ws/install/noob_description:/home/tanakon/fra501_ws/install/my_controller_interfaces:/home/tanakon/fra501_ws/install/my_controller:/home/tanakon/fra501_ws/install/megarover_samples_ros2:/home/tanakon/FRA501_exam1_6414_6462/install/turtlesim_plus_interfaces:/home/tanakon/FRA501_exam1_6414_6462/install/turtlesim_plus:/home/tanakon/FRA501_exam1_6414_6462/install/controller_interfaces:/home/tanakon/FRA501_exam1_6414_6462/install/controller:/home/tanakon/carver_outdoor_ws/install/ackermann_odometry:/home/tanakon/carver_outdoor_ws/install/ackermann_controller:/opt/ros/humble LD_LIBRARY_PATH=/home/tanakon/FRA532EXAM_31_62_WS/install/micro_ros_msgs/lib:/home/tanakon/FRA532EXAM_31_62_WS/install/micro_ros_agent/lib:/home/tanakon/carver_outdoor_ws/install/robot_localization/lib:/home/tanakon/carver_outdoor_ws/install/realsense2_camera_msgs/lib:/home/tanakon/carver_outdoor_ws/install/pointcloud_to_laserscan/lib:/home/tanakon/carver_outdoor_ws/install/ackermann_interfaces/lib:/home/tanakon/FRA532EXAM_WS/install/micro_ros_agent/lib:/home/tanakon/FRA532EXAM_WS/install/micro_ros_msgs/lib:/home/tanakon/fra501_ws/install/xicro_interfaces/lib:/home/tanakon/fra501_ws/install/turtlesim_plus_interfaces/lib:/home/tanakon/fra501_ws/install/turtlesim_interfaces/lib:/home/tanakon/fra501_ws/install/my_controller_interfaces/lib:/home/tanakon/FRA501_exam1_6414_6462/install/turtlesim_plus_interfaces/lib:/home/tanakon/FRA501_exam1_6414_6462/install/controller_interfaces/lib:/usr/lib/x86_64-linux-gnu/gazebo-11/plugins:/opt/ros/humble/opt/rviz_ogre_vendor/lib:/opt/ros/humble/lib/x86_64-linux-gnu:/opt/ros/humble/lib /usr/bin/cmake --build /home/tanakon/FRA532EXAM_31_62_WS/build/micro_ros_agent -- -j16 -l16
[30.019s] DEBUG:colcon.colcon_core.event_handler.log_command:Invoked command in '/home/tanakon/FRA532EXAM_31_62_WS/build/micro_ros_agent' returned '0': CMAKE_PREFIX_PATH=/home/tanakon/FRA532EXAM_31_62_WS/install/micro_ros_msgs:/home/tanakon/FRA532EXAM_31_62_WS/install/micro_ros_setup:/home/tanakon/FRA532EXAM_31_62_WS/install/micro_ros_agent:/home/tanakon/fra532_ws/install/vff_avoidance:/home/tanakon/fra532_ws/install/ur5_ros2_gazebo:/home/tanakon/fra532_ws/install/robot_control:/home/tanakon/fra532_ws/install/megarover_samples_ros2:/home/tanakon/fra532_ws/install/lab1:/home/tanakon/fra532_ws/install/carver_navigation:/home/tanakon/fra532_ws/install/calibration_gen:/home/tanakon/carver_outdoor_ws/install/twist_mux:/home/tanakon/carver_outdoor_ws/install/ros2_laser_scan_merger:/home/tanakon/carver_outdoor_ws/install/robot_localization:/home/tanakon/carver_outdoor_ws/install/realsense2_description:/home/tanakon/carver_outdoor_ws/install/realsense2_camera_msgs:/home/tanakon/carver_outdoor_ws/install/pointcloud_to_laserscan:/home/tanakon/carver_outdoor_ws/install/ldlidar:/home/tanakon/carver_outdoor_ws/install/carver_navigation:/home/tanakon/carver_outdoor_ws/install/carver_mqtt:/home/tanakon/carver_outdoor_ws/install/carver_imu:/home/tanakon/carver_outdoor_ws/install/carver_gps:/home/tanakon/carver_outdoor_ws/install/carver_esp32:/home/tanakon/carver_outdoor_ws/install/carver_description:/home/tanakon/carver_outdoor_ws/install/carver_bringup:/home/tanakon/carver_outdoor_ws/install/ackermann_interfaces:/home/tanakon/FRA532EXAM_WS/install/micro_ros_setup:/home/tanakon/FRA532EXAM_WS/install/micro_ros_agent:/home/tanakon/FRA532EXAM_WS/install/micro_ros_msgs:/home/tanakon/fra501_ws/install/xicro_pkg:/home/tanakon/fra501_ws/install/xicro_interfaces:/home/tanakon/fra501_ws/install/turtlesim_plus_interfaces:/home/tanakon/fra501_ws/install/turtlesim_plus:/home/tanakon/fra501_ws/install/turtlesim_interfaces:/home/tanakon/fra501_ws/install/turtlesim_control:/home/tanakon/fra501_ws/install/software_integration:/home/tanakon/fra501_ws/install/noob_gazebo:/home/tanakon/fra501_ws/install/noob_description:/home/tanakon/fra501_ws/install/my_controller_interfaces:/home/tanakon/fra501_ws/install/my_controller:/home/tanakon/fra501_ws/install/megarover_samples_ros2:/home/tanakon/FRA501_exam1_6414_6462/install/turtlesim_plus_interfaces:/home/tanakon/FRA501_exam1_6414_6462/install/turtlesim_plus:/home/tanakon/FRA501_exam1_6414_6462/install/controller_interfaces:/home/tanakon/FRA501_exam1_6414_6462/install/controller:/home/tanakon/carver_outdoor_ws/install/ackermann_odometry:/home/tanakon/carver_outdoor_ws/install/ackermann_controller:/opt/ros/humble LD_LIBRARY_PATH=/home/tanakon/FRA532EXAM_31_62_WS/install/micro_ros_msgs/lib:/home/tanakon/FRA532EXAM_31_62_WS/install/micro_ros_agent/lib:/home/tanakon/carver_outdoor_ws/install/robot_localization/lib:/home/tanakon/carver_outdoor_ws/install/realsense2_camera_msgs/lib:/home/tanakon/carver_outdoor_ws/install/pointcloud_to_laserscan/lib:/home/tanakon/carver_outdoor_ws/install/ackermann_interfaces/lib:/home/tanakon/FRA532EXAM_WS/install/micro_ros_agent/lib:/home/tanakon/FRA532EXAM_WS/install/micro_ros_msgs/lib:/home/tanakon/fra501_ws/install/xicro_interfaces/lib:/home/tanakon/fra501_ws/install/turtlesim_plus_interfaces/lib:/home/tanakon/fra501_ws/install/turtlesim_interfaces/lib:/home/tanakon/fra501_ws/install/my_controller_interfaces/lib:/home/tanakon/FRA501_exam1_6414_6462/install/turtlesim_plus_interfaces/lib:/home/tanakon/FRA501_exam1_6414_6462/install/controller_interfaces/lib:/usr/lib/x86_64-linux-gnu/gazebo-11/plugins:/opt/ros/humble/opt/rviz_ogre_vendor/lib:/opt/ros/humble/lib/x86_64-linux-gnu:/opt/ros/humble/lib /usr/bin/cmake --build /home/tanakon/FRA532EXAM_31_62_WS/build/micro_ros_agent -- -j16 -l16
[30.067s] DEBUG:colcon.colcon_core.event_handler.log_command:Invoking command in '/home/tanakon/FRA532EXAM_31_62_WS/build/micro_ros_agent': CMAKE_PREFIX_PATH=/home/tanakon/FRA532EXAM_31_62_WS/install/micro_ros_msgs:/home/tanakon/FRA532EXAM_31_62_WS/install/micro_ros_setup:/home/tanakon/FRA532EXAM_31_62_WS/install/micro_ros_agent:/home/tanakon/fra532_ws/install/vff_avoidance:/home/tanakon/fra532_ws/install/ur5_ros2_gazebo:/home/tanakon/fra532_ws/install/robot_control:/home/tanakon/fra532_ws/install/megarover_samples_ros2:/home/tanakon/fra532_ws/install/lab1:/home/tanakon/fra532_ws/install/carver_navigation:/home/tanakon/fra532_ws/install/calibration_gen:/home/tanakon/carver_outdoor_ws/install/twist_mux:/home/tanakon/carver_outdoor_ws/install/ros2_laser_scan_merger:/home/tanakon/carver_outdoor_ws/install/robot_localization:/home/tanakon/carver_outdoor_ws/install/realsense2_description:/home/tanakon/carver_outdoor_ws/install/realsense2_camera_msgs:/home/tanakon/carver_outdoor_ws/install/pointcloud_to_laserscan:/home/tanakon/carver_outdoor_ws/install/ldlidar:/home/tanakon/carver_outdoor_ws/install/carver_navigation:/home/tanakon/carver_outdoor_ws/install/carver_mqtt:/home/tanakon/carver_outdoor_ws/install/carver_imu:/home/tanakon/carver_outdoor_ws/install/carver_gps:/home/tanakon/carver_outdoor_ws/install/carver_esp32:/home/tanakon/carver_outdoor_ws/install/carver_description:/home/tanakon/carver_outdoor_ws/install/carver_bringup:/home/tanakon/carver_outdoor_ws/install/ackermann_interfaces:/home/tanakon/FRA532EXAM_WS/install/micro_ros_setup:/home/tanakon/FRA532EXAM_WS/install/micro_ros_agent:/home/tanakon/FRA532EXAM_WS/install/micro_ros_msgs:/home/tanakon/fra501_ws/install/xicro_pkg:/home/tanakon/fra501_ws/install/xicro_interfaces:/home/tanakon/fra501_ws/install/turtlesim_plus_interfaces:/home/tanakon/fra501_ws/install/turtlesim_plus:/home/tanakon/fra501_ws/install/turtlesim_interfaces:/home/tanakon/fra501_ws/install/turtlesim_control:/home/tanakon/fra501_ws/install/software_integration:/home/tanakon/fra501_ws/install/noob_gazebo:/home/tanakon/fra501_ws/install/noob_description:/home/tanakon/fra501_ws/install/my_controller_interfaces:/home/tanakon/fra501_ws/install/my_controller:/home/tanakon/fra501_ws/install/megarover_samples_ros2:/home/tanakon/FRA501_exam1_6414_6462/install/turtlesim_plus_interfaces:/home/tanakon/FRA501_exam1_6414_6462/install/turtlesim_plus:/home/tanakon/FRA501_exam1_6414_6462/install/controller_interfaces:/home/tanakon/FRA501_exam1_6414_6462/install/controller:/home/tanakon/carver_outdoor_ws/install/ackermann_odometry:/home/tanakon/carver_outdoor_ws/install/ackermann_controller:/opt/ros/humble LD_LIBRARY_PATH=/home/tanakon/FRA532EXAM_31_62_WS/install/micro_ros_msgs/lib:/home/tanakon/FRA532EXAM_31_62_WS/install/micro_ros_agent/lib:/home/tanakon/carver_outdoor_ws/install/robot_localization/lib:/home/tanakon/carver_outdoor_ws/install/realsense2_camera_msgs/lib:/home/tanakon/carver_outdoor_ws/install/pointcloud_to_laserscan/lib:/home/tanakon/carver_outdoor_ws/install/ackermann_interfaces/lib:/home/tanakon/FRA532EXAM_WS/install/micro_ros_agent/lib:/home/tanakon/FRA532EXAM_WS/install/micro_ros_msgs/lib:/home/tanakon/fra501_ws/install/xicro_interfaces/lib:/home/tanakon/fra501_ws/install/turtlesim_plus_interfaces/lib:/home/tanakon/fra501_ws/install/turtlesim_interfaces/lib:/home/tanakon/fra501_ws/install/my_controller_interfaces/lib:/home/tanakon/FRA501_exam1_6414_6462/install/turtlesim_plus_interfaces/lib:/home/tanakon/FRA501_exam1_6414_6462/install/controller_interfaces/lib:/usr/lib/x86_64-linux-gnu/gazebo-11/plugins:/opt/ros/humble/opt/rviz_ogre_vendor/lib:/opt/ros/humble/lib/x86_64-linux-gnu:/opt/ros/humble/lib /usr/bin/cmake --install /home/tanakon/FRA532EXAM_31_62_WS/build/micro_ros_agent
[30.081s] Level 1:colcon.colcon_core.environment:create_environment_scripts_only(micro_ros_agent)
[30.082s] DEBUG:colcon.colcon_core.event_handler.log_command:Invoked command in '/home/tanakon/FRA532EXAM_31_62_WS/build/micro_ros_agent' returned '0': CMAKE_PREFIX_PATH=/home/tanakon/FRA532EXAM_31_62_WS/install/micro_ros_msgs:/home/tanakon/FRA532EXAM_31_62_WS/install/micro_ros_setup:/home/tanakon/FRA532EXAM_31_62_WS/install/micro_ros_agent:/home/tanakon/fra532_ws/install/vff_avoidance:/home/tanakon/fra532_ws/install/ur5_ros2_gazebo:/home/tanakon/fra532_ws/install/robot_control:/home/tanakon/fra532_ws/install/megarover_samples_ros2:/home/tanakon/fra532_ws/install/lab1:/home/tanakon/fra532_ws/install/carver_navigation:/home/tanakon/fra532_ws/install/calibration_gen:/home/tanakon/carver_outdoor_ws/install/twist_mux:/home/tanakon/carver_outdoor_ws/install/ros2_laser_scan_merger:/home/tanakon/carver_outdoor_ws/install/robot_localization:/home/tanakon/carver_outdoor_ws/install/realsense2_description:/home/tanakon/carver_outdoor_ws/install/realsense2_camera_msgs:/home/tanakon/carver_outdoor_ws/install/pointcloud_to_laserscan:/home/tanakon/carver_outdoor_ws/install/ldlidar:/home/tanakon/carver_outdoor_ws/install/carver_navigation:/home/tanakon/carver_outdoor_ws/install/carver_mqtt:/home/tanakon/carver_outdoor_ws/install/carver_imu:/home/tanakon/carver_outdoor_ws/install/carver_gps:/home/tanakon/carver_outdoor_ws/install/carver_esp32:/home/tanakon/carver_outdoor_ws/install/carver_description:/home/tanakon/carver_outdoor_ws/install/carver_bringup:/home/tanakon/carver_outdoor_ws/install/ackermann_interfaces:/home/tanakon/FRA532EXAM_WS/install/micro_ros_setup:/home/tanakon/FRA532EXAM_WS/install/micro_ros_agent:/home/tanakon/FRA532EXAM_WS/install/micro_ros_msgs:/home/tanakon/fra501_ws/install/xicro_pkg:/home/tanakon/fra501_ws/install/xicro_interfaces:/home/tanakon/fra501_ws/install/turtlesim_plus_interfaces:/home/tanakon/fra501_ws/install/turtlesim_plus:/home/tanakon/fra501_ws/install/turtlesim_interfaces:/home/tanakon/fra501_ws/install/turtlesim_control:/home/tanakon/fra501_ws/install/software_integration:/home/tanakon/fra501_ws/install/noob_gazebo:/home/tanakon/fra501_ws/install/noob_description:/home/tanakon/fra501_ws/install/my_controller_interfaces:/home/tanakon/fra501_ws/install/my_controller:/home/tanakon/fra501_ws/install/megarover_samples_ros2:/home/tanakon/FRA501_exam1_6414_6462/install/turtlesim_plus_interfaces:/home/tanakon/FRA501_exam1_6414_6462/install/turtlesim_plus:/home/tanakon/FRA501_exam1_6414_6462/install/controller_interfaces:/home/tanakon/FRA501_exam1_6414_6462/install/controller:/home/tanakon/carver_outdoor_ws/install/ackermann_odometry:/home/tanakon/carver_outdoor_ws/install/ackermann_controller:/opt/ros/humble LD_LIBRARY_PATH=/home/tanakon/FRA532EXAM_31_62_WS/install/micro_ros_msgs/lib:/home/tanakon/FRA532EXAM_31_62_WS/install/micro_ros_agent/lib:/home/tanakon/carver_outdoor_ws/install/robot_localization/lib:/home/tanakon/carver_outdoor_ws/install/realsense2_camera_msgs/lib:/home/tanakon/carver_outdoor_ws/install/pointcloud_to_laserscan/lib:/home/tanakon/carver_outdoor_ws/install/ackermann_interfaces/lib:/home/tanakon/FRA532EXAM_WS/install/micro_ros_agent/lib:/home/tanakon/FRA532EXAM_WS/install/micro_ros_msgs/lib:/home/tanakon/fra501_ws/install/xicro_interfaces/lib:/home/tanakon/fra501_ws/install/turtlesim_plus_interfaces/lib:/home/tanakon/fra501_ws/install/turtlesim_interfaces/lib:/home/tanakon/fra501_ws/install/my_controller_interfaces/lib:/home/tanakon/FRA501_exam1_6414_6462/install/turtlesim_plus_interfaces/lib:/home/tanakon/FRA501_exam1_6414_6462/install/controller_interfaces/lib:/usr/lib/x86_64-linux-gnu/gazebo-11/plugins:/opt/ros/humble/opt/rviz_ogre_vendor/lib:/opt/ros/humble/lib/x86_64-linux-gnu:/opt/ros/humble/lib /usr/bin/cmake --install /home/tanakon/FRA532EXAM_31_62_WS/build/micro_ros_agent
[30.093s] Level 1:colcon.colcon_core.environment:checking '/home/tanakon/FRA532EXAM_31_62_WS/install/micro_ros_agent' for CMake module files
[30.094s] Level 1:colcon.colcon_core.environment:checking '/home/tanakon/FRA532EXAM_31_62_WS/install/micro_ros_agent' for CMake config files
[30.094s] Level 1:colcon.colcon_core.shell:create_environment_hook('micro_ros_agent', 'cmake_prefix_path')
[30.106s] INFO:colcon.colcon_core.shell:Creating environment hook '/home/tanakon/FRA532EXAM_31_62_WS/install/micro_ros_agent/share/micro_ros_agent/hook/cmake_prefix_path.ps1'
[30.106s] INFO:colcon.colcon_core.shell:Creating environment descriptor '/home/tanakon/FRA532EXAM_31_62_WS/install/micro_ros_agent/share/micro_ros_agent/hook/cmake_prefix_path.dsv'
[30.106s] INFO:colcon.colcon_core.shell:Creating environment hook '/home/tanakon/FRA532EXAM_31_62_WS/install/micro_ros_agent/share/micro_ros_agent/hook/cmake_prefix_path.sh'
[30.106s] Level 1:colcon.colcon_core.environment:checking '/home/tanakon/FRA532EXAM_31_62_WS/install/micro_ros_agent/lib'
[30.107s] Level 1:colcon.colcon_core.shell:create_environment_hook('micro_ros_agent', 'ld_library_path_lib')
[30.118s] INFO:colcon.colcon_core.shell:Creating environment hook '/home/tanakon/FRA532EXAM_31_62_WS/install/micro_ros_agent/share/micro_ros_agent/hook/ld_library_path_lib.ps1'
[30.118s] INFO:colcon.colcon_core.shell:Creating environment descriptor '/home/tanakon/FRA532EXAM_31_62_WS/install/micro_ros_agent/share/micro_ros_agent/hook/ld_library_path_lib.dsv'
[30.119s] INFO:colcon.colcon_core.shell:Creating environment hook '/home/tanakon/FRA532EXAM_31_62_WS/install/micro_ros_agent/share/micro_ros_agent/hook/ld_library_path_lib.sh'
[30.119s] Level 1:colcon.colcon_core.environment:checking '/home/tanakon/FRA532EXAM_31_62_WS/install/micro_ros_agent/bin'
[30.119s] Level 1:colcon.colcon_core.environment:checking '/home/tanakon/FRA532EXAM_31_62_WS/install/micro_ros_agent/lib/pkgconfig/micro_ros_agent.pc'
[30.119s] Level 1:colcon.colcon_core.environment:checking '/home/tanakon/FRA532EXAM_31_62_WS/install/micro_ros_agent/lib/python3.10/site-packages'
[30.119s] Level 1:colcon.colcon_core.environment:checking '/home/tanakon/FRA532EXAM_31_62_WS/install/micro_ros_agent/bin'
[30.131s] INFO:colcon.colcon_core.shell:Creating package script '/home/tanakon/FRA532EXAM_31_62_WS/install/micro_ros_agent/share/micro_ros_agent/package.ps1'
[30.132s] INFO:colcon.colcon_core.shell:Creating package descriptor '/home/tanakon/FRA532EXAM_31_62_WS/install/micro_ros_agent/share/micro_ros_agent/package.dsv'
[30.132s] INFO:colcon.colcon_core.shell:Creating package script '/home/tanakon/FRA532EXAM_31_62_WS/install/micro_ros_agent/share/micro_ros_agent/package.sh'
[30.132s] INFO:colcon.colcon_core.shell:Creating package script '/home/tanakon/FRA532EXAM_31_62_WS/install/micro_ros_agent/share/micro_ros_agent/package.bash'
[30.132s] INFO:colcon.colcon_core.shell:Creating package script '/home/tanakon/FRA532EXAM_31_62_WS/install/micro_ros_agent/share/micro_ros_agent/package.zsh'
[30.133s] Level 1:colcon.colcon_core.environment:create_file_with_runtime_dependencies(/home/tanakon/FRA532EXAM_31_62_WS/install/micro_ros_agent/share/colcon-core/packages/micro_ros_agent)
[30.194s] Level 1:colcon.colcon_core.environment:create_environment_scripts_only(micro_ros_agent)
[30.206s] Level 1:colcon.colcon_core.environment:checking '/home/tanakon/FRA532EXAM_31_62_WS/install/micro_ros_agent' for CMake module files
[30.206s] Level 1:colcon.colcon_core.environment:checking '/home/tanakon/FRA532EXAM_31_62_WS/install/micro_ros_agent' for CMake config files
[30.207s] Level 1:colcon.colcon_core.shell:create_environment_hook('micro_ros_agent', 'cmake_prefix_path')
[30.218s] INFO:colcon.colcon_core.shell:Creating environment hook '/home/tanakon/FRA532EXAM_31_62_WS/install/micro_ros_agent/share/micro_ros_agent/hook/cmake_prefix_path.ps1'
[30.219s] INFO:colcon.colcon_core.shell:Creating environment descriptor '/home/tanakon/FRA532EXAM_31_62_WS/install/micro_ros_agent/share/micro_ros_agent/hook/cmake_prefix_path.dsv'
[30.219s] INFO:colcon.colcon_core.shell:Creating environment hook '/home/tanakon/FRA532EXAM_31_62_WS/install/micro_ros_agent/share/micro_ros_agent/hook/cmake_prefix_path.sh'
[30.219s] Level 1:colcon.colcon_core.environment:checking '/home/tanakon/FRA532EXAM_31_62_WS/install/micro_ros_agent/lib'
[30.219s] Level 1:colcon.colcon_core.shell:create_environment_hook('micro_ros_agent', 'ld_library_path_lib')
[30.231s] INFO:colcon.colcon_core.shell:Creating environment hook '/home/tanakon/FRA532EXAM_31_62_WS/install/micro_ros_agent/share/micro_ros_agent/hook/ld_library_path_lib.ps1'
[30.232s] INFO:colcon.colcon_core.shell:Creating environment descriptor '/home/tanakon/FRA532EXAM_31_62_WS/install/micro_ros_agent/share/micro_ros_agent/hook/ld_library_path_lib.dsv'
[30.232s] INFO:colcon.colcon_core.shell:Creating environment hook '/home/tanakon/FRA532EXAM_31_62_WS/install/micro_ros_agent/share/micro_ros_agent/hook/ld_library_path_lib.sh'
[30.232s] Level 1:colcon.colcon_core.environment:checking '/home/tanakon/FRA532EXAM_31_62_WS/install/micro_ros_agent/bin'
[30.232s] Level 1:colcon.colcon_core.environment:checking '/home/tanakon/FRA532EXAM_31_62_WS/install/micro_ros_agent/lib/pkgconfig/micro_ros_agent.pc'
[30.232s] Level 1:colcon.colcon_core.environment:checking '/home/tanakon/FRA532EXAM_31_62_WS/install/micro_ros_agent/lib/python3.10/site-packages'
[30.232s] Level 1:colcon.colcon_core.environment:checking '/home/tanakon/FRA532EXAM_31_62_WS/install/micro_ros_agent/bin'
[30.244s] INFO:colcon.colcon_core.shell:Creating package script '/home/tanakon/FRA532EXAM_31_62_WS/install/micro_ros_agent/share/micro_ros_agent/package.ps1'
[30.245s] INFO:colcon.colcon_core.shell:Creating package descriptor '/home/tanakon/FRA532EXAM_31_62_WS/install/micro_ros_agent/share/micro_ros_agent/package.dsv'
[30.245s] INFO:colcon.colcon_core.shell:Creating package script '/home/tanakon/FRA532EXAM_31_62_WS/install/micro_ros_agent/share/micro_ros_agent/package.sh'
[30.245s] INFO:colcon.colcon_core.shell:Creating package script '/home/tanakon/FRA532EXAM_31_62_WS/install/micro_ros_agent/share/micro_ros_agent/package.bash'
[30.246s] INFO:colcon.colcon_core.shell:Creating package script '/home/tanakon/FRA532EXAM_31_62_WS/install/micro_ros_agent/share/micro_ros_agent/package.zsh'
[30.246s] Level 1:colcon.colcon_core.environment:create_file_with_runtime_dependencies(/home/tanakon/FRA532EXAM_31_62_WS/install/micro_ros_agent/share/colcon-core/packages/micro_ros_agent)
[30.246s] DEBUG:colcon.colcon_parallel_executor.executor.parallel:closing loop
[30.246s] DEBUG:colcon.colcon_parallel_executor.executor.parallel:loop closed
[30.246s] DEBUG:colcon.colcon_parallel_executor.executor.parallel:run_until_complete finished with '0'
[30.246s] DEBUG:colcon.colcon_core.event_reactor:joining thread
[30.262s] INFO:colcon.colcon_core.plugin_system:Skipping extension 'colcon_notification.desktop_notification.terminal_notifier': Not used on non-Darwin systems
[30.262s] INFO:colcon.colcon_core.plugin_system:Skipping extension 'colcon_notification.desktop_notification.win32': Not used on non-Windows systems
[30.262s] INFO:colcon.colcon_notification.desktop_notification:Sending desktop notification using 'notify2'
[30.272s] DEBUG:colcon.colcon_core.event_reactor:joined thread
[30.285s] INFO:colcon.colcon_core.shell:Creating prefix script '/home/tanakon/FRA532EXAM_31_62_WS/install/local_setup.ps1'
[30.286s] INFO:colcon.colcon_core.shell:Creating prefix util module '/home/tanakon/FRA532EXAM_31_62_WS/install/_local_setup_util_ps1.py'
[30.287s] INFO:colcon.colcon_core.shell:Creating prefix chain script '/home/tanakon/FRA532EXAM_31_62_WS/install/setup.ps1'
[30.301s] INFO:colcon.colcon_core.shell:Creating prefix script '/home/tanakon/FRA532EXAM_31_62_WS/install/local_setup.sh'
[30.301s] INFO:colcon.colcon_core.shell:Creating prefix util module '/home/tanakon/FRA532EXAM_31_62_WS/install/_local_setup_util_sh.py'
[30.301s] INFO:colcon.colcon_core.shell:Creating prefix chain script '/home/tanakon/FRA532EXAM_31_62_WS/install/setup.sh'
[30.315s] INFO:colcon.colcon_core.shell:Creating prefix script '/home/tanakon/FRA532EXAM_31_62_WS/install/local_setup.bash'
[30.316s] INFO:colcon.colcon_core.shell:Creating prefix chain script '/home/tanakon/FRA532EXAM_31_62_WS/install/setup.bash'
[30.330s] INFO:colcon.colcon_core.shell:Creating prefix script '/home/tanakon/FRA532EXAM_31_62_WS/install/local_setup.zsh'
[30.330s] INFO:colcon.colcon_core.shell:Creating prefix chain script '/home/tanakon/FRA532EXAM_31_62_WS/install/setup.zsh'
