[0.878s] DEBUG:colcon:Command line arguments: ['/usr/bin/colcon', 'build']
[0.878s] DEBUG:colcon:Parsed command line arguments: Namespace(log_base=None, log_level=None, verb_name='build', build_base='build', install_base='install', merge_install=False, symlink_install=False, test_result_base=None, continue_on_error=False, executor='parallel', parallel_workers=16, event_handlers=None, ignore_user_meta=False, metas=['./colcon.meta'], base_paths=['.'], packages_ignore=None, packages_ignore_regex=None, paths=None, packages_up_to=None, packages_up_to_regex=None, packages_above=None, packages_above_and_dependencies=None, packages_above_depth=None, packages_select_by_dep=None, packages_skip_by_dep=None, packages_skip_up_to=None, packages_select_build_failed=False, packages_skip_build_finished=False, packages_select_test_failures=False, packages_skip_test_passed=False, packages_select=None, packages_skip=None, packages_select_regex=None, packages_skip_regex=None, packages_start=None, packages_end=None, allow_overriding=[], cmake_args=None, cmake_target=None, cmake_target_skip_unavailable=False, cmake_clean_cache=False, cmake_clean_first=False, cmake_force_configure=False, ament_cmake_args=None, catkin_cmake_args=None, catkin_skip_building_tests=False, verb_parser=<colcon_defaults.argument_parser.defaults.DefaultArgumentsDecorator object at 0x7f50c45d8d90>, verb_extension=<colcon_core.verb.build.BuildVerb object at 0x7f50c4841db0>, main=<bound method BuildVerb.main of <colcon_core.verb.build.BuildVerb object at 0x7f50c4841db0>>)
[0.935s] Level 1:colcon.colcon_core.package_discovery:discover_packages(colcon_meta) check parameters
[0.935s] Level 1:colcon.colcon_core.package_discovery:discover_packages(recursive) check parameters
[0.935s] Level 1:colcon.colcon_core.package_discovery:discover_packages(ignore) check parameters
[0.935s] Level 1:colcon.colcon_core.package_discovery:discover_packages(path) check parameters
[0.935s] Level 1:colcon.colcon_core.package_discovery:discover_packages(colcon_meta) discover
[0.935s] Level 1:colcon.colcon_core.package_discovery:discover_packages(recursive) discover
[0.935s] INFO:colcon.colcon_core.package_discovery:Crawling recursively for packages in '/home/tanakon/FRA532EXAM_31_62_WS'
[0.935s] Level 1:colcon.colcon_core.package_identification:_identify(.) by extensions ['ignore', 'ignore_ament_install']
[0.935s] Level 1:colcon.colcon_core.package_identification:_identify(.) by extension 'ignore'
[0.935s] Level 1:colcon.colcon_core.package_identification:_identify(.) by extension 'ignore_ament_install'
[0.935s] Level 1:colcon.colcon_core.package_identification:_identify(.) by extensions ['colcon_pkg']
[0.935s] Level 1:colcon.colcon_core.package_identification:_identify(.) by extension 'colcon_pkg'
[0.935s] Level 1:colcon.colcon_core.package_identification:_identify(.) by extensions ['colcon_meta']
[0.935s] Level 1:colcon.colcon_core.package_identification:_identify(.) by extension 'colcon_meta'
[0.935s] Level 1:colcon.colcon_core.package_identification:_identify(.) by extensions ['ros']
[0.935s] Level 1:colcon.colcon_core.package_identification:_identify(.) by extension 'ros'
[0.943s] Level 1:colcon.colcon_core.package_identification:_identify(.) by extensions ['cmake', 'python']
[0.944s] Level 1:colcon.colcon_core.package_identification:_identify(.) by extension 'cmake'
[0.944s] Level 1:colcon.colcon_core.package_identification:_identify(.) by extension 'python'
[0.944s] Level 1:colcon.colcon_core.package_identification:_identify(.) by extensions ['python_setup_py']
[0.944s] Level 1:colcon.colcon_core.package_identification:_identify(.) by extension 'python_setup_py'
[0.944s] Level 1:colcon.colcon_core.package_identification:_identify(build) by extensions ['ignore', 'ignore_ament_install']
[0.944s] Level 1:colcon.colcon_core.package_identification:_identify(build) by extension 'ignore'
[0.944s] Level 1:colcon.colcon_core.package_identification:_identify(build) ignored
[0.944s] Level 1:colcon.colcon_core.package_identification:_identify(install) by extensions ['ignore', 'ignore_ament_install']
[0.944s] Level 1:colcon.colcon_core.package_identification:_identify(install) by extension 'ignore'
[0.944s] Level 1:colcon.colcon_core.package_identification:_identify(install) ignored
[0.944s] Level 1:colcon.colcon_core.package_identification:_identify(log) by extensions ['ignore', 'ignore_ament_install']
[0.944s] Level 1:colcon.colcon_core.package_identification:_identify(log) by extension 'ignore'
[0.944s] Level 1:colcon.colcon_core.package_identification:_identify(log) ignored
[0.944s] Level 1:colcon.colcon_core.package_identification:_identify(src) by extensions ['ignore', 'ignore_ament_install']
[0.944s] Level 1:colcon.colcon_core.package_identification:_identify(src) by extension 'ignore'
[0.944s] Level 1:colcon.colcon_core.package_identification:_identify(src) by extension 'ignore_ament_install'
[0.944s] Level 1:colcon.colcon_core.package_identification:_identify(src) by extensions ['colcon_pkg']
[0.944s] Level 1:colcon.colcon_core.package_identification:_identify(src) by extension 'colcon_pkg'
[0.944s] Level 1:colcon.colcon_core.package_identification:_identify(src) by extensions ['colcon_meta']
[0.944s] Level 1:colcon.colcon_core.package_identification:_identify(src) by extension 'colcon_meta'
[0.944s] Level 1:colcon.colcon_core.package_identification:_identify(src) by extensions ['ros']
[0.944s] Level 1:colcon.colcon_core.package_identification:_identify(src) by extension 'ros'
[0.945s] Level 1:colcon.colcon_core.package_identification:_identify(src) by extensions ['cmake', 'python']
[0.945s] Level 1:colcon.colcon_core.package_identification:_identify(src) by extension 'cmake'
[0.945s] Level 1:colcon.colcon_core.package_identification:_identify(src) by extension 'python'
[0.945s] Level 1:colcon.colcon_core.package_identification:_identify(src) by extensions ['python_setup_py']
[0.945s] Level 1:colcon.colcon_core.package_identification:_identify(src) by extension 'python_setup_py'
[0.945s] Level 1:colcon.colcon_core.package_identification:_identify(src/micro-ros_publisher) by extensions ['ignore', 'ignore_ament_install']
[0.945s] Level 1:colcon.colcon_core.package_identification:_identify(src/micro-ros_publisher) by extension 'ignore'
[0.945s] Level 1:colcon.colcon_core.package_identification:_identify(src/micro-ros_publisher) by extension 'ignore_ament_install'
[0.945s] Level 1:colcon.colcon_core.package_identification:_identify(src/micro-ros_publisher) by extensions ['colcon_pkg']
[0.945s] Level 1:colcon.colcon_core.package_identification:_identify(src/micro-ros_publisher) by extension 'colcon_pkg'
[0.945s] Level 1:colcon.colcon_core.package_identification:_identify(src/micro-ros_publisher) by extensions ['colcon_meta']
[0.945s] Level 1:colcon.colcon_core.package_identification:_identify(src/micro-ros_publisher) by extension 'colcon_meta'
[0.945s] Level 1:colcon.colcon_core.package_identification:_identify(src/micro-ros_publisher) by extensions ['ros']
[0.945s] Level 1:colcon.colcon_core.package_identification:_identify(src/micro-ros_publisher) by extension 'ros'
[0.945s] Level 1:colcon.colcon_core.package_identification:_identify(src/micro-ros_publisher) by extensions ['cmake', 'python']
[0.945s] Level 1:colcon.colcon_core.package_identification:_identify(src/micro-ros_publisher) by extension 'cmake'
[0.945s] Level 1:colcon.colcon_core.package_identification:_identify(src/micro-ros_publisher) by extension 'python'
[0.945s] Level 1:colcon.colcon_core.package_identification:_identify(src/micro-ros_publisher) by extensions ['python_setup_py']
[0.945s] Level 1:colcon.colcon_core.package_identification:_identify(src/micro-ros_publisher) by extension 'python_setup_py'
[0.945s] Level 1:colcon.colcon_core.package_identification:_identify(src/micro-ros_publisher/src) by extensions ['ignore', 'ignore_ament_install']
[0.945s] Level 1:colcon.colcon_core.package_identification:_identify(src/micro-ros_publisher/src) by extension 'ignore'
[0.945s] Level 1:colcon.colcon_core.package_identification:_identify(src/micro-ros_publisher/src) by extension 'ignore_ament_install'
[0.945s] Level 1:colcon.colcon_core.package_identification:_identify(src/micro-ros_publisher/src) by extensions ['colcon_pkg']
[0.945s] Level 1:colcon.colcon_core.package_identification:_identify(src/micro-ros_publisher/src) by extension 'colcon_pkg'
[0.945s] Level 1:colcon.colcon_core.package_identification:_identify(src/micro-ros_publisher/src) by extensions ['colcon_meta']
[0.945s] Level 1:colcon.colcon_core.package_identification:_identify(src/micro-ros_publisher/src) by extension 'colcon_meta'
[0.946s] Level 1:colcon.colcon_core.package_identification:_identify(src/micro-ros_publisher/src) by extensions ['ros']
[0.946s] Level 1:colcon.colcon_core.package_identification:_identify(src/micro-ros_publisher/src) by extension 'ros'
[0.946s] Level 1:colcon.colcon_core.package_identification:_identify(src/micro-ros_publisher/src) by extensions ['cmake', 'python']
[0.946s] Level 1:colcon.colcon_core.package_identification:_identify(src/micro-ros_publisher/src) by extension 'cmake'
[0.946s] Level 1:colcon.colcon_core.package_identification:_identify(src/micro-ros_publisher/src) by extension 'python'
[0.946s] Level 1:colcon.colcon_core.package_identification:_identify(src/micro-ros_publisher/src) by extensions ['python_setup_py']
[0.946s] Level 1:colcon.colcon_core.package_identification:_identify(src/micro-ros_publisher/src) by extension 'python_setup_py'
[0.946s] Level 1:colcon.colcon_core.package_identification:_identify(src/micro_ros_setup) by extensions ['ignore', 'ignore_ament_install']
[0.946s] Level 1:colcon.colcon_core.package_identification:_identify(src/micro_ros_setup) by extension 'ignore'
[0.946s] Level 1:colcon.colcon_core.package_identification:_identify(src/micro_ros_setup) by extension 'ignore_ament_install'
[0.946s] Level 1:colcon.colcon_core.package_identification:_identify(src/micro_ros_setup) by extensions ['colcon_pkg']
[0.946s] Level 1:colcon.colcon_core.package_identification:_identify(src/micro_ros_setup) by extension 'colcon_pkg'
[0.946s] Level 1:colcon.colcon_core.package_identification:_identify(src/micro_ros_setup) by extensions ['colcon_meta']
[0.946s] Level 1:colcon.colcon_core.package_identification:_identify(src/micro_ros_setup) by extension 'colcon_meta'
[0.946s] Level 1:colcon.colcon_core.package_identification:_identify(src/micro_ros_setup) by extensions ['ros']
[0.946s] Level 1:colcon.colcon_core.package_identification:_identify(src/micro_ros_setup) by extension 'ros'
[0.948s] DEBUG:colcon.colcon_core.package_identification:Package 'src/micro_ros_setup' with type 'ros.ament_cmake' and name 'micro_ros_setup'
[0.948s] Level 1:colcon.colcon_core.package_identification:_identify(src/uros) by extensions ['ignore', 'ignore_ament_install']
[0.948s] Level 1:colcon.colcon_core.package_identification:_identify(src/uros) by extension 'ignore'
[0.948s] Level 1:colcon.colcon_core.package_identification:_identify(src/uros) by extension 'ignore_ament_install'
[0.948s] Level 1:colcon.colcon_core.package_identification:_identify(src/uros) by extensions ['colcon_pkg']
[0.948s] Level 1:colcon.colcon_core.package_identification:_identify(src/uros) by extension 'colcon_pkg'
[0.949s] Level 1:colcon.colcon_core.package_identification:_identify(src/uros) by extensions ['colcon_meta']
[0.949s] Level 1:colcon.colcon_core.package_identification:_identify(src/uros) by extension 'colcon_meta'
[0.949s] Level 1:colcon.colcon_core.package_identification:_identify(src/uros) by extensions ['ros']
[0.949s] Level 1:colcon.colcon_core.package_identification:_identify(src/uros) by extension 'ros'
[0.949s] Level 1:colcon.colcon_core.package_identification:_identify(src/uros) by extensions ['cmake', 'python']
[0.949s] Level 1:colcon.colcon_core.package_identification:_identify(src/uros) by extension 'cmake'
[0.949s] Level 1:colcon.colcon_core.package_identification:_identify(src/uros) by extension 'python'
[0.949s] Level 1:colcon.colcon_core.package_identification:_identify(src/uros) by extensions ['python_setup_py']
[0.949s] Level 1:colcon.colcon_core.package_identification:_identify(src/uros) by extension 'python_setup_py'
[0.949s] Level 1:colcon.colcon_core.package_identification:_identify(src/uros/micro-ROS-Agent) by extensions ['ignore', 'ignore_ament_install']
[0.949s] Level 1:colcon.colcon_core.package_identification:_identify(src/uros/micro-ROS-Agent) by extension 'ignore'
[0.949s] Level 1:colcon.colcon_core.package_identification:_identify(src/uros/micro-ROS-Agent) by extension 'ignore_ament_install'
[0.949s] Level 1:colcon.colcon_core.package_identification:_identify(src/uros/micro-ROS-Agent) by extensions ['colcon_pkg']
[0.949s] Level 1:colcon.colcon_core.package_identification:_identify(src/uros/micro-ROS-Agent) by extension 'colcon_pkg'
[0.949s] Level 1:colcon.colcon_core.package_identification:_identify(src/uros/micro-ROS-Agent) by extensions ['colcon_meta']
[0.949s] Level 1:colcon.colcon_core.package_identification:_identify(src/uros/micro-ROS-Agent) by extension 'colcon_meta'
[0.949s] Level 1:colcon.colcon_core.package_identification:_identify(src/uros/micro-ROS-Agent) by extensions ['ros']
[0.949s] Level 1:colcon.colcon_core.package_identification:_identify(src/uros/micro-ROS-Agent) by extension 'ros'
[0.949s] Level 1:colcon.colcon_core.package_identification:_identify(src/uros/micro-ROS-Agent) by extensions ['cmake', 'python']
[0.949s] Level 1:colcon.colcon_core.package_identification:_identify(src/uros/micro-ROS-Agent) by extension 'cmake'
[0.949s] Level 1:colcon.colcon_core.package_identification:_identify(src/uros/micro-ROS-Agent) by extension 'python'
[0.949s] Level 1:colcon.colcon_core.package_identification:_identify(src/uros/micro-ROS-Agent) by extensions ['python_setup_py']
[0.949s] Level 1:colcon.colcon_core.package_identification:_identify(src/uros/micro-ROS-Agent) by extension 'python_setup_py'
[0.949s] Level 1:colcon.colcon_core.package_identification:_identify(src/uros/micro-ROS-Agent/micro_ros_agent) by extensions ['ignore', 'ignore_ament_install']
[0.950s] Level 1:colcon.colcon_core.package_identification:_identify(src/uros/micro-ROS-Agent/micro_ros_agent) by extension 'ignore'
[0.950s] Level 1:colcon.colcon_core.package_identification:_identify(src/uros/micro-ROS-Agent/micro_ros_agent) by extension 'ignore_ament_install'
[0.950s] Level 1:colcon.colcon_core.package_identification:_identify(src/uros/micro-ROS-Agent/micro_ros_agent) by extensions ['colcon_pkg']
[0.950s] Level 1:colcon.colcon_core.package_identification:_identify(src/uros/micro-ROS-Agent/micro_ros_agent) by extension 'colcon_pkg'
[0.950s] Level 1:colcon.colcon_core.package_identification:_identify(src/uros/micro-ROS-Agent/micro_ros_agent) by extensions ['colcon_meta']
[0.950s] Level 1:colcon.colcon_core.package_identification:_identify(src/uros/micro-ROS-Agent/micro_ros_agent) by extension 'colcon_meta'
[0.950s] Level 1:colcon.colcon_core.package_identification:_identify(src/uros/micro-ROS-Agent/micro_ros_agent) by extensions ['ros']
[0.950s] Level 1:colcon.colcon_core.package_identification:_identify(src/uros/micro-ROS-Agent/micro_ros_agent) by extension 'ros'
[0.950s] DEBUG:colcon.colcon_core.package_identification:Package 'src/uros/micro-ROS-Agent/micro_ros_agent' with type 'ros.ament_cmake' and name 'micro_ros_agent'
[0.950s] Level 1:colcon.colcon_core.package_identification:_identify(src/uros/micro-ROS-Agent/snap) by extensions ['ignore', 'ignore_ament_install']
[0.951s] Level 1:colcon.colcon_core.package_identification:_identify(src/uros/micro-ROS-Agent/snap) by extension 'ignore'
[0.951s] Level 1:colcon.colcon_core.package_identification:_identify(src/uros/micro-ROS-Agent/snap) by extension 'ignore_ament_install'
[0.951s] Level 1:colcon.colcon_core.package_identification:_identify(src/uros/micro-ROS-Agent/snap) by extensions ['colcon_pkg']
[0.951s] Level 1:colcon.colcon_core.package_identification:_identify(src/uros/micro-ROS-Agent/snap) by extension 'colcon_pkg'
[0.951s] Level 1:colcon.colcon_core.package_identification:_identify(src/uros/micro-ROS-Agent/snap) by extensions ['colcon_meta']
[0.951s] Level 1:colcon.colcon_core.package_identification:_identify(src/uros/micro-ROS-Agent/snap) by extension 'colcon_meta'
[0.951s] Level 1:colcon.colcon_core.package_identification:_identify(src/uros/micro-ROS-Agent/snap) by extensions ['ros']
[0.951s] Level 1:colcon.colcon_core.package_identification:_identify(src/uros/micro-ROS-Agent/snap) by extension 'ros'
[0.951s] Level 1:colcon.colcon_core.package_identification:_identify(src/uros/micro-ROS-Agent/snap) by extensions ['cmake', 'python']
[0.951s] Level 1:colcon.colcon_core.package_identification:_identify(src/uros/micro-ROS-Agent/snap) by extension 'cmake'
[0.951s] Level 1:colcon.colcon_core.package_identification:_identify(src/uros/micro-ROS-Agent/snap) by extension 'python'
[0.951s] Level 1:colcon.colcon_core.package_identification:_identify(src/uros/micro-ROS-Agent/snap) by extensions ['python_setup_py']
[0.951s] Level 1:colcon.colcon_core.package_identification:_identify(src/uros/micro-ROS-Agent/snap) by extension 'python_setup_py'
[0.951s] Level 1:colcon.colcon_core.package_identification:_identify(src/uros/micro-ROS-Agent/snap/hooks) by extensions ['ignore', 'ignore_ament_install']
[0.951s] Level 1:colcon.colcon_core.package_identification:_identify(src/uros/micro-ROS-Agent/snap/hooks) by extension 'ignore'
[0.951s] Level 1:colcon.colcon_core.package_identification:_identify(src/uros/micro-ROS-Agent/snap/hooks) by extension 'ignore_ament_install'
[0.951s] Level 1:colcon.colcon_core.package_identification:_identify(src/uros/micro-ROS-Agent/snap/hooks) by extensions ['colcon_pkg']
[0.951s] Level 1:colcon.colcon_core.package_identification:_identify(src/uros/micro-ROS-Agent/snap/hooks) by extension 'colcon_pkg'
[0.951s] Level 1:colcon.colcon_core.package_identification:_identify(src/uros/micro-ROS-Agent/snap/hooks) by extensions ['colcon_meta']
[0.951s] Level 1:colcon.colcon_core.package_identification:_identify(src/uros/micro-ROS-Agent/snap/hooks) by extension 'colcon_meta'
[0.951s] Level 1:colcon.colcon_core.package_identification:_identify(src/uros/micro-ROS-Agent/snap/hooks) by extensions ['ros']
[0.951s] Level 1:colcon.colcon_core.package_identification:_identify(src/uros/micro-ROS-Agent/snap/hooks) by extension 'ros'
[0.951s] Level 1:colcon.colcon_core.package_identification:_identify(src/uros/micro-ROS-Agent/snap/hooks) by extensions ['cmake', 'python']
[0.951s] Level 1:colcon.colcon_core.package_identification:_identify(src/uros/micro-ROS-Agent/snap/hooks) by extension 'cmake'
[0.951s] Level 1:colcon.colcon_core.package_identification:_identify(src/uros/micro-ROS-Agent/snap/hooks) by extension 'python'
[0.952s] Level 1:colcon.colcon_core.package_identification:_identify(src/uros/micro-ROS-Agent/snap/hooks) by extensions ['python_setup_py']
[0.952s] Level 1:colcon.colcon_core.package_identification:_identify(src/uros/micro-ROS-Agent/snap/hooks) by extension 'python_setup_py'
[0.952s] Level 1:colcon.colcon_core.package_identification:_identify(src/uros/micro-ROS-Agent/snap/local) by extensions ['ignore', 'ignore_ament_install']
[0.952s] Level 1:colcon.colcon_core.package_identification:_identify(src/uros/micro-ROS-Agent/snap/local) by extension 'ignore'
[0.952s] Level 1:colcon.colcon_core.package_identification:_identify(src/uros/micro-ROS-Agent/snap/local) by extension 'ignore_ament_install'
[0.952s] Level 1:colcon.colcon_core.package_identification:_identify(src/uros/micro-ROS-Agent/snap/local) by extensions ['colcon_pkg']
[0.952s] Level 1:colcon.colcon_core.package_identification:_identify(src/uros/micro-ROS-Agent/snap/local) by extension 'colcon_pkg'
[0.952s] Level 1:colcon.colcon_core.package_identification:_identify(src/uros/micro-ROS-Agent/snap/local) by extensions ['colcon_meta']
[0.952s] Level 1:colcon.colcon_core.package_identification:_identify(src/uros/micro-ROS-Agent/snap/local) by extension 'colcon_meta'
[0.952s] Level 1:colcon.colcon_core.package_identification:_identify(src/uros/micro-ROS-Agent/snap/local) by extensions ['ros']
[0.952s] Level 1:colcon.colcon_core.package_identification:_identify(src/uros/micro-ROS-Agent/snap/local) by extension 'ros'
[0.952s] Level 1:colcon.colcon_core.package_identification:_identify(src/uros/micro-ROS-Agent/snap/local) by extensions ['cmake', 'python']
[0.952s] Level 1:colcon.colcon_core.package_identification:_identify(src/uros/micro-ROS-Agent/snap/local) by extension 'cmake'
[0.952s] Level 1:colcon.colcon_core.package_identification:_identify(src/uros/micro-ROS-Agent/snap/local) by extension 'python'
[0.952s] Level 1:colcon.colcon_core.package_identification:_identify(src/uros/micro-ROS-Agent/snap/local) by extensions ['python_setup_py']
[0.952s] Level 1:colcon.colcon_core.package_identification:_identify(src/uros/micro-ROS-Agent/snap/local) by extension 'python_setup_py'
[0.952s] Level 1:colcon.colcon_core.package_identification:_identify(src/uros/micro_ros_msgs) by extensions ['ignore', 'ignore_ament_install']
[0.952s] Level 1:colcon.colcon_core.package_identification:_identify(src/uros/micro_ros_msgs) by extension 'ignore'
[0.952s] Level 1:colcon.colcon_core.package_identification:_identify(src/uros/micro_ros_msgs) by extension 'ignore_ament_install'
[0.952s] Level 1:colcon.colcon_core.package_identification:_identify(src/uros/micro_ros_msgs) by extensions ['colcon_pkg']
[0.952s] Level 1:colcon.colcon_core.package_identification:_identify(src/uros/micro_ros_msgs) by extension 'colcon_pkg'
[0.952s] Level 1:colcon.colcon_core.package_identification:_identify(src/uros/micro_ros_msgs) by extensions ['colcon_meta']
[0.952s] Level 1:colcon.colcon_core.package_identification:_identify(src/uros/micro_ros_msgs) by extension 'colcon_meta'
[0.952s] Level 1:colcon.colcon_core.package_identification:_identify(src/uros/micro_ros_msgs) by extensions ['ros']
[0.952s] Level 1:colcon.colcon_core.package_identification:_identify(src/uros/micro_ros_msgs) by extension 'ros'
[0.953s] DEBUG:colcon.colcon_core.package_identification:Package 'src/uros/micro_ros_msgs' with type 'ros.ament_cmake' and name 'micro_ros_msgs'
[0.953s] Level 1:colcon.colcon_core.package_discovery:discover_packages(recursive) using defaults
[0.953s] Level 1:colcon.colcon_core.package_discovery:discover_packages(ignore) discover
[0.953s] Level 1:colcon.colcon_core.package_discovery:discover_packages(ignore) using defaults
[0.953s] Level 1:colcon.colcon_core.package_discovery:discover_packages(path) discover
[0.953s] Level 1:colcon.colcon_core.package_discovery:discover_packages(path) using defaults
[1.032s] Level 1:colcon.colcon_core.package_discovery:discover_packages(prefix_path) check parameters
[1.032s] Level 1:colcon.colcon_core.package_discovery:discover_packages(prefix_path) discover
[1.060s] DEBUG:colcon.colcon_installed_package_information.package_discovery:Found 18 installed packages in /home/tanakon/carver_outdoor_ws/install
[1.078s] DEBUG:colcon.colcon_installed_package_information.package_discovery:Found 4 installed packages in /home/tanakon/FRA501_exam1_6414_6462/install
[1.091s] DEBUG:colcon.colcon_installed_package_information.package_discovery:Found 12 installed packages in /home/tanakon/fra501_ws/install
[1.103s] DEBUG:colcon.colcon_installed_package_information.package_discovery:Found 3 installed packages in /home/tanakon/FRA532EXAM_WS/install
[1.115s] DEBUG:colcon.colcon_installed_package_information.package_discovery:Found 7 installed packages in /home/tanakon/fra532_ws/install
[1.128s] DEBUG:colcon.colcon_installed_package_information.package_discovery:Found 389 installed packages in /opt/ros/humble
[1.129s] Level 1:colcon.colcon_core.package_discovery:discover_packages(prefix_path) using defaults
[1.221s] Level 5:colcon.colcon_core.verb:set package 'micro_ros_msgs' build argument 'cmake_args' from command line to 'None'
[1.221s] Level 5:colcon.colcon_core.verb:set package 'micro_ros_msgs' build argument 'cmake_target' from command line to 'None'
[1.221s] Level 5:colcon.colcon_core.verb:set package 'micro_ros_msgs' build argument 'cmake_target_skip_unavailable' from command line to 'False'
[1.221s] Level 5:colcon.colcon_core.verb:set package 'micro_ros_msgs' build argument 'cmake_clean_cache' from command line to 'False'
[1.221s] Level 5:colcon.colcon_core.verb:set package 'micro_ros_msgs' build argument 'cmake_clean_first' from command line to 'False'
[1.221s] Level 5:colcon.colcon_core.verb:set package 'micro_ros_msgs' build argument 'cmake_force_configure' from command line to 'False'
[1.221s] Level 5:colcon.colcon_core.verb:set package 'micro_ros_msgs' build argument 'ament_cmake_args' from command line to 'None'
[1.221s] Level 5:colcon.colcon_core.verb:set package 'micro_ros_msgs' build argument 'catkin_cmake_args' from command line to 'None'
[1.221s] Level 5:colcon.colcon_core.verb:set package 'micro_ros_msgs' build argument 'catkin_skip_building_tests' from command line to 'False'
[1.221s] DEBUG:colcon.colcon_core.verb:Building package 'micro_ros_msgs' with the following arguments: {'ament_cmake_args': None, 'build_base': '/home/tanakon/FRA532EXAM_31_62_WS/build/micro_ros_msgs', 'catkin_cmake_args': None, 'catkin_skip_building_tests': False, 'cmake_args': None, 'cmake_clean_cache': False, 'cmake_clean_first': False, 'cmake_force_configure': False, 'cmake_target': None, 'cmake_target_skip_unavailable': False, 'install_base': '/home/tanakon/FRA532EXAM_31_62_WS/install/micro_ros_msgs', 'merge_install': False, 'path': '/home/tanakon/FRA532EXAM_31_62_WS/src/uros/micro_ros_msgs', 'symlink_install': False, 'test_result_base': None}
[1.234s] Level 5:colcon.colcon_core.verb:set package 'micro_ros_setup' build argument 'cmake_args' from command line to 'None'
[1.234s] Level 5:colcon.colcon_core.verb:set package 'micro_ros_setup' build argument 'cmake_target' from command line to 'None'
[1.234s] Level 5:colcon.colcon_core.verb:set package 'micro_ros_setup' build argument 'cmake_target_skip_unavailable' from command line to 'False'
[1.234s] Level 5:colcon.colcon_core.verb:set package 'micro_ros_setup' build argument 'cmake_clean_cache' from command line to 'False'
[1.234s] Level 5:colcon.colcon_core.verb:set package 'micro_ros_setup' build argument 'cmake_clean_first' from command line to 'False'
[1.234s] Level 5:colcon.colcon_core.verb:set package 'micro_ros_setup' build argument 'cmake_force_configure' from command line to 'False'
[1.234s] Level 5:colcon.colcon_core.verb:set package 'micro_ros_setup' build argument 'ament_cmake_args' from command line to 'None'
[1.234s] Level 5:colcon.colcon_core.verb:set package 'micro_ros_setup' build argument 'catkin_cmake_args' from command line to 'None'
[1.234s] Level 5:colcon.colcon_core.verb:set package 'micro_ros_setup' build argument 'catkin_skip_building_tests' from command line to 'False'
[1.234s] DEBUG:colcon.colcon_core.verb:Building package 'micro_ros_setup' with the following arguments: {'ament_cmake_args': None, 'build_base': '/home/tanakon/FRA532EXAM_31_62_WS/build/micro_ros_setup', 'catkin_cmake_args': None, 'catkin_skip_building_tests': False, 'cmake_args': None, 'cmake_clean_cache': False, 'cmake_clean_first': False, 'cmake_force_configure': False, 'cmake_target': None, 'cmake_target_skip_unavailable': False, 'install_base': '/home/tanakon/FRA532EXAM_31_62_WS/install/micro_ros_setup', 'merge_install': False, 'path': '/home/tanakon/FRA532EXAM_31_62_WS/src/micro_ros_setup', 'symlink_install': False, 'test_result_base': None}
[1.246s] Level 5:colcon.colcon_core.verb:set package 'micro_ros_agent' build argument 'cmake_args' from command line to 'None'
[1.246s] Level 5:colcon.colcon_core.verb:set package 'micro_ros_agent' build argument 'cmake_target' from command line to 'None'
[1.246s] Level 5:colcon.colcon_core.verb:set package 'micro_ros_agent' build argument 'cmake_target_skip_unavailable' from command line to 'False'
[1.246s] Level 5:colcon.colcon_core.verb:set package 'micro_ros_agent' build argument 'cmake_clean_cache' from command line to 'False'
[1.246s] Level 5:colcon.colcon_core.verb:set package 'micro_ros_agent' build argument 'cmake_clean_first' from command line to 'False'
[1.246s] Level 5:colcon.colcon_core.verb:set package 'micro_ros_agent' build argument 'cmake_force_configure' from command line to 'False'
[1.246s] Level 5:colcon.colcon_core.verb:set package 'micro_ros_agent' build argument 'ament_cmake_args' from command line to 'None'
[1.246s] Level 5:colcon.colcon_core.verb:set package 'micro_ros_agent' build argument 'catkin_cmake_args' from command line to 'None'
[1.246s] Level 5:colcon.colcon_core.verb:set package 'micro_ros_agent' build argument 'catkin_skip_building_tests' from command line to 'False'
[1.246s] DEBUG:colcon.colcon_core.verb:Building package 'micro_ros_agent' with the following arguments: {'ament_cmake_args': None, 'build_base': '/home/tanakon/FRA532EXAM_31_62_WS/build/micro_ros_agent', 'catkin_cmake_args': None, 'catkin_skip_building_tests': False, 'cmake_args': None, 'cmake_clean_cache': False, 'cmake_clean_first': False, 'cmake_force_configure': False, 'cmake_target': None, 'cmake_target_skip_unavailable': False, 'install_base': '/home/tanakon/FRA532EXAM_31_62_WS/install/micro_ros_agent', 'merge_install': False, 'path': '/home/tanakon/FRA532EXAM_31_62_WS/src/uros/micro-ROS-Agent/micro_ros_agent', 'symlink_install': False, 'test_result_base': None}
[1.258s] INFO:colcon.colcon_core.executor:Executing jobs using 'parallel' executor
[1.271s] DEBUG:colcon.colcon_parallel_executor.executor.parallel:run_until_complete
[1.271s] INFO:colcon.colcon_ros.task.ament_cmake.build:Building ROS package in '/home/tanakon/FRA532EXAM_31_62_WS/src/uros/micro_ros_msgs' with build type 'ament_cmake'
[1.271s] INFO:colcon.colcon_cmake.task.cmake.build:Building CMake package in '/home/tanakon/FRA532EXAM_31_62_WS/src/uros/micro_ros_msgs'
[1.294s] INFO:colcon.colcon_core.plugin_system:Skipping extension 'colcon_core.shell.bat': Not used on non-Windows systems
[1.294s] INFO:colcon.colcon_core.shell:Skip shell extension 'powershell' for command environment: Not usable outside of PowerShell
[1.294s] DEBUG:colcon.colcon_core.shell:Skip shell extension 'dsv' for command environment
[1.382s] INFO:colcon.colcon_ros.task.ament_cmake.build:Building ROS package in '/home/tanakon/FRA532EXAM_31_62_WS/src/micro_ros_setup' with build type 'ament_cmake'
[1.382s] INFO:colcon.colcon_cmake.task.cmake.build:Building CMake package in '/home/tanakon/FRA532EXAM_31_62_WS/src/micro_ros_setup'
[1.394s] INFO:colcon.colcon_core.shell:Skip shell extension 'powershell' for command environment: Not usable outside of PowerShell
[1.394s] DEBUG:colcon.colcon_core.shell:Skip shell extension 'dsv' for command environment
[1.485s] DEBUG:colcon.colcon_core.event_handler.log_command:Invoking command in '/home/tanakon/FRA532EXAM_31_62_WS/build/micro_ros_msgs': CMAKE_PREFIX_PATH=${CMAKE_PREFIX_PATH}:/home/tanakon/carver_outdoor_ws/install/ackermann_odometry:/home/tanakon/carver_outdoor_ws/install/ackermann_controller:/opt/ros/humble /usr/bin/cmake /home/tanakon/FRA532EXAM_31_62_WS/src/uros/micro_ros_msgs -DCMAKE_INSTALL_PREFIX=/home/tanakon/FRA532EXAM_31_62_WS/install/micro_ros_msgs
[1.489s] DEBUG:colcon.colcon_core.event_handler.log_command:Invoking command in '/home/tanakon/FRA532EXAM_31_62_WS/build/micro_ros_setup': CMAKE_PREFIX_PATH=${CMAKE_PREFIX_PATH}:/home/tanakon/carver_outdoor_ws/install/ackermann_odometry:/home/tanakon/carver_outdoor_ws/install/ackermann_controller:/opt/ros/humble /usr/bin/cmake /home/tanakon/FRA532EXAM_31_62_WS/src/micro_ros_setup -DCMAKE_INSTALL_PREFIX=/home/tanakon/FRA532EXAM_31_62_WS/install/micro_ros_setup
[2.294s] DEBUG:colcon.colcon_core.event_handler.log_command:Invoked command in '/home/tanakon/FRA532EXAM_31_62_WS/build/micro_ros_setup' returned '0': CMAKE_PREFIX_PATH=${CMAKE_PREFIX_PATH}:/home/tanakon/carver_outdoor_ws/install/ackermann_odometry:/home/tanakon/carver_outdoor_ws/install/ackermann_controller:/opt/ros/humble /usr/bin/cmake /home/tanakon/FRA532EXAM_31_62_WS/src/micro_ros_setup -DCMAKE_INSTALL_PREFIX=/home/tanakon/FRA532EXAM_31_62_WS/install/micro_ros_setup
[2.295s] DEBUG:colcon.colcon_core.event_handler.log_command:Invoking command in '/home/tanakon/FRA532EXAM_31_62_WS/build/micro_ros_setup': CMAKE_PREFIX_PATH=${CMAKE_PREFIX_PATH}:/home/tanakon/carver_outdoor_ws/install/ackermann_odometry:/home/tanakon/carver_outdoor_ws/install/ackermann_controller:/opt/ros/humble /usr/bin/cmake --build /home/tanakon/FRA532EXAM_31_62_WS/build/micro_ros_setup -- -j16 -l16
[2.333s] DEBUG:colcon.colcon_core.event_handler.log_command:Invoked command in '/home/tanakon/FRA532EXAM_31_62_WS/build/micro_ros_setup' returned '0': CMAKE_PREFIX_PATH=${CMAKE_PREFIX_PATH}:/home/tanakon/carver_outdoor_ws/install/ackermann_odometry:/home/tanakon/carver_outdoor_ws/install/ackermann_controller:/opt/ros/humble /usr/bin/cmake --build /home/tanakon/FRA532EXAM_31_62_WS/build/micro_ros_setup -- -j16 -l16
[2.370s] DEBUG:colcon.colcon_core.event_handler.log_command:Invoking command in '/home/tanakon/FRA532EXAM_31_62_WS/build/micro_ros_setup': CMAKE_PREFIX_PATH=${CMAKE_PREFIX_PATH}:/home/tanakon/carver_outdoor_ws/install/ackermann_odometry:/home/tanakon/carver_outdoor_ws/install/ackermann_controller:/opt/ros/humble /usr/bin/cmake --install /home/tanakon/FRA532EXAM_31_62_WS/build/micro_ros_setup
[2.397s] Level 1:colcon.colcon_core.environment:create_environment_scripts_only(micro_ros_setup)
[2.397s] DEBUG:colcon.colcon_core.event_handler.log_command:Invoked command in '/home/tanakon/FRA532EXAM_31_62_WS/build/micro_ros_setup' returned '0': CMAKE_PREFIX_PATH=${CMAKE_PREFIX_PATH}:/home/tanakon/carver_outdoor_ws/install/ackermann_odometry:/home/tanakon/carver_outdoor_ws/install/ackermann_controller:/opt/ros/humble /usr/bin/cmake --install /home/tanakon/FRA532EXAM_31_62_WS/build/micro_ros_setup
[2.414s] Level 1:colcon.colcon_core.environment:checking '/home/tanakon/FRA532EXAM_31_62_WS/install/micro_ros_setup' for CMake module files
[2.415s] Level 1:colcon.colcon_core.environment:checking '/home/tanakon/FRA532EXAM_31_62_WS/install/micro_ros_setup' for CMake config files
[2.415s] Level 1:colcon.colcon_core.shell:create_environment_hook('micro_ros_setup', 'cmake_prefix_path')
[2.427s] INFO:colcon.colcon_core.shell:Creating environment hook '/home/tanakon/FRA532EXAM_31_62_WS/install/micro_ros_setup/share/micro_ros_setup/hook/cmake_prefix_path.ps1'
[2.427s] INFO:colcon.colcon_core.shell:Creating environment descriptor '/home/tanakon/FRA532EXAM_31_62_WS/install/micro_ros_setup/share/micro_ros_setup/hook/cmake_prefix_path.dsv'
[2.428s] INFO:colcon.colcon_core.shell:Creating environment hook '/home/tanakon/FRA532EXAM_31_62_WS/install/micro_ros_setup/share/micro_ros_setup/hook/cmake_prefix_path.sh'
[2.428s] Level 1:colcon.colcon_core.environment:checking '/home/tanakon/FRA532EXAM_31_62_WS/install/micro_ros_setup/lib'
[2.428s] Level 1:colcon.colcon_core.environment:checking '/home/tanakon/FRA532EXAM_31_62_WS/install/micro_ros_setup/bin'
[2.428s] Level 1:colcon.colcon_core.environment:checking '/home/tanakon/FRA532EXAM_31_62_WS/install/micro_ros_setup/lib/pkgconfig/micro_ros_setup.pc'
[2.429s] Level 1:colcon.colcon_core.environment:checking '/home/tanakon/FRA532EXAM_31_62_WS/install/micro_ros_setup/lib/python3.10/site-packages'
[2.429s] Level 1:colcon.colcon_core.environment:checking '/home/tanakon/FRA532EXAM_31_62_WS/install/micro_ros_setup/bin'
[2.441s] INFO:colcon.colcon_core.shell:Creating package script '/home/tanakon/FRA532EXAM_31_62_WS/install/micro_ros_setup/share/micro_ros_setup/package.ps1'
[2.441s] INFO:colcon.colcon_core.shell:Creating package descriptor '/home/tanakon/FRA532EXAM_31_62_WS/install/micro_ros_setup/share/micro_ros_setup/package.dsv'
[2.442s] INFO:colcon.colcon_core.shell:Creating package script '/home/tanakon/FRA532EXAM_31_62_WS/install/micro_ros_setup/share/micro_ros_setup/package.sh'
[2.442s] INFO:colcon.colcon_core.shell:Creating package script '/home/tanakon/FRA532EXAM_31_62_WS/install/micro_ros_setup/share/micro_ros_setup/package.bash'
[2.443s] INFO:colcon.colcon_core.shell:Creating package script '/home/tanakon/FRA532EXAM_31_62_WS/install/micro_ros_setup/share/micro_ros_setup/package.zsh'
[2.444s] Level 1:colcon.colcon_core.environment:create_file_with_runtime_dependencies(/home/tanakon/FRA532EXAM_31_62_WS/install/micro_ros_setup/share/colcon-core/packages/micro_ros_setup)
[2.483s] Level 1:colcon.colcon_core.environment:create_environment_scripts_only(micro_ros_setup)
[2.496s] Level 1:colcon.colcon_core.environment:checking '/home/tanakon/FRA532EXAM_31_62_WS/install/micro_ros_setup' for CMake module files
[2.496s] Level 1:colcon.colcon_core.environment:checking '/home/tanakon/FRA532EXAM_31_62_WS/install/micro_ros_setup' for CMake config files
[2.496s] Level 1:colcon.colcon_core.shell:create_environment_hook('micro_ros_setup', 'cmake_prefix_path')
[2.508s] INFO:colcon.colcon_core.shell:Creating environment hook '/home/tanakon/FRA532EXAM_31_62_WS/install/micro_ros_setup/share/micro_ros_setup/hook/cmake_prefix_path.ps1'
[2.509s] INFO:colcon.colcon_core.shell:Creating environment descriptor '/home/tanakon/FRA532EXAM_31_62_WS/install/micro_ros_setup/share/micro_ros_setup/hook/cmake_prefix_path.dsv'
[2.509s] INFO:colcon.colcon_core.shell:Creating environment hook '/home/tanakon/FRA532EXAM_31_62_WS/install/micro_ros_setup/share/micro_ros_setup/hook/cmake_prefix_path.sh'
[2.509s] Level 1:colcon.colcon_core.environment:checking '/home/tanakon/FRA532EXAM_31_62_WS/install/micro_ros_setup/lib'
[2.509s] Level 1:colcon.colcon_core.environment:checking '/home/tanakon/FRA532EXAM_31_62_WS/install/micro_ros_setup/bin'
[2.509s] Level 1:colcon.colcon_core.environment:checking '/home/tanakon/FRA532EXAM_31_62_WS/install/micro_ros_setup/lib/pkgconfig/micro_ros_setup.pc'
[2.510s] Level 1:colcon.colcon_core.environment:checking '/home/tanakon/FRA532EXAM_31_62_WS/install/micro_ros_setup/lib/python3.10/site-packages'
[2.510s] Level 1:colcon.colcon_core.environment:checking '/home/tanakon/FRA532EXAM_31_62_WS/install/micro_ros_setup/bin'
[2.522s] INFO:colcon.colcon_core.shell:Creating package script '/home/tanakon/FRA532EXAM_31_62_WS/install/micro_ros_setup/share/micro_ros_setup/package.ps1'
[2.522s] INFO:colcon.colcon_core.shell:Creating package descriptor '/home/tanakon/FRA532EXAM_31_62_WS/install/micro_ros_setup/share/micro_ros_setup/package.dsv'
[2.523s] INFO:colcon.colcon_core.shell:Creating package script '/home/tanakon/FRA532EXAM_31_62_WS/install/micro_ros_setup/share/micro_ros_setup/package.sh'
[2.523s] INFO:colcon.colcon_core.shell:Creating package script '/home/tanakon/FRA532EXAM_31_62_WS/install/micro_ros_setup/share/micro_ros_setup/package.bash'
[2.523s] INFO:colcon.colcon_core.shell:Creating package script '/home/tanakon/FRA532EXAM_31_62_WS/install/micro_ros_setup/share/micro_ros_setup/package.zsh'
[2.523s] Level 1:colcon.colcon_core.environment:create_file_with_runtime_dependencies(/home/tanakon/FRA532EXAM_31_62_WS/install/micro_ros_setup/share/colcon-core/packages/micro_ros_setup)
[3.186s] DEBUG:colcon.colcon_core.event_handler.log_command:Invoked command in '/home/tanakon/FRA532EXAM_31_62_WS/build/micro_ros_msgs' returned '0': CMAKE_PREFIX_PATH=${CMAKE_PREFIX_PATH}:/home/tanakon/carver_outdoor_ws/install/ackermann_odometry:/home/tanakon/carver_outdoor_ws/install/ackermann_controller:/opt/ros/humble /usr/bin/cmake /home/tanakon/FRA532EXAM_31_62_WS/src/uros/micro_ros_msgs -DCMAKE_INSTALL_PREFIX=/home/tanakon/FRA532EXAM_31_62_WS/install/micro_ros_msgs
[3.187s] DEBUG:colcon.colcon_core.event_handler.log_command:Invoking command in '/home/tanakon/FRA532EXAM_31_62_WS/build/micro_ros_msgs': CMAKE_PREFIX_PATH=${CMAKE_PREFIX_PATH}:/home/tanakon/carver_outdoor_ws/install/ackermann_odometry:/home/tanakon/carver_outdoor_ws/install/ackermann_controller:/opt/ros/humble /usr/bin/cmake --build /home/tanakon/FRA532EXAM_31_62_WS/build/micro_ros_msgs -- -j16 -l16
[5.013s] DEBUG:colcon.colcon_core.event_handler.log_command:Invoked command in '/home/tanakon/FRA532EXAM_31_62_WS/build/micro_ros_msgs' returned '0': CMAKE_PREFIX_PATH=${CMAKE_PREFIX_PATH}:/home/tanakon/carver_outdoor_ws/install/ackermann_odometry:/home/tanakon/carver_outdoor_ws/install/ackermann_controller:/opt/ros/humble /usr/bin/cmake --build /home/tanakon/FRA532EXAM_31_62_WS/build/micro_ros_msgs -- -j16 -l16
[5.150s] DEBUG:colcon.colcon_core.event_handler.log_command:Invoking command in '/home/tanakon/FRA532EXAM_31_62_WS/build/micro_ros_msgs': CMAKE_PREFIX_PATH=${CMAKE_PREFIX_PATH}:/home/tanakon/carver_outdoor_ws/install/ackermann_odometry:/home/tanakon/carver_outdoor_ws/install/ackermann_controller:/opt/ros/humble /usr/bin/cmake --install /home/tanakon/FRA532EXAM_31_62_WS/build/micro_ros_msgs
[5.218s] Level 1:colcon.colcon_core.environment:create_environment_scripts_only(micro_ros_msgs)
[5.218s] DEBUG:colcon.colcon_core.event_handler.log_command:Invoked command in '/home/tanakon/FRA532EXAM_31_62_WS/build/micro_ros_msgs' returned '0': CMAKE_PREFIX_PATH=${CMAKE_PREFIX_PATH}:/home/tanakon/carver_outdoor_ws/install/ackermann_odometry:/home/tanakon/carver_outdoor_ws/install/ackermann_controller:/opt/ros/humble /usr/bin/cmake --install /home/tanakon/FRA532EXAM_31_62_WS/build/micro_ros_msgs
[5.230s] Level 1:colcon.colcon_core.environment:checking '/home/tanakon/FRA532EXAM_31_62_WS/install/micro_ros_msgs' for CMake module files
[5.231s] Level 1:colcon.colcon_core.environment:checking '/home/tanakon/FRA532EXAM_31_62_WS/install/micro_ros_msgs' for CMake config files
[5.231s] Level 1:colcon.colcon_core.shell:create_environment_hook('micro_ros_msgs', 'cmake_prefix_path')
[5.243s] INFO:colcon.colcon_core.shell:Creating environment hook '/home/tanakon/FRA532EXAM_31_62_WS/install/micro_ros_msgs/share/micro_ros_msgs/hook/cmake_prefix_path.ps1'
[5.243s] INFO:colcon.colcon_core.shell:Creating environment descriptor '/home/tanakon/FRA532EXAM_31_62_WS/install/micro_ros_msgs/share/micro_ros_msgs/hook/cmake_prefix_path.dsv'
[5.243s] INFO:colcon.colcon_core.shell:Creating environment hook '/home/tanakon/FRA532EXAM_31_62_WS/install/micro_ros_msgs/share/micro_ros_msgs/hook/cmake_prefix_path.sh'
[5.243s] Level 1:colcon.colcon_core.environment:checking '/home/tanakon/FRA532EXAM_31_62_WS/install/micro_ros_msgs/lib'
[5.243s] Level 1:colcon.colcon_core.shell:create_environment_hook('micro_ros_msgs', 'ld_library_path_lib')
[5.255s] INFO:colcon.colcon_core.shell:Creating environment hook '/home/tanakon/FRA532EXAM_31_62_WS/install/micro_ros_msgs/share/micro_ros_msgs/hook/ld_library_path_lib.ps1'
[5.255s] INFO:colcon.colcon_core.shell:Creating environment descriptor '/home/tanakon/FRA532EXAM_31_62_WS/install/micro_ros_msgs/share/micro_ros_msgs/hook/ld_library_path_lib.dsv'
[5.255s] INFO:colcon.colcon_core.shell:Creating environment hook '/home/tanakon/FRA532EXAM_31_62_WS/install/micro_ros_msgs/share/micro_ros_msgs/hook/ld_library_path_lib.sh'
[5.255s] Level 1:colcon.colcon_core.environment:checking '/home/tanakon/FRA532EXAM_31_62_WS/install/micro_ros_msgs/bin'
[5.256s] Level 1:colcon.colcon_core.environment:checking '/home/tanakon/FRA532EXAM_31_62_WS/install/micro_ros_msgs/lib/pkgconfig/micro_ros_msgs.pc'
[5.256s] Level 1:colcon.colcon_core.environment:checking '/home/tanakon/FRA532EXAM_31_62_WS/install/micro_ros_msgs/lib/python3.10/site-packages'
[5.256s] Level 1:colcon.colcon_core.environment:checking '/home/tanakon/FRA532EXAM_31_62_WS/install/micro_ros_msgs/bin'
[5.268s] INFO:colcon.colcon_core.shell:Creating package script '/home/tanakon/FRA532EXAM_31_62_WS/install/micro_ros_msgs/share/micro_ros_msgs/package.ps1'
[5.268s] INFO:colcon.colcon_core.shell:Creating package descriptor '/home/tanakon/FRA532EXAM_31_62_WS/install/micro_ros_msgs/share/micro_ros_msgs/package.dsv'
[5.268s] INFO:colcon.colcon_core.shell:Creating package script '/home/tanakon/FRA532EXAM_31_62_WS/install/micro_ros_msgs/share/micro_ros_msgs/package.sh'
[5.268s] INFO:colcon.colcon_core.shell:Creating package script '/home/tanakon/FRA532EXAM_31_62_WS/install/micro_ros_msgs/share/micro_ros_msgs/package.bash'
[5.269s] INFO:colcon.colcon_core.shell:Creating package script '/home/tanakon/FRA532EXAM_31_62_WS/install/micro_ros_msgs/share/micro_ros_msgs/package.zsh'
[5.269s] Level 1:colcon.colcon_core.environment:create_file_with_runtime_dependencies(/home/tanakon/FRA532EXAM_31_62_WS/install/micro_ros_msgs/share/colcon-core/packages/micro_ros_msgs)
[5.420s] Level 1:colcon.colcon_core.environment:create_environment_scripts_only(micro_ros_msgs)
[5.431s] Level 1:colcon.colcon_core.environment:checking '/home/tanakon/FRA532EXAM_31_62_WS/install/micro_ros_msgs' for CMake module files
[5.432s] Level 1:colcon.colcon_core.environment:checking '/home/tanakon/FRA532EXAM_31_62_WS/install/micro_ros_msgs' for CMake config files
[5.432s] Level 1:colcon.colcon_core.shell:create_environment_hook('micro_ros_msgs', 'cmake_prefix_path')
[5.444s] INFO:colcon.colcon_core.shell:Creating environment hook '/home/tanakon/FRA532EXAM_31_62_WS/install/micro_ros_msgs/share/micro_ros_msgs/hook/cmake_prefix_path.ps1'
[5.444s] INFO:colcon.colcon_core.shell:Creating environment descriptor '/home/tanakon/FRA532EXAM_31_62_WS/install/micro_ros_msgs/share/micro_ros_msgs/hook/cmake_prefix_path.dsv'
[5.444s] INFO:colcon.colcon_core.shell:Creating environment hook '/home/tanakon/FRA532EXAM_31_62_WS/install/micro_ros_msgs/share/micro_ros_msgs/hook/cmake_prefix_path.sh'
[5.445s] Level 1:colcon.colcon_core.environment:checking '/home/tanakon/FRA532EXAM_31_62_WS/install/micro_ros_msgs/lib'
[5.445s] Level 1:colcon.colcon_core.shell:create_environment_hook('micro_ros_msgs', 'ld_library_path_lib')
[5.457s] INFO:colcon.colcon_core.shell:Creating environment hook '/home/tanakon/FRA532EXAM_31_62_WS/install/micro_ros_msgs/share/micro_ros_msgs/hook/ld_library_path_lib.ps1'
[5.457s] INFO:colcon.colcon_core.shell:Creating environment descriptor '/home/tanakon/FRA532EXAM_31_62_WS/install/micro_ros_msgs/share/micro_ros_msgs/hook/ld_library_path_lib.dsv'
[5.457s] INFO:colcon.colcon_core.shell:Creating environment hook '/home/tanakon/FRA532EXAM_31_62_WS/install/micro_ros_msgs/share/micro_ros_msgs/hook/ld_library_path_lib.sh'
[5.457s] Level 1:colcon.colcon_core.environment:checking '/home/tanakon/FRA532EXAM_31_62_WS/install/micro_ros_msgs/bin'
[5.457s] Level 1:colcon.colcon_core.environment:checking '/home/tanakon/FRA532EXAM_31_62_WS/install/micro_ros_msgs/lib/pkgconfig/micro_ros_msgs.pc'
[5.457s] Level 1:colcon.colcon_core.environment:checking '/home/tanakon/FRA532EXAM_31_62_WS/install/micro_ros_msgs/lib/python3.10/site-packages'
[5.458s] Level 1:colcon.colcon_core.environment:checking '/home/tanakon/FRA532EXAM_31_62_WS/install/micro_ros_msgs/bin'
[5.469s] INFO:colcon.colcon_core.shell:Creating package script '/home/tanakon/FRA532EXAM_31_62_WS/install/micro_ros_msgs/share/micro_ros_msgs/package.ps1'
[5.470s] INFO:colcon.colcon_core.shell:Creating package descriptor '/home/tanakon/FRA532EXAM_31_62_WS/install/micro_ros_msgs/share/micro_ros_msgs/package.dsv'
[5.470s] INFO:colcon.colcon_core.shell:Creating package script '/home/tanakon/FRA532EXAM_31_62_WS/install/micro_ros_msgs/share/micro_ros_msgs/package.sh'
[5.470s] INFO:colcon.colcon_core.shell:Creating package script '/home/tanakon/FRA532EXAM_31_62_WS/install/micro_ros_msgs/share/micro_ros_msgs/package.bash'
[5.471s] INFO:colcon.colcon_core.shell:Creating package script '/home/tanakon/FRA532EXAM_31_62_WS/install/micro_ros_msgs/share/micro_ros_msgs/package.zsh'
[5.471s] Level 1:colcon.colcon_core.environment:create_file_with_runtime_dependencies(/home/tanakon/FRA532EXAM_31_62_WS/install/micro_ros_msgs/share/colcon-core/packages/micro_ros_msgs)
[5.471s] INFO:colcon.colcon_ros.task.ament_cmake.build:Building ROS package in '/home/tanakon/FRA532EXAM_31_62_WS/src/uros/micro-ROS-Agent/micro_ros_agent' with build type 'ament_cmake'
[5.471s] INFO:colcon.colcon_cmake.task.cmake.build:Building CMake package in '/home/tanakon/FRA532EXAM_31_62_WS/src/uros/micro-ROS-Agent/micro_ros_agent'
[5.483s] INFO:colcon.colcon_core.shell:Skip shell extension 'powershell' for command environment: Not usable outside of PowerShell
[5.483s] DEBUG:colcon.colcon_core.shell:Skip shell extension 'dsv' for command environment
[5.585s] DEBUG:colcon.colcon_core.event_handler.log_command:Invoking command in '/home/tanakon/FRA532EXAM_31_62_WS/build/micro_ros_agent': AMENT_PREFIX_PATH=/home/tanakon/FRA532EXAM_31_62_WS/install/micro_ros_msgs:${AMENT_PREFIX_PATH} CMAKE_PREFIX_PATH=/home/tanakon/FRA532EXAM_31_62_WS/install/micro_ros_msgs:/home/tanakon/fra532_ws/install/vff_avoidance:/home/tanakon/fra532_ws/install/ur5_ros2_gazebo:/home/tanakon/fra532_ws/install/robot_control:/home/tanakon/fra532_ws/install/megarover_samples_ros2:/home/tanakon/fra532_ws/install/lab1:/home/tanakon/fra532_ws/install/carver_navigation:/home/tanakon/fra532_ws/install/calibration_gen:/home/tanakon/carver_outdoor_ws/install/twist_mux:/home/tanakon/carver_outdoor_ws/install/ros2_laser_scan_merger:/home/tanakon/carver_outdoor_ws/install/robot_localization:/home/tanakon/carver_outdoor_ws/install/realsense2_description:/home/tanakon/carver_outdoor_ws/install/realsense2_camera_msgs:/home/tanakon/carver_outdoor_ws/install/pointcloud_to_laserscan:/home/tanakon/carver_outdoor_ws/install/ldlidar:/home/tanakon/carver_outdoor_ws/install/carver_navigation:/home/tanakon/carver_outdoor_ws/install/carver_mqtt:/home/tanakon/carver_outdoor_ws/install/carver_imu:/home/tanakon/carver_outdoor_ws/install/carver_gps:/home/tanakon/carver_outdoor_ws/install/carver_esp32:/home/tanakon/carver_outdoor_ws/install/carver_description:/home/tanakon/carver_outdoor_ws/install/carver_bringup:/home/tanakon/carver_outdoor_ws/install/ackermann_interfaces:/home/tanakon/FRA532EXAM_WS/install/micro_ros_setup:/home/tanakon/FRA532EXAM_WS/install/micro_ros_agent:/home/tanakon/FRA532EXAM_WS/install/micro_ros_msgs:/home/tanakon/fra501_ws/install/xicro_pkg:/home/tanakon/fra501_ws/install/xicro_interfaces:/home/tanakon/fra501_ws/install/turtlesim_plus_interfaces:/home/tanakon/fra501_ws/install/turtlesim_plus:/home/tanakon/fra501_ws/install/turtlesim_interfaces:/home/tanakon/fra501_ws/install/turtlesim_control:/home/tanakon/fra501_ws/install/software_integration:/home/tanakon/fra501_ws/install/noob_gazebo:/home/tanakon/fra501_ws/install/noob_description:/home/tanakon/fra501_ws/install/my_controller_interfaces:/home/tanakon/fra501_ws/install/my_controller:/home/tanakon/fra501_ws/install/megarover_samples_ros2:/home/tanakon/FRA501_exam1_6414_6462/install/turtlesim_plus_interfaces:/home/tanakon/FRA501_exam1_6414_6462/install/turtlesim_plus:/home/tanakon/FRA501_exam1_6414_6462/install/controller_interfaces:/home/tanakon/FRA501_exam1_6414_6462/install/controller:/home/tanakon/carver_outdoor_ws/install/ackermann_odometry:/home/tanakon/carver_outdoor_ws/install/ackermann_controller:/opt/ros/humble LD_LIBRARY_PATH=/home/tanakon/FRA532EXAM_31_62_WS/install/micro_ros_msgs/lib:${LD_LIBRARY_PATH} PYTHONPATH=/home/tanakon/FRA532EXAM_31_62_WS/install/micro_ros_msgs/local/lib/python3.10/dist-packages:${PYTHONPATH} /usr/bin/cmake /home/tanakon/FRA532EXAM_31_62_WS/src/uros/micro-ROS-Agent/micro_ros_agent -DCMAKE_INSTALL_PREFIX=/home/tanakon/FRA532EXAM_31_62_WS/install/micro_ros_agent
[5.878s] DEBUG:colcon.colcon_core.event_handler.log_command:Invoked command in '/home/tanakon/FRA532EXAM_31_62_WS/build/micro_ros_agent' returned '0': AMENT_PREFIX_PATH=/home/tanakon/FRA532EXAM_31_62_WS/install/micro_ros_msgs:${AMENT_PREFIX_PATH} CMAKE_PREFIX_PATH=/home/tanakon/FRA532EXAM_31_62_WS/install/micro_ros_msgs:/home/tanakon/fra532_ws/install/vff_avoidance:/home/tanakon/fra532_ws/install/ur5_ros2_gazebo:/home/tanakon/fra532_ws/install/robot_control:/home/tanakon/fra532_ws/install/megarover_samples_ros2:/home/tanakon/fra532_ws/install/lab1:/home/tanakon/fra532_ws/install/carver_navigation:/home/tanakon/fra532_ws/install/calibration_gen:/home/tanakon/carver_outdoor_ws/install/twist_mux:/home/tanakon/carver_outdoor_ws/install/ros2_laser_scan_merger:/home/tanakon/carver_outdoor_ws/install/robot_localization:/home/tanakon/carver_outdoor_ws/install/realsense2_description:/home/tanakon/carver_outdoor_ws/install/realsense2_camera_msgs:/home/tanakon/carver_outdoor_ws/install/pointcloud_to_laserscan:/home/tanakon/carver_outdoor_ws/install/ldlidar:/home/tanakon/carver_outdoor_ws/install/carver_navigation:/home/tanakon/carver_outdoor_ws/install/carver_mqtt:/home/tanakon/carver_outdoor_ws/install/carver_imu:/home/tanakon/carver_outdoor_ws/install/carver_gps:/home/tanakon/carver_outdoor_ws/install/carver_esp32:/home/tanakon/carver_outdoor_ws/install/carver_description:/home/tanakon/carver_outdoor_ws/install/carver_bringup:/home/tanakon/carver_outdoor_ws/install/ackermann_interfaces:/home/tanakon/FRA532EXAM_WS/install/micro_ros_setup:/home/tanakon/FRA532EXAM_WS/install/micro_ros_agent:/home/tanakon/FRA532EXAM_WS/install/micro_ros_msgs:/home/tanakon/fra501_ws/install/xicro_pkg:/home/tanakon/fra501_ws/install/xicro_interfaces:/home/tanakon/fra501_ws/install/turtlesim_plus_interfaces:/home/tanakon/fra501_ws/install/turtlesim_plus:/home/tanakon/fra501_ws/install/turtlesim_interfaces:/home/tanakon/fra501_ws/install/turtlesim_control:/home/tanakon/fra501_ws/install/software_integration:/home/tanakon/fra501_ws/install/noob_gazebo:/home/tanakon/fra501_ws/install/noob_description:/home/tanakon/fra501_ws/install/my_controller_interfaces:/home/tanakon/fra501_ws/install/my_controller:/home/tanakon/fra501_ws/install/megarover_samples_ros2:/home/tanakon/FRA501_exam1_6414_6462/install/turtlesim_plus_interfaces:/home/tanakon/FRA501_exam1_6414_6462/install/turtlesim_plus:/home/tanakon/FRA501_exam1_6414_6462/install/controller_interfaces:/home/tanakon/FRA501_exam1_6414_6462/install/controller:/home/tanakon/carver_outdoor_ws/install/ackermann_odometry:/home/tanakon/carver_outdoor_ws/install/ackermann_controller:/opt/ros/humble LD_LIBRARY_PATH=/home/tanakon/FRA532EXAM_31_62_WS/install/micro_ros_msgs/lib:${LD_LIBRARY_PATH} PYTHONPATH=/home/tanakon/FRA532EXAM_31_62_WS/install/micro_ros_msgs/local/lib/python3.10/dist-packages:${PYTHONPATH} /usr/bin/cmake /home/tanakon/FRA532EXAM_31_62_WS/src/uros/micro-ROS-Agent/micro_ros_agent -DCMAKE_INSTALL_PREFIX=/home/tanakon/FRA532EXAM_31_62_WS/install/micro_ros_agent
[5.878s] DEBUG:colcon.colcon_core.event_handler.log_command:Invoking command in '/home/tanakon/FRA532EXAM_31_62_WS/build/micro_ros_agent': AMENT_PREFIX_PATH=/home/tanakon/FRA532EXAM_31_62_WS/install/micro_ros_msgs:${AMENT_PREFIX_PATH} CMAKE_PREFIX_PATH=/home/tanakon/FRA532EXAM_31_62_WS/install/micro_ros_msgs:/home/tanakon/fra532_ws/install/vff_avoidance:/home/tanakon/fra532_ws/install/ur5_ros2_gazebo:/home/tanakon/fra532_ws/install/robot_control:/home/tanakon/fra532_ws/install/megarover_samples_ros2:/home/tanakon/fra532_ws/install/lab1:/home/tanakon/fra532_ws/install/carver_navigation:/home/tanakon/fra532_ws/install/calibration_gen:/home/tanakon/carver_outdoor_ws/install/twist_mux:/home/tanakon/carver_outdoor_ws/install/ros2_laser_scan_merger:/home/tanakon/carver_outdoor_ws/install/robot_localization:/home/tanakon/carver_outdoor_ws/install/realsense2_description:/home/tanakon/carver_outdoor_ws/install/realsense2_camera_msgs:/home/tanakon/carver_outdoor_ws/install/pointcloud_to_laserscan:/home/tanakon/carver_outdoor_ws/install/ldlidar:/home/tanakon/carver_outdoor_ws/install/carver_navigation:/home/tanakon/carver_outdoor_ws/install/carver_mqtt:/home/tanakon/carver_outdoor_ws/install/carver_imu:/home/tanakon/carver_outdoor_ws/install/carver_gps:/home/tanakon/carver_outdoor_ws/install/carver_esp32:/home/tanakon/carver_outdoor_ws/install/carver_description:/home/tanakon/carver_outdoor_ws/install/carver_bringup:/home/tanakon/carver_outdoor_ws/install/ackermann_interfaces:/home/tanakon/FRA532EXAM_WS/install/micro_ros_setup:/home/tanakon/FRA532EXAM_WS/install/micro_ros_agent:/home/tanakon/FRA532EXAM_WS/install/micro_ros_msgs:/home/tanakon/fra501_ws/install/xicro_pkg:/home/tanakon/fra501_ws/install/xicro_interfaces:/home/tanakon/fra501_ws/install/turtlesim_plus_interfaces:/home/tanakon/fra501_ws/install/turtlesim_plus:/home/tanakon/fra501_ws/install/turtlesim_interfaces:/home/tanakon/fra501_ws/install/turtlesim_control:/home/tanakon/fra501_ws/install/software_integration:/home/tanakon/fra501_ws/install/noob_gazebo:/home/tanakon/fra501_ws/install/noob_description:/home/tanakon/fra501_ws/install/my_controller_interfaces:/home/tanakon/fra501_ws/install/my_controller:/home/tanakon/fra501_ws/install/megarover_samples_ros2:/home/tanakon/FRA501_exam1_6414_6462/install/turtlesim_plus_interfaces:/home/tanakon/FRA501_exam1_6414_6462/install/turtlesim_plus:/home/tanakon/FRA501_exam1_6414_6462/install/controller_interfaces:/home/tanakon/FRA501_exam1_6414_6462/install/controller:/home/tanakon/carver_outdoor_ws/install/ackermann_odometry:/home/tanakon/carver_outdoor_ws/install/ackermann_controller:/opt/ros/humble LD_LIBRARY_PATH=/home/tanakon/FRA532EXAM_31_62_WS/install/micro_ros_msgs/lib:${LD_LIBRARY_PATH} PYTHONPATH=/home/tanakon/FRA532EXAM_31_62_WS/install/micro_ros_msgs/local/lib/python3.10/dist-packages:${PYTHONPATH} /usr/bin/cmake --build /home/tanakon/FRA532EXAM_31_62_WS/build/micro_ros_agent -- -j16 -l16
[29.521s] DEBUG:colcon.colcon_core.event_handler.log_command:Invoked command in '/home/tanakon/FRA532EXAM_31_62_WS/build/micro_ros_agent' returned '0': AMENT_PREFIX_PATH=/home/tanakon/FRA532EXAM_31_62_WS/install/micro_ros_msgs:${AMENT_PREFIX_PATH} CMAKE_PREFIX_PATH=/home/tanakon/FRA532EXAM_31_62_WS/install/micro_ros_msgs:/home/tanakon/fra532_ws/install/vff_avoidance:/home/tanakon/fra532_ws/install/ur5_ros2_gazebo:/home/tanakon/fra532_ws/install/robot_control:/home/tanakon/fra532_ws/install/megarover_samples_ros2:/home/tanakon/fra532_ws/install/lab1:/home/tanakon/fra532_ws/install/carver_navigation:/home/tanakon/fra532_ws/install/calibration_gen:/home/tanakon/carver_outdoor_ws/install/twist_mux:/home/tanakon/carver_outdoor_ws/install/ros2_laser_scan_merger:/home/tanakon/carver_outdoor_ws/install/robot_localization:/home/tanakon/carver_outdoor_ws/install/realsense2_description:/home/tanakon/carver_outdoor_ws/install/realsense2_camera_msgs:/home/tanakon/carver_outdoor_ws/install/pointcloud_to_laserscan:/home/tanakon/carver_outdoor_ws/install/ldlidar:/home/tanakon/carver_outdoor_ws/install/carver_navigation:/home/tanakon/carver_outdoor_ws/install/carver_mqtt:/home/tanakon/carver_outdoor_ws/install/carver_imu:/home/tanakon/carver_outdoor_ws/install/carver_gps:/home/tanakon/carver_outdoor_ws/install/carver_esp32:/home/tanakon/carver_outdoor_ws/install/carver_description:/home/tanakon/carver_outdoor_ws/install/carver_bringup:/home/tanakon/carver_outdoor_ws/install/ackermann_interfaces:/home/tanakon/FRA532EXAM_WS/install/micro_ros_setup:/home/tanakon/FRA532EXAM_WS/install/micro_ros_agent:/home/tanakon/FRA532EXAM_WS/install/micro_ros_msgs:/home/tanakon/fra501_ws/install/xicro_pkg:/home/tanakon/fra501_ws/install/xicro_interfaces:/home/tanakon/fra501_ws/install/turtlesim_plus_interfaces:/home/tanakon/fra501_ws/install/turtlesim_plus:/home/tanakon/fra501_ws/install/turtlesim_interfaces:/home/tanakon/fra501_ws/install/turtlesim_control:/home/tanakon/fra501_ws/install/software_integration:/home/tanakon/fra501_ws/install/noob_gazebo:/home/tanakon/fra501_ws/install/noob_description:/home/tanakon/fra501_ws/install/my_controller_interfaces:/home/tanakon/fra501_ws/install/my_controller:/home/tanakon/fra501_ws/install/megarover_samples_ros2:/home/tanakon/FRA501_exam1_6414_6462/install/turtlesim_plus_interfaces:/home/tanakon/FRA501_exam1_6414_6462/install/turtlesim_plus:/home/tanakon/FRA501_exam1_6414_6462/install/controller_interfaces:/home/tanakon/FRA501_exam1_6414_6462/install/controller:/home/tanakon/carver_outdoor_ws/install/ackermann_odometry:/home/tanakon/carver_outdoor_ws/install/ackermann_controller:/opt/ros/humble LD_LIBRARY_PATH=/home/tanakon/FRA532EXAM_31_62_WS/install/micro_ros_msgs/lib:${LD_LIBRARY_PATH} PYTHONPATH=/home/tanakon/FRA532EXAM_31_62_WS/install/micro_ros_msgs/local/lib/python3.10/dist-packages:${PYTHONPATH} /usr/bin/cmake --build /home/tanakon/FRA532EXAM_31_62_WS/build/micro_ros_agent -- -j16 -l16
[29.567s] DEBUG:colcon.colcon_core.event_handler.log_command:Invoking command in '/home/tanakon/FRA532EXAM_31_62_WS/build/micro_ros_agent': AMENT_PREFIX_PATH=/home/tanakon/FRA532EXAM_31_62_WS/install/micro_ros_msgs:${AMENT_PREFIX_PATH} CMAKE_PREFIX_PATH=/home/tanakon/FRA532EXAM_31_62_WS/install/micro_ros_msgs:/home/tanakon/fra532_ws/install/vff_avoidance:/home/tanakon/fra532_ws/install/ur5_ros2_gazebo:/home/tanakon/fra532_ws/install/robot_control:/home/tanakon/fra532_ws/install/megarover_samples_ros2:/home/tanakon/fra532_ws/install/lab1:/home/tanakon/fra532_ws/install/carver_navigation:/home/tanakon/fra532_ws/install/calibration_gen:/home/tanakon/carver_outdoor_ws/install/twist_mux:/home/tanakon/carver_outdoor_ws/install/ros2_laser_scan_merger:/home/tanakon/carver_outdoor_ws/install/robot_localization:/home/tanakon/carver_outdoor_ws/install/realsense2_description:/home/tanakon/carver_outdoor_ws/install/realsense2_camera_msgs:/home/tanakon/carver_outdoor_ws/install/pointcloud_to_laserscan:/home/tanakon/carver_outdoor_ws/install/ldlidar:/home/tanakon/carver_outdoor_ws/install/carver_navigation:/home/tanakon/carver_outdoor_ws/install/carver_mqtt:/home/tanakon/carver_outdoor_ws/install/carver_imu:/home/tanakon/carver_outdoor_ws/install/carver_gps:/home/tanakon/carver_outdoor_ws/install/carver_esp32:/home/tanakon/carver_outdoor_ws/install/carver_description:/home/tanakon/carver_outdoor_ws/install/carver_bringup:/home/tanakon/carver_outdoor_ws/install/ackermann_interfaces:/home/tanakon/FRA532EXAM_WS/install/micro_ros_setup:/home/tanakon/FRA532EXAM_WS/install/micro_ros_agent:/home/tanakon/FRA532EXAM_WS/install/micro_ros_msgs:/home/tanakon/fra501_ws/install/xicro_pkg:/home/tanakon/fra501_ws/install/xicro_interfaces:/home/tanakon/fra501_ws/install/turtlesim_plus_interfaces:/home/tanakon/fra501_ws/install/turtlesim_plus:/home/tanakon/fra501_ws/install/turtlesim_interfaces:/home/tanakon/fra501_ws/install/turtlesim_control:/home/tanakon/fra501_ws/install/software_integration:/home/tanakon/fra501_ws/install/noob_gazebo:/home/tanakon/fra501_ws/install/noob_description:/home/tanakon/fra501_ws/install/my_controller_interfaces:/home/tanakon/fra501_ws/install/my_controller:/home/tanakon/fra501_ws/install/megarover_samples_ros2:/home/tanakon/FRA501_exam1_6414_6462/install/turtlesim_plus_interfaces:/home/tanakon/FRA501_exam1_6414_6462/install/turtlesim_plus:/home/tanakon/FRA501_exam1_6414_6462/install/controller_interfaces:/home/tanakon/FRA501_exam1_6414_6462/install/controller:/home/tanakon/carver_outdoor_ws/install/ackermann_odometry:/home/tanakon/carver_outdoor_ws/install/ackermann_controller:/opt/ros/humble LD_LIBRARY_PATH=/home/tanakon/FRA532EXAM_31_62_WS/install/micro_ros_msgs/lib:${LD_LIBRARY_PATH} PYTHONPATH=/home/tanakon/FRA532EXAM_31_62_WS/install/micro_ros_msgs/local/lib/python3.10/dist-packages:${PYTHONPATH} /usr/bin/cmake --install /home/tanakon/FRA532EXAM_31_62_WS/build/micro_ros_agent
[29.579s] Level 1:colcon.colcon_core.environment:create_environment_scripts_only(micro_ros_agent)
[29.580s] DEBUG:colcon.colcon_core.event_handler.log_command:Invoked command in '/home/tanakon/FRA532EXAM_31_62_WS/build/micro_ros_agent' returned '0': AMENT_PREFIX_PATH=/home/tanakon/FRA532EXAM_31_62_WS/install/micro_ros_msgs:${AMENT_PREFIX_PATH} CMAKE_PREFIX_PATH=/home/tanakon/FRA532EXAM_31_62_WS/install/micro_ros_msgs:/home/tanakon/fra532_ws/install/vff_avoidance:/home/tanakon/fra532_ws/install/ur5_ros2_gazebo:/home/tanakon/fra532_ws/install/robot_control:/home/tanakon/fra532_ws/install/megarover_samples_ros2:/home/tanakon/fra532_ws/install/lab1:/home/tanakon/fra532_ws/install/carver_navigation:/home/tanakon/fra532_ws/install/calibration_gen:/home/tanakon/carver_outdoor_ws/install/twist_mux:/home/tanakon/carver_outdoor_ws/install/ros2_laser_scan_merger:/home/tanakon/carver_outdoor_ws/install/robot_localization:/home/tanakon/carver_outdoor_ws/install/realsense2_description:/home/tanakon/carver_outdoor_ws/install/realsense2_camera_msgs:/home/tanakon/carver_outdoor_ws/install/pointcloud_to_laserscan:/home/tanakon/carver_outdoor_ws/install/ldlidar:/home/tanakon/carver_outdoor_ws/install/carver_navigation:/home/tanakon/carver_outdoor_ws/install/carver_mqtt:/home/tanakon/carver_outdoor_ws/install/carver_imu:/home/tanakon/carver_outdoor_ws/install/carver_gps:/home/tanakon/carver_outdoor_ws/install/carver_esp32:/home/tanakon/carver_outdoor_ws/install/carver_description:/home/tanakon/carver_outdoor_ws/install/carver_bringup:/home/tanakon/carver_outdoor_ws/install/ackermann_interfaces:/home/tanakon/FRA532EXAM_WS/install/micro_ros_setup:/home/tanakon/FRA532EXAM_WS/install/micro_ros_agent:/home/tanakon/FRA532EXAM_WS/install/micro_ros_msgs:/home/tanakon/fra501_ws/install/xicro_pkg:/home/tanakon/fra501_ws/install/xicro_interfaces:/home/tanakon/fra501_ws/install/turtlesim_plus_interfaces:/home/tanakon/fra501_ws/install/turtlesim_plus:/home/tanakon/fra501_ws/install/turtlesim_interfaces:/home/tanakon/fra501_ws/install/turtlesim_control:/home/tanakon/fra501_ws/install/software_integration:/home/tanakon/fra501_ws/install/noob_gazebo:/home/tanakon/fra501_ws/install/noob_description:/home/tanakon/fra501_ws/install/my_controller_interfaces:/home/tanakon/fra501_ws/install/my_controller:/home/tanakon/fra501_ws/install/megarover_samples_ros2:/home/tanakon/FRA501_exam1_6414_6462/install/turtlesim_plus_interfaces:/home/tanakon/FRA501_exam1_6414_6462/install/turtlesim_plus:/home/tanakon/FRA501_exam1_6414_6462/install/controller_interfaces:/home/tanakon/FRA501_exam1_6414_6462/install/controller:/home/tanakon/carver_outdoor_ws/install/ackermann_odometry:/home/tanakon/carver_outdoor_ws/install/ackermann_controller:/opt/ros/humble LD_LIBRARY_PATH=/home/tanakon/FRA532EXAM_31_62_WS/install/micro_ros_msgs/lib:${LD_LIBRARY_PATH} PYTHONPATH=/home/tanakon/FRA532EXAM_31_62_WS/install/micro_ros_msgs/local/lib/python3.10/dist-packages:${PYTHONPATH} /usr/bin/cmake --install /home/tanakon/FRA532EXAM_31_62_WS/build/micro_ros_agent
[29.593s] Level 1:colcon.colcon_core.environment:checking '/home/tanakon/FRA532EXAM_31_62_WS/install/micro_ros_agent' for CMake module files
[29.593s] Level 1:colcon.colcon_core.environment:checking '/home/tanakon/FRA532EXAM_31_62_WS/install/micro_ros_agent' for CMake config files
[29.593s] Level 1:colcon.colcon_core.shell:create_environment_hook('micro_ros_agent', 'cmake_prefix_path')
[29.605s] INFO:colcon.colcon_core.shell:Creating environment hook '/home/tanakon/FRA532EXAM_31_62_WS/install/micro_ros_agent/share/micro_ros_agent/hook/cmake_prefix_path.ps1'
[29.606s] INFO:colcon.colcon_core.shell:Creating environment descriptor '/home/tanakon/FRA532EXAM_31_62_WS/install/micro_ros_agent/share/micro_ros_agent/hook/cmake_prefix_path.dsv'
[29.606s] INFO:colcon.colcon_core.shell:Creating environment hook '/home/tanakon/FRA532EXAM_31_62_WS/install/micro_ros_agent/share/micro_ros_agent/hook/cmake_prefix_path.sh'
[29.606s] Level 1:colcon.colcon_core.environment:checking '/home/tanakon/FRA532EXAM_31_62_WS/install/micro_ros_agent/lib'
[29.606s] Level 1:colcon.colcon_core.shell:create_environment_hook('micro_ros_agent', 'ld_library_path_lib')
[29.618s] INFO:colcon.colcon_core.shell:Creating environment hook '/home/tanakon/FRA532EXAM_31_62_WS/install/micro_ros_agent/share/micro_ros_agent/hook/ld_library_path_lib.ps1'
[29.619s] INFO:colcon.colcon_core.shell:Creating environment descriptor '/home/tanakon/FRA532EXAM_31_62_WS/install/micro_ros_agent/share/micro_ros_agent/hook/ld_library_path_lib.dsv'
[29.619s] INFO:colcon.colcon_core.shell:Creating environment hook '/home/tanakon/FRA532EXAM_31_62_WS/install/micro_ros_agent/share/micro_ros_agent/hook/ld_library_path_lib.sh'
[29.619s] Level 1:colcon.colcon_core.environment:checking '/home/tanakon/FRA532EXAM_31_62_WS/install/micro_ros_agent/bin'
[29.619s] Level 1:colcon.colcon_core.environment:checking '/home/tanakon/FRA532EXAM_31_62_WS/install/micro_ros_agent/lib/pkgconfig/micro_ros_agent.pc'
[29.619s] Level 1:colcon.colcon_core.environment:checking '/home/tanakon/FRA532EXAM_31_62_WS/install/micro_ros_agent/lib/python3.10/site-packages'
[29.619s] Level 1:colcon.colcon_core.environment:checking '/home/tanakon/FRA532EXAM_31_62_WS/install/micro_ros_agent/bin'
[29.632s] INFO:colcon.colcon_core.shell:Creating package script '/home/tanakon/FRA532EXAM_31_62_WS/install/micro_ros_agent/share/micro_ros_agent/package.ps1'
[29.632s] INFO:colcon.colcon_core.shell:Creating package descriptor '/home/tanakon/FRA532EXAM_31_62_WS/install/micro_ros_agent/share/micro_ros_agent/package.dsv'
[29.632s] INFO:colcon.colcon_core.shell:Creating package script '/home/tanakon/FRA532EXAM_31_62_WS/install/micro_ros_agent/share/micro_ros_agent/package.sh'
[29.633s] INFO:colcon.colcon_core.shell:Creating package script '/home/tanakon/FRA532EXAM_31_62_WS/install/micro_ros_agent/share/micro_ros_agent/package.bash'
[29.633s] INFO:colcon.colcon_core.shell:Creating package script '/home/tanakon/FRA532EXAM_31_62_WS/install/micro_ros_agent/share/micro_ros_agent/package.zsh'
[29.633s] Level 1:colcon.colcon_core.environment:create_file_with_runtime_dependencies(/home/tanakon/FRA532EXAM_31_62_WS/install/micro_ros_agent/share/colcon-core/packages/micro_ros_agent)
[29.691s] Level 1:colcon.colcon_core.environment:create_environment_scripts_only(micro_ros_agent)
[29.703s] Level 1:colcon.colcon_core.environment:checking '/home/tanakon/FRA532EXAM_31_62_WS/install/micro_ros_agent' for CMake module files
[29.703s] Level 1:colcon.colcon_core.environment:checking '/home/tanakon/FRA532EXAM_31_62_WS/install/micro_ros_agent' for CMake config files
[29.703s] Level 1:colcon.colcon_core.shell:create_environment_hook('micro_ros_agent', 'cmake_prefix_path')
[29.715s] INFO:colcon.colcon_core.shell:Creating environment hook '/home/tanakon/FRA532EXAM_31_62_WS/install/micro_ros_agent/share/micro_ros_agent/hook/cmake_prefix_path.ps1'
[29.716s] INFO:colcon.colcon_core.shell:Creating environment descriptor '/home/tanakon/FRA532EXAM_31_62_WS/install/micro_ros_agent/share/micro_ros_agent/hook/cmake_prefix_path.dsv'
[29.716s] INFO:colcon.colcon_core.shell:Creating environment hook '/home/tanakon/FRA532EXAM_31_62_WS/install/micro_ros_agent/share/micro_ros_agent/hook/cmake_prefix_path.sh'
[29.716s] Level 1:colcon.colcon_core.environment:checking '/home/tanakon/FRA532EXAM_31_62_WS/install/micro_ros_agent/lib'
[29.716s] Level 1:colcon.colcon_core.shell:create_environment_hook('micro_ros_agent', 'ld_library_path_lib')
[29.728s] INFO:colcon.colcon_core.shell:Creating environment hook '/home/tanakon/FRA532EXAM_31_62_WS/install/micro_ros_agent/share/micro_ros_agent/hook/ld_library_path_lib.ps1'
[29.728s] INFO:colcon.colcon_core.shell:Creating environment descriptor '/home/tanakon/FRA532EXAM_31_62_WS/install/micro_ros_agent/share/micro_ros_agent/hook/ld_library_path_lib.dsv'
[29.729s] INFO:colcon.colcon_core.shell:Creating environment hook '/home/tanakon/FRA532EXAM_31_62_WS/install/micro_ros_agent/share/micro_ros_agent/hook/ld_library_path_lib.sh'
[29.729s] Level 1:colcon.colcon_core.environment:checking '/home/tanakon/FRA532EXAM_31_62_WS/install/micro_ros_agent/bin'
[29.729s] Level 1:colcon.colcon_core.environment:checking '/home/tanakon/FRA532EXAM_31_62_WS/install/micro_ros_agent/lib/pkgconfig/micro_ros_agent.pc'
[29.729s] Level 1:colcon.colcon_core.environment:checking '/home/tanakon/FRA532EXAM_31_62_WS/install/micro_ros_agent/lib/python3.10/site-packages'
[29.729s] Level 1:colcon.colcon_core.environment:checking '/home/tanakon/FRA532EXAM_31_62_WS/install/micro_ros_agent/bin'
[29.741s] INFO:colcon.colcon_core.shell:Creating package script '/home/tanakon/FRA532EXAM_31_62_WS/install/micro_ros_agent/share/micro_ros_agent/package.ps1'
[29.742s] INFO:colcon.colcon_core.shell:Creating package descriptor '/home/tanakon/FRA532EXAM_31_62_WS/install/micro_ros_agent/share/micro_ros_agent/package.dsv'
[29.742s] INFO:colcon.colcon_core.shell:Creating package script '/home/tanakon/FRA532EXAM_31_62_WS/install/micro_ros_agent/share/micro_ros_agent/package.sh'
[29.742s] INFO:colcon.colcon_core.shell:Creating package script '/home/tanakon/FRA532EXAM_31_62_WS/install/micro_ros_agent/share/micro_ros_agent/package.bash'
[29.743s] INFO:colcon.colcon_core.shell:Creating package script '/home/tanakon/FRA532EXAM_31_62_WS/install/micro_ros_agent/share/micro_ros_agent/package.zsh'
[29.743s] Level 1:colcon.colcon_core.environment:create_file_with_runtime_dependencies(/home/tanakon/FRA532EXAM_31_62_WS/install/micro_ros_agent/share/colcon-core/packages/micro_ros_agent)
[29.743s] DEBUG:colcon.colcon_parallel_executor.executor.parallel:closing loop
[29.743s] DEBUG:colcon.colcon_parallel_executor.executor.parallel:loop closed
[29.743s] DEBUG:colcon.colcon_parallel_executor.executor.parallel:run_until_complete finished with '0'
[29.743s] DEBUG:colcon.colcon_core.event_reactor:joining thread
[29.762s] INFO:colcon.colcon_core.plugin_system:Skipping extension 'colcon_notification.desktop_notification.terminal_notifier': Not used on non-Darwin systems
[29.762s] INFO:colcon.colcon_core.plugin_system:Skipping extension 'colcon_notification.desktop_notification.win32': Not used on non-Windows systems
[29.762s] INFO:colcon.colcon_notification.desktop_notification:Sending desktop notification using 'notify2'
[29.773s] DEBUG:colcon.colcon_core.event_reactor:joined thread
[29.785s] INFO:colcon.colcon_core.shell:Creating prefix script '/home/tanakon/FRA532EXAM_31_62_WS/install/local_setup.ps1'
[29.786s] INFO:colcon.colcon_core.shell:Creating prefix util module '/home/tanakon/FRA532EXAM_31_62_WS/install/_local_setup_util_ps1.py'
[29.787s] INFO:colcon.colcon_core.shell:Creating prefix chain script '/home/tanakon/FRA532EXAM_31_62_WS/install/setup.ps1'
[29.802s] INFO:colcon.colcon_core.shell:Creating prefix script '/home/tanakon/FRA532EXAM_31_62_WS/install/local_setup.sh'
[29.802s] INFO:colcon.colcon_core.shell:Creating prefix util module '/home/tanakon/FRA532EXAM_31_62_WS/install/_local_setup_util_sh.py'
[29.802s] INFO:colcon.colcon_core.shell:Creating prefix chain script '/home/tanakon/FRA532EXAM_31_62_WS/install/setup.sh'
[29.817s] INFO:colcon.colcon_core.shell:Creating prefix script '/home/tanakon/FRA532EXAM_31_62_WS/install/local_setup.bash'
[29.817s] INFO:colcon.colcon_core.shell:Creating prefix chain script '/home/tanakon/FRA532EXAM_31_62_WS/install/setup.bash'
[29.831s] INFO:colcon.colcon_core.shell:Creating prefix script '/home/tanakon/FRA532EXAM_31_62_WS/install/local_setup.zsh'
[29.831s] INFO:colcon.colcon_core.shell:Creating prefix chain script '/home/tanakon/FRA532EXAM_31_62_WS/install/setup.zsh'
