[0.214s] Invoking command in '/home/tanakon/FRA532EXAM_31_62_WS/build/micro_ros_msgs': CMAKE_PREFIX_PATH=${CMAKE_PREFIX_PATH}:/home/tanakon/carver_outdoor_ws/install/ackermann_odometry:/home/tanakon/carver_outdoor_ws/install/ackermann_controller:/opt/ros/humble /usr/bin/cmake /home/tanakon/FRA532EXAM_31_62_WS/src/uros/micro_ros_msgs -DCMAKE_INSTALL_PREFIX=/home/tanakon/FRA532EXAM_31_62_WS/install/micro_ros_msgs
[0.290s] -- The C compiler identification is GNU 11.4.0
[0.349s] -- The CXX compiler identification is GNU 11.4.0
[0.358s] -- Detecting C compiler ABI info
[0.423s] -- Detecting C compiler ABI info - done
[0.427s] -- Check for working C compiler: /usr/bin/cc - skipped
[0.428s] -- Detecting C compile features
[0.428s] -- Detecting C compile features - done
[0.431s] -- Detecting CXX compiler ABI info
[0.501s] -- Detecting CXX compiler ABI info - done
[0.506s] -- Check for working CXX compiler: /usr/bin/c++ - skipped
[0.506s] -- Detecting CXX compile features
[0.507s] -- Detecting CXX compile features - done
[0.517s] -- Found ament_cmake: 1.3.7 (/opt/ros/humble/share/ament_cmake/cmake)
[0.703s] -- Found Python3: /usr/bin/python3.10 (found version "3.10.12") found components: Interpreter 
[0.861s] -- Found rosidl_default_generators: 1.2.0 (/opt/ros/humble/share/rosidl_default_generators/cmake)
[0.874s] -- Using all available rosidl_typesupport_c: rosidl_typesupport_fastrtps_c;rosidl_typesupport_introspection_c
[0.896s] -- Found rosidl_adapter: 3.1.5 (/opt/ros/humble/share/rosidl_adapter/cmake)
[0.983s] -- Using all available rosidl_typesupport_cpp: rosidl_typesupport_fastrtps_cpp;rosidl_typesupport_introspection_cpp
[1.049s] -- Found ament_lint_auto: 0.12.10 (/opt/ros/humble/share/ament_lint_auto/cmake)
[1.340s] -- Found ament_cmake_ros: 0.10.0 (/opt/ros/humble/share/ament_cmake_ros/cmake)
[1.523s] -- Using all available rosidl_typesupport_c: rosidl_typesupport_fastrtps_c;rosidl_typesupport_introspection_c
[1.744s] -- Using all available rosidl_typesupport_cpp: rosidl_typesupport_fastrtps_cpp;rosidl_typesupport_introspection_cpp
[1.767s] -- Found PythonInterp: /usr/bin/python3 (found suitable version "3.10.12", minimum required is "3.6") 
[1.773s] -- Found python_cmake_module: 0.10.0 (/opt/ros/humble/share/python_cmake_module/cmake)
[1.801s] -- Found PythonLibs: /usr/lib/x86_64-linux-gnu/libpython3.10.so (found suitable version "3.10.12", minimum required is "3.5") 
[1.801s] -- Using PYTHON_EXECUTABLE: /usr/bin/python3
[1.801s] -- Using PYTHON_INCLUDE_DIRS: /usr/include/python3.10
[1.801s] -- Using PYTHON_LIBRARIES: /usr/lib/x86_64-linux-gnu/libpython3.10.so
[1.822s] -- Found PythonExtra: .so  
[1.864s] -- Added test 'copyright' to check source files copyright and LICENSE
[1.871s] -- Added test 'lint_cmake' to check CMake code style
[1.876s] -- Added test 'xmllint' to check XML markup files
[1.882s] -- Configuring done
[1.907s] -- Generating done
[1.909s] -- Build files have been written to: /home/tanakon/FRA532EXAM_31_62_WS/build/micro_ros_msgs
[1.915s] Invoked command in '/home/tanakon/FRA532EXAM_31_62_WS/build/micro_ros_msgs' returned '0': CMAKE_PREFIX_PATH=${CMAKE_PREFIX_PATH}:/home/tanakon/carver_outdoor_ws/install/ackermann_odometry:/home/tanakon/carver_outdoor_ws/install/ackermann_controller:/opt/ros/humble /usr/bin/cmake /home/tanakon/FRA532EXAM_31_62_WS/src/uros/micro_ros_msgs -DCMAKE_INSTALL_PREFIX=/home/tanakon/FRA532EXAM_31_62_WS/install/micro_ros_msgs
[1.916s] Invoking command in '/home/tanakon/FRA532EXAM_31_62_WS/build/micro_ros_msgs': CMAKE_PREFIX_PATH=${CMAKE_PREFIX_PATH}:/home/tanakon/carver_outdoor_ws/install/ackermann_odometry:/home/tanakon/carver_outdoor_ws/install/ackermann_controller:/opt/ros/humble /usr/bin/cmake --build /home/tanakon/FRA532EXAM_31_62_WS/build/micro_ros_msgs -- -j16 -l16
[1.955s] [  2%] [34m[1mGenerating C code for ROS interfaces[0m
[1.965s] [  4%] [34m[1mGenerating C++ code for ROS interfaces[0m
[1.974s] [  4%] Built target ament_cmake_python_copy_micro_ros_msgs
[2.199s] running egg_info
[2.200s] creating micro_ros_msgs.egg-info
[2.200s] writing micro_ros_msgs.egg-info/PKG-INFO
[2.200s] writing dependency_links to micro_ros_msgs.egg-info/dependency_links.txt
[2.200s] writing top-level names to micro_ros_msgs.egg-info/top_level.txt
[2.200s] writing manifest file 'micro_ros_msgs.egg-info/SOURCES.txt'
[2.203s] reading manifest file 'micro_ros_msgs.egg-info/SOURCES.txt'
[2.203s] writing manifest file 'micro_ros_msgs.egg-info/SOURCES.txt'
[2.232s] [  4%] Built target micro_ros_msgs__cpp
[2.242s] [ 14%] Built target ament_cmake_python_build_micro_ros_msgs_egg
[2.242s] [ 14%] [32mBuilding C object CMakeFiles/micro_ros_msgs__rosidl_generator_c.dir/rosidl_generator_c/micro_ros_msgs/msg/detail/node__functions.c.o[0m
[2.243s] [ 14%] [34m[1mGenerating C++ type support for eProsima Fast-RTPS[0m
[2.243s] [ 14%] [32mBuilding C object CMakeFiles/micro_ros_msgs__rosidl_generator_c.dir/rosidl_generator_c/micro_ros_msgs/msg/detail/entity__functions.c.o[0m
[2.243s] [ 17%] [32mBuilding C object CMakeFiles/micro_ros_msgs__rosidl_generator_c.dir/rosidl_generator_c/micro_ros_msgs/msg/detail/graph__functions.c.o[0m
[2.243s] [ 17%] [34m[1mGenerating C++ introspection for ROS interfaces[0m
[2.243s] [ 17%] [34m[1mGenerating C++ type support dispatch for ROS interfaces[0m
[2.284s] [ 19%] [32m[1mLinking C shared library libmicro_ros_msgs__rosidl_generator_c.so[0m
[2.319s] [ 19%] Built target micro_ros_msgs__rosidl_generator_c
[2.330s] [ 25%] [34m[1mGenerating C introspection for ROS interfaces[0m
[2.330s] [ 25%] [34m[1mGenerating C type support dispatch for ROS interfaces[0m
[2.330s] [ 25%] [34m[1mGenerating C type support for eProsima Fast-RTPS[0m
[2.476s] [ 29%] [32mBuilding CXX object CMakeFiles/micro_ros_msgs__rosidl_typesupport_cpp.dir/rosidl_typesupport_cpp/micro_ros_msgs/msg/entity__type_support.cpp.o[0m
[2.476s] [ 29%] [32mBuilding CXX object CMakeFiles/micro_ros_msgs__rosidl_typesupport_cpp.dir/rosidl_typesupport_cpp/micro_ros_msgs/msg/node__type_support.cpp.o[0m
[2.477s] [ 31%] [32mBuilding CXX object CMakeFiles/micro_ros_msgs__rosidl_typesupport_cpp.dir/rosidl_typesupport_cpp/micro_ros_msgs/msg/graph__type_support.cpp.o[0m
[2.488s] [ 34%] [32mBuilding CXX object CMakeFiles/micro_ros_msgs__rosidl_typesupport_introspection_cpp.dir/rosidl_typesupport_introspection_cpp/micro_ros_msgs/msg/detail/graph__type_support.cpp.o[0m
[2.490s] [ 36%] [32mBuilding CXX object CMakeFiles/micro_ros_msgs__rosidl_typesupport_introspection_cpp.dir/rosidl_typesupport_introspection_cpp/micro_ros_msgs/msg/detail/entity__type_support.cpp.o[0m
[2.490s] [ 38%] [32mBuilding CXX object CMakeFiles/micro_ros_msgs__rosidl_typesupport_introspection_cpp.dir/rosidl_typesupport_introspection_cpp/micro_ros_msgs/msg/detail/node__type_support.cpp.o[0m
[2.518s] [ 44%] [32mBuilding CXX object CMakeFiles/micro_ros_msgs__rosidl_typesupport_fastrtps_cpp.dir/rosidl_typesupport_fastrtps_cpp/micro_ros_msgs/msg/detail/dds_fastrtps/graph__type_support.cpp.o[0m
[2.518s] [ 44%] [32mBuilding CXX object CMakeFiles/micro_ros_msgs__rosidl_typesupport_fastrtps_cpp.dir/rosidl_typesupport_fastrtps_cpp/micro_ros_msgs/msg/detail/dds_fastrtps/entity__type_support.cpp.o[0m
[2.518s] [ 44%] [32mBuilding CXX object CMakeFiles/micro_ros_msgs__rosidl_typesupport_fastrtps_cpp.dir/rosidl_typesupport_fastrtps_cpp/micro_ros_msgs/msg/detail/dds_fastrtps/node__type_support.cpp.o[0m
[2.579s] [ 48%] [32mBuilding CXX object CMakeFiles/micro_ros_msgs__rosidl_typesupport_c.dir/rosidl_typesupport_c/micro_ros_msgs/msg/node__type_support.cpp.o[0m
[2.579s] [ 48%] [32mBuilding CXX object CMakeFiles/micro_ros_msgs__rosidl_typesupport_c.dir/rosidl_typesupport_c/micro_ros_msgs/msg/graph__type_support.cpp.o[0m
[2.579s] [ 51%] [32mBuilding CXX object CMakeFiles/micro_ros_msgs__rosidl_typesupport_c.dir/rosidl_typesupport_c/micro_ros_msgs/msg/entity__type_support.cpp.o[0m
[2.623s] [ 53%] [32m[1mLinking CXX shared library libmicro_ros_msgs__rosidl_typesupport_c.so[0m
[2.637s] [ 59%] [32mBuilding CXX object CMakeFiles/micro_ros_msgs__rosidl_typesupport_fastrtps_c.dir/rosidl_typesupport_fastrtps_c/micro_ros_msgs/msg/detail/node__type_support_c.cpp.o[0m
[2.637s] [ 59%] [32mBuilding CXX object CMakeFiles/micro_ros_msgs__rosidl_typesupport_fastrtps_c.dir/rosidl_typesupport_fastrtps_c/micro_ros_msgs/msg/detail/graph__type_support_c.cpp.o[0m
[2.637s] [ 59%] [32mBuilding CXX object CMakeFiles/micro_ros_msgs__rosidl_typesupport_fastrtps_c.dir/rosidl_typesupport_fastrtps_c/micro_ros_msgs/msg/detail/entity__type_support_c.cpp.o[0m
[2.652s] [ 65%] [32mBuilding C object CMakeFiles/micro_ros_msgs__rosidl_typesupport_introspection_c.dir/rosidl_typesupport_introspection_c/micro_ros_msgs/msg/detail/node__type_support.c.o[0m
[2.652s] [ 65%] [32mBuilding C object CMakeFiles/micro_ros_msgs__rosidl_typesupport_introspection_c.dir/rosidl_typesupport_introspection_c/micro_ros_msgs/msg/detail/graph__type_support.c.o[0m
[2.653s] [ 65%] [32mBuilding C object CMakeFiles/micro_ros_msgs__rosidl_typesupport_introspection_c.dir/rosidl_typesupport_introspection_c/micro_ros_msgs/msg/detail/entity__type_support.c.o[0m
[2.687s] [ 65%] Built target micro_ros_msgs__rosidl_typesupport_c
[2.713s] [ 68%] [32m[1mLinking C shared library libmicro_ros_msgs__rosidl_typesupport_introspection_c.so[0m
[2.755s] [ 68%] Built target micro_ros_msgs__rosidl_typesupport_introspection_c
[2.782s] [ 70%] [32m[1mLinking CXX shared library libmicro_ros_msgs__rosidl_typesupport_cpp.so[0m
[2.822s] [ 70%] Built target micro_ros_msgs__rosidl_typesupport_cpp
[2.985s] [ 72%] [32m[1mLinking CXX shared library libmicro_ros_msgs__rosidl_typesupport_fastrtps_c.so[0m
[3.006s] [ 74%] [32m[1mLinking CXX shared library libmicro_ros_msgs__rosidl_typesupport_introspection_cpp.so[0m
[3.007s] [ 76%] [32m[1mLinking CXX shared library libmicro_ros_msgs__rosidl_typesupport_fastrtps_cpp.so[0m
[3.048s] [ 76%] Built target micro_ros_msgs__rosidl_typesupport_fastrtps_c
[3.076s] [ 76%] Built target micro_ros_msgs__rosidl_typesupport_fastrtps_cpp
[3.076s] [ 76%] Built target micro_ros_msgs__rosidl_typesupport_introspection_cpp
[3.097s] [ 76%] Built target micro_ros_msgs
[3.117s] [ 78%] [34m[1mGenerating Python code for ROS interfaces[0m
[3.465s] [ 78%] Built target micro_ros_msgs__py
[3.486s] [ 85%] [32mBuilding C object CMakeFiles/micro_ros_msgs__rosidl_generator_py.dir/rosidl_generator_py/micro_ros_msgs/msg/_node_s.c.o[0m
[3.486s] [ 85%] [32mBuilding C object CMakeFiles/micro_ros_msgs__rosidl_generator_py.dir/rosidl_generator_py/micro_ros_msgs/msg/_graph_s.c.o[0m
[3.486s] [ 85%] [32mBuilding C object CMakeFiles/micro_ros_msgs__rosidl_generator_py.dir/rosidl_generator_py/micro_ros_msgs/msg/_entity_s.c.o[0m
[3.564s] [ 87%] [32m[1mLinking C shared library rosidl_generator_py/micro_ros_msgs/libmicro_ros_msgs__rosidl_generator_py.so[0m
[3.600s] [ 87%] Built target micro_ros_msgs__rosidl_generator_py
[3.623s] [ 93%] [32mBuilding C object CMakeFiles/micro_ros_msgs__rosidl_typesupport_c__pyext.dir/rosidl_generator_py/micro_ros_msgs/_micro_ros_msgs_s.ep.rosidl_typesupport_c.c.o[0m
[3.623s] [ 93%] [32mBuilding C object CMakeFiles/micro_ros_msgs__rosidl_typesupport_introspection_c__pyext.dir/rosidl_generator_py/micro_ros_msgs/_micro_ros_msgs_s.ep.rosidl_typesupport_introspection_c.c.o[0m
[3.623s] [ 93%] [32mBuilding C object CMakeFiles/micro_ros_msgs__rosidl_typesupport_fastrtps_c__pyext.dir/rosidl_generator_py/micro_ros_msgs/_micro_ros_msgs_s.ep.rosidl_typesupport_fastrtps_c.c.o[0m
[3.695s] [ 97%] [32m[1mLinking C shared library rosidl_generator_py/micro_ros_msgs/micro_ros_msgs_s__rosidl_typesupport_introspection_c.cpython-310-x86_64-linux-gnu.so[0m
[3.695s] [ 97%] [32m[1mLinking C shared library rosidl_generator_py/micro_ros_msgs/micro_ros_msgs_s__rosidl_typesupport_c.cpython-310-x86_64-linux-gnu.so[0m
[3.698s] [100%] [32m[1mLinking C shared library rosidl_generator_py/micro_ros_msgs/micro_ros_msgs_s__rosidl_typesupport_fastrtps_c.cpython-310-x86_64-linux-gnu.so[0m
[3.726s] [100%] Built target micro_ros_msgs__rosidl_typesupport_introspection_c__pyext
[3.726s] [100%] Built target micro_ros_msgs__rosidl_typesupport_c__pyext
[3.730s] [100%] Built target micro_ros_msgs__rosidl_typesupport_fastrtps_c__pyext
[3.742s] Invoked command in '/home/tanakon/FRA532EXAM_31_62_WS/build/micro_ros_msgs' returned '0': CMAKE_PREFIX_PATH=${CMAKE_PREFIX_PATH}:/home/tanakon/carver_outdoor_ws/install/ackermann_odometry:/home/tanakon/carver_outdoor_ws/install/ackermann_controller:/opt/ros/humble /usr/bin/cmake --build /home/tanakon/FRA532EXAM_31_62_WS/build/micro_ros_msgs -- -j16 -l16
[3.878s] Invoking command in '/home/tanakon/FRA532EXAM_31_62_WS/build/micro_ros_msgs': CMAKE_PREFIX_PATH=${CMAKE_PREFIX_PATH}:/home/tanakon/carver_outdoor_ws/install/ackermann_odometry:/home/tanakon/carver_outdoor_ws/install/ackermann_controller:/opt/ros/humble /usr/bin/cmake --install /home/tanakon/FRA532EXAM_31_62_WS/build/micro_ros_msgs
[3.886s] -- Install configuration: ""
[3.886s] -- Installing: /home/tanakon/FRA532EXAM_31_62_WS/install/micro_ros_msgs/share/ament_index/resource_index/rosidl_interfaces/micro_ros_msgs
[3.886s] -- Installing: /home/tanakon/FRA532EXAM_31_62_WS/install/micro_ros_msgs/include/micro_ros_msgs/micro_ros_msgs
[3.886s] -- Installing: /home/tanakon/FRA532EXAM_31_62_WS/install/micro_ros_msgs/include/micro_ros_msgs/micro_ros_msgs/msg
[3.886s] -- Installing: /home/tanakon/FRA532EXAM_31_62_WS/install/micro_ros_msgs/include/micro_ros_msgs/micro_ros_msgs/msg/entity.h
[3.887s] -- Installing: /home/tanakon/FRA532EXAM_31_62_WS/install/micro_ros_msgs/include/micro_ros_msgs/micro_ros_msgs/msg/graph.h
[3.887s] -- Installing: /home/tanakon/FRA532EXAM_31_62_WS/install/micro_ros_msgs/include/micro_ros_msgs/micro_ros_msgs/msg/detail
[3.887s] -- Installing: /home/tanakon/FRA532EXAM_31_62_WS/install/micro_ros_msgs/include/micro_ros_msgs/micro_ros_msgs/msg/detail/node__functions.h
[3.887s] -- Installing: /home/tanakon/FRA532EXAM_31_62_WS/install/micro_ros_msgs/include/micro_ros_msgs/micro_ros_msgs/msg/detail/node__functions.c
[3.887s] -- Installing: /home/tanakon/FRA532EXAM_31_62_WS/install/micro_ros_msgs/include/micro_ros_msgs/micro_ros_msgs/msg/detail/entity__type_support.h
[3.887s] -- Installing: /home/tanakon/FRA532EXAM_31_62_WS/install/micro_ros_msgs/include/micro_ros_msgs/micro_ros_msgs/msg/detail/graph__functions.c
[3.887s] -- Installing: /home/tanakon/FRA532EXAM_31_62_WS/install/micro_ros_msgs/include/micro_ros_msgs/micro_ros_msgs/msg/detail/node__struct.h
[3.887s] -- Installing: /home/tanakon/FRA532EXAM_31_62_WS/install/micro_ros_msgs/include/micro_ros_msgs/micro_ros_msgs/msg/detail/entity__functions.h
[3.887s] -- Installing: /home/tanakon/FRA532EXAM_31_62_WS/install/micro_ros_msgs/include/micro_ros_msgs/micro_ros_msgs/msg/detail/graph__struct.h
[3.887s] -- Installing: /home/tanakon/FRA532EXAM_31_62_WS/install/micro_ros_msgs/include/micro_ros_msgs/micro_ros_msgs/msg/detail/entity__struct.h
[3.887s] -- Installing: /home/tanakon/FRA532EXAM_31_62_WS/install/micro_ros_msgs/include/micro_ros_msgs/micro_ros_msgs/msg/detail/graph__functions.h
[3.887s] -- Installing: /home/tanakon/FRA532EXAM_31_62_WS/install/micro_ros_msgs/include/micro_ros_msgs/micro_ros_msgs/msg/detail/node__type_support.h
[3.888s] -- Installing: /home/tanakon/FRA532EXAM_31_62_WS/install/micro_ros_msgs/include/micro_ros_msgs/micro_ros_msgs/msg/detail/graph__type_support.h
[3.888s] -- Installing: /home/tanakon/FRA532EXAM_31_62_WS/install/micro_ros_msgs/include/micro_ros_msgs/micro_ros_msgs/msg/detail/entity__functions.c
[3.888s] -- Installing: /home/tanakon/FRA532EXAM_31_62_WS/install/micro_ros_msgs/include/micro_ros_msgs/micro_ros_msgs/msg/node.h
[3.888s] -- Installing: /home/tanakon/FRA532EXAM_31_62_WS/install/micro_ros_msgs/include/micro_ros_msgs/micro_ros_msgs/msg/rosidl_generator_c__visibility_control.h
[3.888s] -- Installing: /home/tanakon/FRA532EXAM_31_62_WS/install/micro_ros_msgs/share/micro_ros_msgs/environment/library_path.sh
[3.888s] -- Installing: /home/tanakon/FRA532EXAM_31_62_WS/install/micro_ros_msgs/share/micro_ros_msgs/environment/library_path.dsv
[3.888s] -- Installing: /home/tanakon/FRA532EXAM_31_62_WS/install/micro_ros_msgs/lib/libmicro_ros_msgs__rosidl_generator_c.so
[3.889s] -- Set runtime path of "/home/tanakon/FRA532EXAM_31_62_WS/install/micro_ros_msgs/lib/libmicro_ros_msgs__rosidl_generator_c.so" to ""
[3.889s] -- Up-to-date: /home/tanakon/FRA532EXAM_31_62_WS/install/micro_ros_msgs/include/micro_ros_msgs/micro_ros_msgs
[3.889s] -- Up-to-date: /home/tanakon/FRA532EXAM_31_62_WS/install/micro_ros_msgs/include/micro_ros_msgs/micro_ros_msgs/msg
[3.889s] -- Installing: /home/tanakon/FRA532EXAM_31_62_WS/install/micro_ros_msgs/include/micro_ros_msgs/micro_ros_msgs/msg/rosidl_typesupport_fastrtps_c__visibility_control.h
[3.889s] -- Up-to-date: /home/tanakon/FRA532EXAM_31_62_WS/install/micro_ros_msgs/include/micro_ros_msgs/micro_ros_msgs/msg/detail
[3.889s] -- Installing: /home/tanakon/FRA532EXAM_31_62_WS/install/micro_ros_msgs/include/micro_ros_msgs/micro_ros_msgs/msg/detail/graph__rosidl_typesupport_fastrtps_c.h
[3.889s] -- Installing: /home/tanakon/FRA532EXAM_31_62_WS/install/micro_ros_msgs/include/micro_ros_msgs/micro_ros_msgs/msg/detail/node__rosidl_typesupport_fastrtps_c.h
[3.889s] -- Installing: /home/tanakon/FRA532EXAM_31_62_WS/install/micro_ros_msgs/include/micro_ros_msgs/micro_ros_msgs/msg/detail/entity__rosidl_typesupport_fastrtps_c.h
[3.889s] -- Installing: /home/tanakon/FRA532EXAM_31_62_WS/install/micro_ros_msgs/lib/libmicro_ros_msgs__rosidl_typesupport_fastrtps_c.so
[3.890s] -- Set runtime path of "/home/tanakon/FRA532EXAM_31_62_WS/install/micro_ros_msgs/lib/libmicro_ros_msgs__rosidl_typesupport_fastrtps_c.so" to ""
[3.890s] -- Up-to-date: /home/tanakon/FRA532EXAM_31_62_WS/install/micro_ros_msgs/include/micro_ros_msgs/micro_ros_msgs
[3.890s] -- Up-to-date: /home/tanakon/FRA532EXAM_31_62_WS/install/micro_ros_msgs/include/micro_ros_msgs/micro_ros_msgs/msg
[3.890s] -- Installing: /home/tanakon/FRA532EXAM_31_62_WS/install/micro_ros_msgs/include/micro_ros_msgs/micro_ros_msgs/msg/rosidl_typesupport_introspection_c__visibility_control.h
[3.890s] -- Up-to-date: /home/tanakon/FRA532EXAM_31_62_WS/install/micro_ros_msgs/include/micro_ros_msgs/micro_ros_msgs/msg/detail
[3.890s] -- Installing: /home/tanakon/FRA532EXAM_31_62_WS/install/micro_ros_msgs/include/micro_ros_msgs/micro_ros_msgs/msg/detail/node__rosidl_typesupport_introspection_c.h
[3.890s] -- Installing: /home/tanakon/FRA532EXAM_31_62_WS/install/micro_ros_msgs/include/micro_ros_msgs/micro_ros_msgs/msg/detail/node__type_support.c
[3.890s] -- Installing: /home/tanakon/FRA532EXAM_31_62_WS/install/micro_ros_msgs/include/micro_ros_msgs/micro_ros_msgs/msg/detail/graph__type_support.c
[3.890s] -- Installing: /home/tanakon/FRA532EXAM_31_62_WS/install/micro_ros_msgs/include/micro_ros_msgs/micro_ros_msgs/msg/detail/graph__rosidl_typesupport_introspection_c.h
[3.890s] -- Installing: /home/tanakon/FRA532EXAM_31_62_WS/install/micro_ros_msgs/include/micro_ros_msgs/micro_ros_msgs/msg/detail/entity__rosidl_typesupport_introspection_c.h
[3.890s] -- Installing: /home/tanakon/FRA532EXAM_31_62_WS/install/micro_ros_msgs/include/micro_ros_msgs/micro_ros_msgs/msg/detail/entity__type_support.c
[3.891s] -- Installing: /home/tanakon/FRA532EXAM_31_62_WS/install/micro_ros_msgs/lib/libmicro_ros_msgs__rosidl_typesupport_introspection_c.so
[3.891s] -- Set runtime path of "/home/tanakon/FRA532EXAM_31_62_WS/install/micro_ros_msgs/lib/libmicro_ros_msgs__rosidl_typesupport_introspection_c.so" to ""
[3.891s] -- Installing: /home/tanakon/FRA532EXAM_31_62_WS/install/micro_ros_msgs/lib/libmicro_ros_msgs__rosidl_typesupport_c.so
[3.891s] -- Set runtime path of "/home/tanakon/FRA532EXAM_31_62_WS/install/micro_ros_msgs/lib/libmicro_ros_msgs__rosidl_typesupport_c.so" to ""
[3.891s] -- Up-to-date: /home/tanakon/FRA532EXAM_31_62_WS/install/micro_ros_msgs/include/micro_ros_msgs/micro_ros_msgs
[3.891s] -- Up-to-date: /home/tanakon/FRA532EXAM_31_62_WS/install/micro_ros_msgs/include/micro_ros_msgs/micro_ros_msgs/msg
[3.891s] -- Installing: /home/tanakon/FRA532EXAM_31_62_WS/install/micro_ros_msgs/include/micro_ros_msgs/micro_ros_msgs/msg/node.hpp
[3.891s] -- Up-to-date: /home/tanakon/FRA532EXAM_31_62_WS/install/micro_ros_msgs/include/micro_ros_msgs/micro_ros_msgs/msg/detail
[3.891s] -- Installing: /home/tanakon/FRA532EXAM_31_62_WS/install/micro_ros_msgs/include/micro_ros_msgs/micro_ros_msgs/msg/detail/entity__struct.hpp
[3.891s] -- Installing: /home/tanakon/FRA532EXAM_31_62_WS/install/micro_ros_msgs/include/micro_ros_msgs/micro_ros_msgs/msg/detail/graph__traits.hpp
[3.892s] -- Installing: /home/tanakon/FRA532EXAM_31_62_WS/install/micro_ros_msgs/include/micro_ros_msgs/micro_ros_msgs/msg/detail/entity__traits.hpp
[3.892s] -- Installing: /home/tanakon/FRA532EXAM_31_62_WS/install/micro_ros_msgs/include/micro_ros_msgs/micro_ros_msgs/msg/detail/node__builder.hpp
[3.892s] -- Installing: /home/tanakon/FRA532EXAM_31_62_WS/install/micro_ros_msgs/include/micro_ros_msgs/micro_ros_msgs/msg/detail/node__struct.hpp
[3.892s] -- Installing: /home/tanakon/FRA532EXAM_31_62_WS/install/micro_ros_msgs/include/micro_ros_msgs/micro_ros_msgs/msg/detail/graph__struct.hpp
[3.892s] -- Installing: /home/tanakon/FRA532EXAM_31_62_WS/install/micro_ros_msgs/include/micro_ros_msgs/micro_ros_msgs/msg/detail/entity__builder.hpp
[3.892s] -- Installing: /home/tanakon/FRA532EXAM_31_62_WS/install/micro_ros_msgs/include/micro_ros_msgs/micro_ros_msgs/msg/detail/node__traits.hpp
[3.892s] -- Installing: /home/tanakon/FRA532EXAM_31_62_WS/install/micro_ros_msgs/include/micro_ros_msgs/micro_ros_msgs/msg/detail/graph__builder.hpp
[3.892s] -- Installing: /home/tanakon/FRA532EXAM_31_62_WS/install/micro_ros_msgs/include/micro_ros_msgs/micro_ros_msgs/msg/entity.hpp
[3.892s] -- Installing: /home/tanakon/FRA532EXAM_31_62_WS/install/micro_ros_msgs/include/micro_ros_msgs/micro_ros_msgs/msg/graph.hpp
[3.892s] -- Up-to-date: /home/tanakon/FRA532EXAM_31_62_WS/install/micro_ros_msgs/include/micro_ros_msgs/micro_ros_msgs
[3.893s] -- Up-to-date: /home/tanakon/FRA532EXAM_31_62_WS/install/micro_ros_msgs/include/micro_ros_msgs/micro_ros_msgs/msg
[3.893s] -- Up-to-date: /home/tanakon/FRA532EXAM_31_62_WS/install/micro_ros_msgs/include/micro_ros_msgs/micro_ros_msgs/msg/detail
[3.893s] -- Installing: /home/tanakon/FRA532EXAM_31_62_WS/install/micro_ros_msgs/include/micro_ros_msgs/micro_ros_msgs/msg/detail/entity__rosidl_typesupport_fastrtps_cpp.hpp
[3.893s] -- Installing: /home/tanakon/FRA532EXAM_31_62_WS/install/micro_ros_msgs/include/micro_ros_msgs/micro_ros_msgs/msg/detail/graph__rosidl_typesupport_fastrtps_cpp.hpp
[3.893s] -- Installing: /home/tanakon/FRA532EXAM_31_62_WS/install/micro_ros_msgs/include/micro_ros_msgs/micro_ros_msgs/msg/detail/dds_fastrtps
[3.893s] -- Installing: /home/tanakon/FRA532EXAM_31_62_WS/install/micro_ros_msgs/include/micro_ros_msgs/micro_ros_msgs/msg/detail/node__rosidl_typesupport_fastrtps_cpp.hpp
[3.893s] -- Installing: /home/tanakon/FRA532EXAM_31_62_WS/install/micro_ros_msgs/include/micro_ros_msgs/micro_ros_msgs/msg/rosidl_typesupport_fastrtps_cpp__visibility_control.h
[3.893s] -- Installing: /home/tanakon/FRA532EXAM_31_62_WS/install/micro_ros_msgs/lib/libmicro_ros_msgs__rosidl_typesupport_fastrtps_cpp.so
[3.894s] -- Set runtime path of "/home/tanakon/FRA532EXAM_31_62_WS/install/micro_ros_msgs/lib/libmicro_ros_msgs__rosidl_typesupport_fastrtps_cpp.so" to ""
[3.894s] -- Up-to-date: /home/tanakon/FRA532EXAM_31_62_WS/install/micro_ros_msgs/include/micro_ros_msgs/micro_ros_msgs
[3.894s] -- Up-to-date: /home/tanakon/FRA532EXAM_31_62_WS/install/micro_ros_msgs/include/micro_ros_msgs/micro_ros_msgs/msg
[3.894s] -- Up-to-date: /home/tanakon/FRA532EXAM_31_62_WS/install/micro_ros_msgs/include/micro_ros_msgs/micro_ros_msgs/msg/detail
[3.894s] -- Installing: /home/tanakon/FRA532EXAM_31_62_WS/install/micro_ros_msgs/include/micro_ros_msgs/micro_ros_msgs/msg/detail/node__rosidl_typesupport_introspection_cpp.hpp
[3.894s] -- Installing: /home/tanakon/FRA532EXAM_31_62_WS/install/micro_ros_msgs/include/micro_ros_msgs/micro_ros_msgs/msg/detail/entity__type_support.cpp
[3.894s] -- Installing: /home/tanakon/FRA532EXAM_31_62_WS/install/micro_ros_msgs/include/micro_ros_msgs/micro_ros_msgs/msg/detail/entity__rosidl_typesupport_introspection_cpp.hpp
[3.894s] -- Installing: /home/tanakon/FRA532EXAM_31_62_WS/install/micro_ros_msgs/include/micro_ros_msgs/micro_ros_msgs/msg/detail/graph__type_support.cpp
[3.894s] -- Installing: /home/tanakon/FRA532EXAM_31_62_WS/install/micro_ros_msgs/include/micro_ros_msgs/micro_ros_msgs/msg/detail/node__type_support.cpp
[3.894s] -- Installing: /home/tanakon/FRA532EXAM_31_62_WS/install/micro_ros_msgs/include/micro_ros_msgs/micro_ros_msgs/msg/detail/graph__rosidl_typesupport_introspection_cpp.hpp
[3.894s] -- Installing: /home/tanakon/FRA532EXAM_31_62_WS/install/micro_ros_msgs/lib/libmicro_ros_msgs__rosidl_typesupport_introspection_cpp.so
[3.895s] -- Set runtime path of "/home/tanakon/FRA532EXAM_31_62_WS/install/micro_ros_msgs/lib/libmicro_ros_msgs__rosidl_typesupport_introspection_cpp.so" to ""
[3.895s] -- Installing: /home/tanakon/FRA532EXAM_31_62_WS/install/micro_ros_msgs/lib/libmicro_ros_msgs__rosidl_typesupport_cpp.so
[3.895s] -- Set runtime path of "/home/tanakon/FRA532EXAM_31_62_WS/install/micro_ros_msgs/lib/libmicro_ros_msgs__rosidl_typesupport_cpp.so" to ""
[3.895s] -- Installing: /home/tanakon/FRA532EXAM_31_62_WS/install/micro_ros_msgs/share/micro_ros_msgs/environment/pythonpath.sh
[3.895s] -- Installing: /home/tanakon/FRA532EXAM_31_62_WS/install/micro_ros_msgs/share/micro_ros_msgs/environment/pythonpath.dsv
[3.895s] -- Installing: /home/tanakon/FRA532EXAM_31_62_WS/install/micro_ros_msgs/local/lib/python3.10/dist-packages/micro_ros_msgs-3.0.1-py3.10.egg-info
[3.896s] -- Installing: /home/tanakon/FRA532EXAM_31_62_WS/install/micro_ros_msgs/local/lib/python3.10/dist-packages/micro_ros_msgs-3.0.1-py3.10.egg-info/dependency_links.txt
[3.896s] -- Installing: /home/tanakon/FRA532EXAM_31_62_WS/install/micro_ros_msgs/local/lib/python3.10/dist-packages/micro_ros_msgs-3.0.1-py3.10.egg-info/top_level.txt
[3.896s] -- Installing: /home/tanakon/FRA532EXAM_31_62_WS/install/micro_ros_msgs/local/lib/python3.10/dist-packages/micro_ros_msgs-3.0.1-py3.10.egg-info/SOURCES.txt
[3.896s] -- Installing: /home/tanakon/FRA532EXAM_31_62_WS/install/micro_ros_msgs/local/lib/python3.10/dist-packages/micro_ros_msgs-3.0.1-py3.10.egg-info/PKG-INFO
[3.896s] -- Installing: /home/tanakon/FRA532EXAM_31_62_WS/install/micro_ros_msgs/local/lib/python3.10/dist-packages/micro_ros_msgs
[3.896s] -- Installing: /home/tanakon/FRA532EXAM_31_62_WS/install/micro_ros_msgs/local/lib/python3.10/dist-packages/micro_ros_msgs/micro_ros_msgs_s__rosidl_typesupport_fastrtps_c.cpython-310-x86_64-linux-gnu.so
[3.896s] -- Installing: /home/tanakon/FRA532EXAM_31_62_WS/install/micro_ros_msgs/local/lib/python3.10/dist-packages/micro_ros_msgs/_micro_ros_msgs_s.ep.rosidl_typesupport_fastrtps_c.c
[3.896s] -- Installing: /home/tanakon/FRA532EXAM_31_62_WS/install/micro_ros_msgs/local/lib/python3.10/dist-packages/micro_ros_msgs/libmicro_ros_msgs__rosidl_generator_py.so
[3.896s] -- Installing: /home/tanakon/FRA532EXAM_31_62_WS/install/micro_ros_msgs/local/lib/python3.10/dist-packages/micro_ros_msgs/msg
[3.897s] -- Installing: /home/tanakon/FRA532EXAM_31_62_WS/install/micro_ros_msgs/local/lib/python3.10/dist-packages/micro_ros_msgs/msg/_entity.py
[3.897s] -- Installing: /home/tanakon/FRA532EXAM_31_62_WS/install/micro_ros_msgs/local/lib/python3.10/dist-packages/micro_ros_msgs/msg/_node_s.c
[3.897s] -- Installing: /home/tanakon/FRA532EXAM_31_62_WS/install/micro_ros_msgs/local/lib/python3.10/dist-packages/micro_ros_msgs/msg/_entity_s.c
[3.897s] -- Installing: /home/tanakon/FRA532EXAM_31_62_WS/install/micro_ros_msgs/local/lib/python3.10/dist-packages/micro_ros_msgs/msg/_graph.py
[3.897s] -- Installing: /home/tanakon/FRA532EXAM_31_62_WS/install/micro_ros_msgs/local/lib/python3.10/dist-packages/micro_ros_msgs/msg/_graph_s.c
[3.897s] -- Installing: /home/tanakon/FRA532EXAM_31_62_WS/install/micro_ros_msgs/local/lib/python3.10/dist-packages/micro_ros_msgs/msg/__init__.py
[3.897s] -- Installing: /home/tanakon/FRA532EXAM_31_62_WS/install/micro_ros_msgs/local/lib/python3.10/dist-packages/micro_ros_msgs/msg/_node.py
[3.897s] -- Installing: /home/tanakon/FRA532EXAM_31_62_WS/install/micro_ros_msgs/local/lib/python3.10/dist-packages/micro_ros_msgs/micro_ros_msgs_s__rosidl_typesupport_c.cpython-310-x86_64-linux-gnu.so
[3.897s] -- Installing: /home/tanakon/FRA532EXAM_31_62_WS/install/micro_ros_msgs/local/lib/python3.10/dist-packages/micro_ros_msgs/_micro_ros_msgs_s.ep.rosidl_typesupport_introspection_c.c
[3.898s] -- Installing: /home/tanakon/FRA532EXAM_31_62_WS/install/micro_ros_msgs/local/lib/python3.10/dist-packages/micro_ros_msgs/_micro_ros_msgs_s.ep.rosidl_typesupport_c.c
[3.898s] -- Installing: /home/tanakon/FRA532EXAM_31_62_WS/install/micro_ros_msgs/local/lib/python3.10/dist-packages/micro_ros_msgs/micro_ros_msgs_s__rosidl_typesupport_introspection_c.cpython-310-x86_64-linux-gnu.so
[3.898s] -- Installing: /home/tanakon/FRA532EXAM_31_62_WS/install/micro_ros_msgs/local/lib/python3.10/dist-packages/micro_ros_msgs/__init__.py
[3.933s] Listing '/home/tanakon/FRA532EXAM_31_62_WS/install/micro_ros_msgs/local/lib/python3.10/dist-packages/micro_ros_msgs'...
[3.933s] Compiling '/home/tanakon/FRA532EXAM_31_62_WS/install/micro_ros_msgs/local/lib/python3.10/dist-packages/micro_ros_msgs/__init__.py'...
[3.933s] Listing '/home/tanakon/FRA532EXAM_31_62_WS/install/micro_ros_msgs/local/lib/python3.10/dist-packages/micro_ros_msgs/msg'...
[3.933s] Compiling '/home/tanakon/FRA532EXAM_31_62_WS/install/micro_ros_msgs/local/lib/python3.10/dist-packages/micro_ros_msgs/msg/__init__.py'...
[3.933s] Compiling '/home/tanakon/FRA532EXAM_31_62_WS/install/micro_ros_msgs/local/lib/python3.10/dist-packages/micro_ros_msgs/msg/_entity.py'...
[3.933s] Compiling '/home/tanakon/FRA532EXAM_31_62_WS/install/micro_ros_msgs/local/lib/python3.10/dist-packages/micro_ros_msgs/msg/_graph.py'...
[3.933s] Compiling '/home/tanakon/FRA532EXAM_31_62_WS/install/micro_ros_msgs/local/lib/python3.10/dist-packages/micro_ros_msgs/msg/_node.py'...
[3.937s] -- Installing: /home/tanakon/FRA532EXAM_31_62_WS/install/micro_ros_msgs/local/lib/python3.10/dist-packages/micro_ros_msgs/micro_ros_msgs_s__rosidl_typesupport_fastrtps_c.cpython-310-x86_64-linux-gnu.so
[3.937s] -- Set runtime path of "/home/tanakon/FRA532EXAM_31_62_WS/install/micro_ros_msgs/local/lib/python3.10/dist-packages/micro_ros_msgs/micro_ros_msgs_s__rosidl_typesupport_fastrtps_c.cpython-310-x86_64-linux-gnu.so" to ""
[3.937s] -- Installing: /home/tanakon/FRA532EXAM_31_62_WS/install/micro_ros_msgs/local/lib/python3.10/dist-packages/micro_ros_msgs/micro_ros_msgs_s__rosidl_typesupport_introspection_c.cpython-310-x86_64-linux-gnu.so
[3.937s] -- Set runtime path of "/home/tanakon/FRA532EXAM_31_62_WS/install/micro_ros_msgs/local/lib/python3.10/dist-packages/micro_ros_msgs/micro_ros_msgs_s__rosidl_typesupport_introspection_c.cpython-310-x86_64-linux-gnu.so" to ""
[3.938s] -- Installing: /home/tanakon/FRA532EXAM_31_62_WS/install/micro_ros_msgs/local/lib/python3.10/dist-packages/micro_ros_msgs/micro_ros_msgs_s__rosidl_typesupport_c.cpython-310-x86_64-linux-gnu.so
[3.938s] -- Set runtime path of "/home/tanakon/FRA532EXAM_31_62_WS/install/micro_ros_msgs/local/lib/python3.10/dist-packages/micro_ros_msgs/micro_ros_msgs_s__rosidl_typesupport_c.cpython-310-x86_64-linux-gnu.so" to ""
[3.938s] -- Installing: /home/tanakon/FRA532EXAM_31_62_WS/install/micro_ros_msgs/lib/libmicro_ros_msgs__rosidl_generator_py.so
[3.938s] -- Set runtime path of "/home/tanakon/FRA532EXAM_31_62_WS/install/micro_ros_msgs/lib/libmicro_ros_msgs__rosidl_generator_py.so" to ""
[3.938s] -- Installing: /home/tanakon/FRA532EXAM_31_62_WS/install/micro_ros_msgs/share/micro_ros_msgs/msg/Graph.idl
[3.939s] -- Installing: /home/tanakon/FRA532EXAM_31_62_WS/install/micro_ros_msgs/share/micro_ros_msgs/msg/Node.idl
[3.939s] -- Installing: /home/tanakon/FRA532EXAM_31_62_WS/install/micro_ros_msgs/share/micro_ros_msgs/msg/Entity.idl
[3.939s] -- Installing: /home/tanakon/FRA532EXAM_31_62_WS/install/micro_ros_msgs/share/micro_ros_msgs/msg/Graph.msg
[3.939s] -- Installing: /home/tanakon/FRA532EXAM_31_62_WS/install/micro_ros_msgs/share/micro_ros_msgs/msg/Node.msg
[3.939s] -- Installing: /home/tanakon/FRA532EXAM_31_62_WS/install/micro_ros_msgs/share/micro_ros_msgs/msg/Entity.msg
[3.940s] -- Installing: /home/tanakon/FRA532EXAM_31_62_WS/install/micro_ros_msgs/share/ament_index/resource_index/package_run_dependencies/micro_ros_msgs
[3.940s] -- Installing: /home/tanakon/FRA532EXAM_31_62_WS/install/micro_ros_msgs/share/ament_index/resource_index/parent_prefix_path/micro_ros_msgs
[3.940s] -- Installing: /home/tanakon/FRA532EXAM_31_62_WS/install/micro_ros_msgs/share/micro_ros_msgs/environment/ament_prefix_path.sh
[3.940s] -- Installing: /home/tanakon/FRA532EXAM_31_62_WS/install/micro_ros_msgs/share/micro_ros_msgs/environment/ament_prefix_path.dsv
[3.940s] -- Installing: /home/tanakon/FRA532EXAM_31_62_WS/install/micro_ros_msgs/share/micro_ros_msgs/environment/path.sh
[3.940s] -- Installing: /home/tanakon/FRA532EXAM_31_62_WS/install/micro_ros_msgs/share/micro_ros_msgs/environment/path.dsv
[3.940s] -- Installing: /home/tanakon/FRA532EXAM_31_62_WS/install/micro_ros_msgs/share/micro_ros_msgs/local_setup.bash
[3.940s] -- Installing: /home/tanakon/FRA532EXAM_31_62_WS/install/micro_ros_msgs/share/micro_ros_msgs/local_setup.sh
[3.941s] -- Installing: /home/tanakon/FRA532EXAM_31_62_WS/install/micro_ros_msgs/share/micro_ros_msgs/local_setup.zsh
[3.941s] -- Installing: /home/tanakon/FRA532EXAM_31_62_WS/install/micro_ros_msgs/share/micro_ros_msgs/local_setup.dsv
[3.941s] -- Installing: /home/tanakon/FRA532EXAM_31_62_WS/install/micro_ros_msgs/share/micro_ros_msgs/package.dsv
[3.941s] -- Installing: /home/tanakon/FRA532EXAM_31_62_WS/install/micro_ros_msgs/share/ament_index/resource_index/packages/micro_ros_msgs
[3.941s] -- Installing: /home/tanakon/FRA532EXAM_31_62_WS/install/micro_ros_msgs/share/micro_ros_msgs/cmake/export_micro_ros_msgs__rosidl_generator_cExport.cmake
[3.941s] -- Installing: /home/tanakon/FRA532EXAM_31_62_WS/install/micro_ros_msgs/share/micro_ros_msgs/cmake/export_micro_ros_msgs__rosidl_generator_cExport-noconfig.cmake
[3.941s] -- Installing: /home/tanakon/FRA532EXAM_31_62_WS/install/micro_ros_msgs/share/micro_ros_msgs/cmake/export_micro_ros_msgs__rosidl_typesupport_fastrtps_cExport.cmake
[3.941s] -- Installing: /home/tanakon/FRA532EXAM_31_62_WS/install/micro_ros_msgs/share/micro_ros_msgs/cmake/export_micro_ros_msgs__rosidl_typesupport_fastrtps_cExport-noconfig.cmake
[3.942s] -- Installing: /home/tanakon/FRA532EXAM_31_62_WS/install/micro_ros_msgs/share/micro_ros_msgs/cmake/micro_ros_msgs__rosidl_typesupport_introspection_cExport.cmake
[3.942s] -- Installing: /home/tanakon/FRA532EXAM_31_62_WS/install/micro_ros_msgs/share/micro_ros_msgs/cmake/micro_ros_msgs__rosidl_typesupport_introspection_cExport-noconfig.cmake
[3.942s] -- Installing: /home/tanakon/FRA532EXAM_31_62_WS/install/micro_ros_msgs/share/micro_ros_msgs/cmake/micro_ros_msgs__rosidl_typesupport_cExport.cmake
[3.942s] -- Installing: /home/tanakon/FRA532EXAM_31_62_WS/install/micro_ros_msgs/share/micro_ros_msgs/cmake/micro_ros_msgs__rosidl_typesupport_cExport-noconfig.cmake
[3.942s] -- Installing: /home/tanakon/FRA532EXAM_31_62_WS/install/micro_ros_msgs/share/micro_ros_msgs/cmake/export_micro_ros_msgs__rosidl_generator_cppExport.cmake
[3.942s] -- Installing: /home/tanakon/FRA532EXAM_31_62_WS/install/micro_ros_msgs/share/micro_ros_msgs/cmake/export_micro_ros_msgs__rosidl_typesupport_fastrtps_cppExport.cmake
[3.943s] -- Installing: /home/tanakon/FRA532EXAM_31_62_WS/install/micro_ros_msgs/share/micro_ros_msgs/cmake/export_micro_ros_msgs__rosidl_typesupport_fastrtps_cppExport-noconfig.cmake
[3.943s] -- Installing: /home/tanakon/FRA532EXAM_31_62_WS/install/micro_ros_msgs/share/micro_ros_msgs/cmake/micro_ros_msgs__rosidl_typesupport_introspection_cppExport.cmake
[3.943s] -- Installing: /home/tanakon/FRA532EXAM_31_62_WS/install/micro_ros_msgs/share/micro_ros_msgs/cmake/micro_ros_msgs__rosidl_typesupport_introspection_cppExport-noconfig.cmake
[3.943s] -- Installing: /home/tanakon/FRA532EXAM_31_62_WS/install/micro_ros_msgs/share/micro_ros_msgs/cmake/micro_ros_msgs__rosidl_typesupport_cppExport.cmake
[3.943s] -- Installing: /home/tanakon/FRA532EXAM_31_62_WS/install/micro_ros_msgs/share/micro_ros_msgs/cmake/micro_ros_msgs__rosidl_typesupport_cppExport-noconfig.cmake
[3.943s] -- Installing: /home/tanakon/FRA532EXAM_31_62_WS/install/micro_ros_msgs/share/micro_ros_msgs/cmake/export_micro_ros_msgs__rosidl_generator_pyExport.cmake
[3.943s] -- Installing: /home/tanakon/FRA532EXAM_31_62_WS/install/micro_ros_msgs/share/micro_ros_msgs/cmake/export_micro_ros_msgs__rosidl_generator_pyExport-noconfig.cmake
[3.943s] -- Installing: /home/tanakon/FRA532EXAM_31_62_WS/install/micro_ros_msgs/share/micro_ros_msgs/cmake/rosidl_cmake-extras.cmake
[3.944s] -- Installing: /home/tanakon/FRA532EXAM_31_62_WS/install/micro_ros_msgs/share/micro_ros_msgs/cmake/ament_cmake_export_include_directories-extras.cmake
[3.944s] -- Installing: /home/tanakon/FRA532EXAM_31_62_WS/install/micro_ros_msgs/share/micro_ros_msgs/cmake/ament_cmake_export_libraries-extras.cmake
[3.944s] -- Installing: /home/tanakon/FRA532EXAM_31_62_WS/install/micro_ros_msgs/share/micro_ros_msgs/cmake/ament_cmake_export_targets-extras.cmake
[3.944s] -- Installing: /home/tanakon/FRA532EXAM_31_62_WS/install/micro_ros_msgs/share/micro_ros_msgs/cmake/rosidl_cmake_export_typesupport_targets-extras.cmake
[3.944s] -- Installing: /home/tanakon/FRA532EXAM_31_62_WS/install/micro_ros_msgs/share/micro_ros_msgs/cmake/ament_cmake_export_dependencies-extras.cmake
[3.944s] -- Installing: /home/tanakon/FRA532EXAM_31_62_WS/install/micro_ros_msgs/share/micro_ros_msgs/cmake/rosidl_cmake_export_typesupport_libraries-extras.cmake
[3.944s] -- Installing: /home/tanakon/FRA532EXAM_31_62_WS/install/micro_ros_msgs/share/micro_ros_msgs/cmake/micro_ros_msgsConfig.cmake
[3.944s] -- Installing: /home/tanakon/FRA532EXAM_31_62_WS/install/micro_ros_msgs/share/micro_ros_msgs/cmake/micro_ros_msgsConfig-version.cmake
[3.944s] -- Installing: /home/tanakon/FRA532EXAM_31_62_WS/install/micro_ros_msgs/share/micro_ros_msgs/package.xml
[3.947s] Invoked command in '/home/tanakon/FRA532EXAM_31_62_WS/build/micro_ros_msgs' returned '0': CMAKE_PREFIX_PATH=${CMAKE_PREFIX_PATH}:/home/tanakon/carver_outdoor_ws/install/ackermann_odometry:/home/tanakon/carver_outdoor_ws/install/ackermann_controller:/opt/ros/humble /usr/bin/cmake --install /home/tanakon/FRA532EXAM_31_62_WS/build/micro_ros_msgs
