[0.225s] Invoking command in '/home/tanakon/FRA532EXAM_31_62_WS/build/micro_ros_msgs': CMAKE_PREFIX_PATH=${CMAKE_PREFIX_PATH}:/home/tanakon/carver_outdoor_ws/install/ackermann_odometry:/home/tanakon/carver_outdoor_ws/install/ackermann_controller:/opt/ros/humble /usr/bin/cmake /home/tanakon/FRA532EXAM_31_62_WS/src/uros/micro_ros_msgs -DCMAKE_INSTALL_PREFIX=/home/tanakon/FRA532EXAM_31_62_WS/install/micro_ros_msgs
[0.277s] -- The C compiler identification is GNU 11.4.0
[0.321s] -- The CXX compiler identification is GNU 11.4.0
[0.327s] -- Detecting C compiler ABI info
[0.391s] -- Detecting C compiler ABI info - done
[0.396s] -- Check for working C compiler: /usr/bin/cc - skipped
[0.396s] -- Detecting C compile features
[0.396s] -- Detecting C compile features - done
[0.398s] -- Detecting CXX compiler ABI info
[0.470s] -- Detecting CXX compiler ABI info - done
[0.475s] -- Check for working CXX compiler: /usr/bin/c++ - skipped
[0.476s] -- Detecting CXX compile features
[0.476s] -- Detecting CXX compile features - done
[0.482s] -- Found ament_cmake: 1.3.7 (/opt/ros/humble/share/ament_cmake/cmake)
[0.665s] -- Found Python3: /usr/bin/python3.10 (found version "3.10.12") found components: Interpreter 
[0.806s] -- Found rosidl_default_generators: 1.2.0 (/opt/ros/humble/share/rosidl_default_generators/cmake)
[0.817s] -- Using all available rosidl_typesupport_c: rosidl_typesupport_fastrtps_c;rosidl_typesupport_introspection_c
[0.836s] -- Found rosidl_adapter: 3.1.5 (/opt/ros/humble/share/rosidl_adapter/cmake)
[0.910s] -- Using all available rosidl_typesupport_cpp: rosidl_typesupport_fastrtps_cpp;rosidl_typesupport_introspection_cpp
[0.968s] -- Found ament_lint_auto: 0.12.10 (/opt/ros/humble/share/ament_lint_auto/cmake)
[1.259s] -- Found ament_cmake_ros: 0.10.0 (/opt/ros/humble/share/ament_cmake_ros/cmake)
[1.440s] -- Using all available rosidl_typesupport_c: rosidl_typesupport_fastrtps_c;rosidl_typesupport_introspection_c
[1.657s] -- Using all available rosidl_typesupport_cpp: rosidl_typesupport_fastrtps_cpp;rosidl_typesupport_introspection_cpp
[1.680s] -- Found PythonInterp: /usr/bin/python3 (found suitable version "3.10.12", minimum required is "3.6") 
[1.686s] -- Found python_cmake_module: 0.10.0 (/opt/ros/humble/share/python_cmake_module/cmake)
[1.713s] -- Found PythonLibs: /usr/lib/x86_64-linux-gnu/libpython3.10.so (found suitable version "3.10.12", minimum required is "3.5") 
[1.713s] -- Using PYTHON_EXECUTABLE: /usr/bin/python3
[1.713s] -- Using PYTHON_INCLUDE_DIRS: /usr/include/python3.10
[1.713s] -- Using PYTHON_LIBRARIES: /usr/lib/x86_64-linux-gnu/libpython3.10.so
[1.734s] -- Found PythonExtra: .so  
[1.777s] -- Added test 'copyright' to check source files copyright and LICENSE
[1.779s] -- Added test 'lint_cmake' to check CMake code style
[1.781s] -- Added test 'xmllint' to check XML markup files
[1.786s] -- Configuring done
[1.817s] -- Generating done
[1.819s] -- Build files have been written to: /home/tanakon/FRA532EXAM_31_62_WS/build/micro_ros_msgs
[1.825s] Invoked command in '/home/tanakon/FRA532EXAM_31_62_WS/build/micro_ros_msgs' returned '0': CMAKE_PREFIX_PATH=${CMAKE_PREFIX_PATH}:/home/tanakon/carver_outdoor_ws/install/ackermann_odometry:/home/tanakon/carver_outdoor_ws/install/ackermann_controller:/opt/ros/humble /usr/bin/cmake /home/tanakon/FRA532EXAM_31_62_WS/src/uros/micro_ros_msgs -DCMAKE_INSTALL_PREFIX=/home/tanakon/FRA532EXAM_31_62_WS/install/micro_ros_msgs
[1.826s] Invoking command in '/home/tanakon/FRA532EXAM_31_62_WS/build/micro_ros_msgs': CMAKE_PREFIX_PATH=${CMAKE_PREFIX_PATH}:/home/tanakon/carver_outdoor_ws/install/ackermann_odometry:/home/tanakon/carver_outdoor_ws/install/ackermann_controller:/opt/ros/humble /usr/bin/cmake --build /home/tanakon/FRA532EXAM_31_62_WS/build/micro_ros_msgs -- -j16 -l16
[1.866s] [  2%] [34m[1mGenerating C code for ROS interfaces[0m
[1.876s] [  4%] [34m[1mGenerating C++ code for ROS interfaces[0m
[1.885s] [  4%] Built target ament_cmake_python_copy_micro_ros_msgs
[2.112s] running egg_info
[2.112s] creating micro_ros_msgs.egg-info
[2.112s] writing micro_ros_msgs.egg-info/PKG-INFO
[2.112s] writing dependency_links to micro_ros_msgs.egg-info/dependency_links.txt
[2.112s] writing top-level names to micro_ros_msgs.egg-info/top_level.txt
[2.113s] writing manifest file 'micro_ros_msgs.egg-info/SOURCES.txt'
[2.115s] reading manifest file 'micro_ros_msgs.egg-info/SOURCES.txt'
[2.115s] writing manifest file 'micro_ros_msgs.egg-info/SOURCES.txt'
[2.132s] [  4%] Built target micro_ros_msgs__cpp
[2.144s] [ 10%] [34m[1mGenerating C++ introspection for ROS interfaces[0m
[2.144s] [ 10%] [34m[1mGenerating C++ type support for eProsima Fast-RTPS[0m
[2.144s] [ 10%] [34m[1mGenerating C++ type support dispatch for ROS interfaces[0m
[2.154s] [ 10%] Built target ament_cmake_python_build_micro_ros_msgs_egg
[2.154s] [ 17%] [32mBuilding C object CMakeFiles/micro_ros_msgs__rosidl_generator_c.dir/rosidl_generator_c/micro_ros_msgs/msg/detail/node__functions.c.o[0m
[2.155s] [ 17%] [32mBuilding C object CMakeFiles/micro_ros_msgs__rosidl_generator_c.dir/rosidl_generator_c/micro_ros_msgs/msg/detail/graph__functions.c.o[0m
[2.155s] [ 17%] [32mBuilding C object CMakeFiles/micro_ros_msgs__rosidl_generator_c.dir/rosidl_generator_c/micro_ros_msgs/msg/detail/entity__functions.c.o[0m
[2.194s] [ 19%] [32m[1mLinking C shared library libmicro_ros_msgs__rosidl_generator_c.so[0m
[2.230s] [ 19%] Built target micro_ros_msgs__rosidl_generator_c
[2.242s] [ 25%] [34m[1mGenerating C type support dispatch for ROS interfaces[0m
[2.242s] [ 25%] [34m[1mGenerating C introspection for ROS interfaces[0m
[2.242s] [ 25%] [34m[1mGenerating C type support for eProsima Fast-RTPS[0m
[2.376s] [ 27%] [32mBuilding CXX object CMakeFiles/micro_ros_msgs__rosidl_typesupport_cpp.dir/rosidl_typesupport_cpp/micro_ros_msgs/msg/graph__type_support.cpp.o[0m
[2.379s] [ 31%] [32mBuilding CXX object CMakeFiles/micro_ros_msgs__rosidl_typesupport_cpp.dir/rosidl_typesupport_cpp/micro_ros_msgs/msg/node__type_support.cpp.o[0m
[2.380s] [ 31%] [32mBuilding CXX object CMakeFiles/micro_ros_msgs__rosidl_typesupport_cpp.dir/rosidl_typesupport_cpp/micro_ros_msgs/msg/entity__type_support.cpp.o[0m
[2.396s] [ 34%] [32mBuilding CXX object CMakeFiles/micro_ros_msgs__rosidl_typesupport_introspection_cpp.dir/rosidl_typesupport_introspection_cpp/micro_ros_msgs/msg/detail/graph__type_support.cpp.o[0m
[2.398s] [ 38%] [32mBuilding CXX object CMakeFiles/micro_ros_msgs__rosidl_typesupport_introspection_cpp.dir/rosidl_typesupport_introspection_cpp/micro_ros_msgs/msg/detail/node__type_support.cpp.o[0m
[2.398s] [ 38%] [32mBuilding CXX object CMakeFiles/micro_ros_msgs__rosidl_typesupport_introspection_cpp.dir/rosidl_typesupport_introspection_cpp/micro_ros_msgs/msg/detail/entity__type_support.cpp.o[0m
[2.422s] [ 40%] [32mBuilding CXX object CMakeFiles/micro_ros_msgs__rosidl_typesupport_fastrtps_cpp.dir/rosidl_typesupport_fastrtps_cpp/micro_ros_msgs/msg/detail/dds_fastrtps/node__type_support.cpp.o[0m
[2.422s] [ 44%] [32mBuilding CXX object CMakeFiles/micro_ros_msgs__rosidl_typesupport_fastrtps_cpp.dir/rosidl_typesupport_fastrtps_cpp/micro_ros_msgs/msg/detail/dds_fastrtps/graph__type_support.cpp.o[0m
[2.422s] [ 44%] [32mBuilding CXX object CMakeFiles/micro_ros_msgs__rosidl_typesupport_fastrtps_cpp.dir/rosidl_typesupport_fastrtps_cpp/micro_ros_msgs/msg/detail/dds_fastrtps/entity__type_support.cpp.o[0m
[2.491s] [ 46%] [32mBuilding CXX object CMakeFiles/micro_ros_msgs__rosidl_typesupport_c.dir/rosidl_typesupport_c/micro_ros_msgs/msg/graph__type_support.cpp.o[0m
[2.492s] [ 51%] [32mBuilding CXX object CMakeFiles/micro_ros_msgs__rosidl_typesupport_c.dir/rosidl_typesupport_c/micro_ros_msgs/msg/entity__type_support.cpp.o[0m
[2.492s] [ 51%] [32mBuilding CXX object CMakeFiles/micro_ros_msgs__rosidl_typesupport_c.dir/rosidl_typesupport_c/micro_ros_msgs/msg/node__type_support.cpp.o[0m
[2.529s] [ 53%] [32m[1mLinking CXX shared library libmicro_ros_msgs__rosidl_typesupport_c.so[0m
[2.553s] [ 59%] [32mBuilding CXX object CMakeFiles/micro_ros_msgs__rosidl_typesupport_fastrtps_c.dir/rosidl_typesupport_fastrtps_c/micro_ros_msgs/msg/detail/graph__type_support_c.cpp.o[0m
[2.553s] [ 59%] [32mBuilding CXX object CMakeFiles/micro_ros_msgs__rosidl_typesupport_fastrtps_c.dir/rosidl_typesupport_fastrtps_c/micro_ros_msgs/msg/detail/entity__type_support_c.cpp.o[0m
[2.553s] [ 59%] [32mBuilding CXX object CMakeFiles/micro_ros_msgs__rosidl_typesupport_fastrtps_c.dir/rosidl_typesupport_fastrtps_c/micro_ros_msgs/msg/detail/node__type_support_c.cpp.o[0m
[2.570s] [ 61%] [32mBuilding C object CMakeFiles/micro_ros_msgs__rosidl_typesupport_introspection_c.dir/rosidl_typesupport_introspection_c/micro_ros_msgs/msg/detail/graph__type_support.c.o[0m
[2.570s] [ 63%] [32mBuilding C object CMakeFiles/micro_ros_msgs__rosidl_typesupport_introspection_c.dir/rosidl_typesupport_introspection_c/micro_ros_msgs/msg/detail/entity__type_support.c.o[0m
[2.577s] [ 63%] Built target micro_ros_msgs__rosidl_typesupport_c
[2.589s] [ 65%] [32mBuilding C object CMakeFiles/micro_ros_msgs__rosidl_typesupport_introspection_c.dir/rosidl_typesupport_introspection_c/micro_ros_msgs/msg/detail/node__type_support.c.o[0m
[2.633s] [ 68%] [32m[1mLinking C shared library libmicro_ros_msgs__rosidl_typesupport_introspection_c.so[0m
[2.674s] [ 68%] Built target micro_ros_msgs__rosidl_typesupport_introspection_c
[2.677s] [ 70%] [32m[1mLinking CXX shared library libmicro_ros_msgs__rosidl_typesupport_cpp.so[0m
[2.719s] [ 70%] Built target micro_ros_msgs__rosidl_typesupport_cpp
[2.905s] [ 72%] [32m[1mLinking CXX shared library libmicro_ros_msgs__rosidl_typesupport_fastrtps_c.so[0m
[2.912s] [ 74%] [32m[1mLinking CXX shared library libmicro_ros_msgs__rosidl_typesupport_introspection_cpp.so[0m
[2.927s] [ 76%] [32m[1mLinking CXX shared library libmicro_ros_msgs__rosidl_typesupport_fastrtps_cpp.so[0m
[2.973s] [ 76%] Built target micro_ros_msgs__rosidl_typesupport_fastrtps_c
[2.989s] [ 76%] Built target micro_ros_msgs__rosidl_typesupport_introspection_cpp
[2.998s] [ 76%] Built target micro_ros_msgs__rosidl_typesupport_fastrtps_cpp
[3.019s] [ 76%] Built target micro_ros_msgs
[3.041s] [ 78%] [34m[1mGenerating Python code for ROS interfaces[0m
[3.389s] [ 78%] Built target micro_ros_msgs__py
[3.410s] [ 85%] [32mBuilding C object CMakeFiles/micro_ros_msgs__rosidl_generator_py.dir/rosidl_generator_py/micro_ros_msgs/msg/_graph_s.c.o[0m
[3.410s] [ 85%] [32mBuilding C object CMakeFiles/micro_ros_msgs__rosidl_generator_py.dir/rosidl_generator_py/micro_ros_msgs/msg/_node_s.c.o[0m
[3.410s] [ 85%] [32mBuilding C object CMakeFiles/micro_ros_msgs__rosidl_generator_py.dir/rosidl_generator_py/micro_ros_msgs/msg/_entity_s.c.o[0m
[3.487s] [ 87%] [32m[1mLinking C shared library rosidl_generator_py/micro_ros_msgs/libmicro_ros_msgs__rosidl_generator_py.so[0m
[3.523s] [ 87%] Built target micro_ros_msgs__rosidl_generator_py
[3.546s] [ 93%] [32mBuilding C object CMakeFiles/micro_ros_msgs__rosidl_typesupport_introspection_c__pyext.dir/rosidl_generator_py/micro_ros_msgs/_micro_ros_msgs_s.ep.rosidl_typesupport_introspection_c.c.o[0m
[3.547s] [ 93%] [32mBuilding C object CMakeFiles/micro_ros_msgs__rosidl_typesupport_c__pyext.dir/rosidl_generator_py/micro_ros_msgs/_micro_ros_msgs_s.ep.rosidl_typesupport_c.c.o[0m
[3.547s] [ 93%] [32mBuilding C object CMakeFiles/micro_ros_msgs__rosidl_typesupport_fastrtps_c__pyext.dir/rosidl_generator_py/micro_ros_msgs/_micro_ros_msgs_s.ep.rosidl_typesupport_fastrtps_c.c.o[0m
[3.619s] [ 97%] [32m[1mLinking C shared library rosidl_generator_py/micro_ros_msgs/micro_ros_msgs_s__rosidl_typesupport_c.cpython-310-x86_64-linux-gnu.so[0m
[3.619s] [ 97%] [32m[1mLinking C shared library rosidl_generator_py/micro_ros_msgs/micro_ros_msgs_s__rosidl_typesupport_introspection_c.cpython-310-x86_64-linux-gnu.so[0m
[3.622s] [100%] [32m[1mLinking C shared library rosidl_generator_py/micro_ros_msgs/micro_ros_msgs_s__rosidl_typesupport_fastrtps_c.cpython-310-x86_64-linux-gnu.so[0m
[3.651s] [100%] Built target micro_ros_msgs__rosidl_typesupport_introspection_c__pyext
[3.652s] [100%] Built target micro_ros_msgs__rosidl_typesupport_c__pyext
[3.654s] [100%] Built target micro_ros_msgs__rosidl_typesupport_fastrtps_c__pyext
[3.665s] Invoked command in '/home/tanakon/FRA532EXAM_31_62_WS/build/micro_ros_msgs' returned '0': CMAKE_PREFIX_PATH=${CMAKE_PREFIX_PATH}:/home/tanakon/carver_outdoor_ws/install/ackermann_odometry:/home/tanakon/carver_outdoor_ws/install/ackermann_controller:/opt/ros/humble /usr/bin/cmake --build /home/tanakon/FRA532EXAM_31_62_WS/build/micro_ros_msgs -- -j16 -l16
[3.805s] Invoking command in '/home/tanakon/FRA532EXAM_31_62_WS/build/micro_ros_msgs': CMAKE_PREFIX_PATH=${CMAKE_PREFIX_PATH}:/home/tanakon/carver_outdoor_ws/install/ackermann_odometry:/home/tanakon/carver_outdoor_ws/install/ackermann_controller:/opt/ros/humble /usr/bin/cmake --install /home/tanakon/FRA532EXAM_31_62_WS/build/micro_ros_msgs
[3.813s] -- Install configuration: ""
[3.813s] -- Installing: /home/tanakon/FRA532EXAM_31_62_WS/install/micro_ros_msgs/share/ament_index/resource_index/rosidl_interfaces/micro_ros_msgs
[3.813s] -- Installing: /home/tanakon/FRA532EXAM_31_62_WS/install/micro_ros_msgs/include/micro_ros_msgs/micro_ros_msgs
[3.813s] -- Installing: /home/tanakon/FRA532EXAM_31_62_WS/install/micro_ros_msgs/include/micro_ros_msgs/micro_ros_msgs/msg
[3.813s] -- Installing: /home/tanakon/FRA532EXAM_31_62_WS/install/micro_ros_msgs/include/micro_ros_msgs/micro_ros_msgs/msg/entity.h
[3.814s] -- Installing: /home/tanakon/FRA532EXAM_31_62_WS/install/micro_ros_msgs/include/micro_ros_msgs/micro_ros_msgs/msg/graph.h
[3.814s] -- Installing: /home/tanakon/FRA532EXAM_31_62_WS/install/micro_ros_msgs/include/micro_ros_msgs/micro_ros_msgs/msg/detail
[3.814s] -- Installing: /home/tanakon/FRA532EXAM_31_62_WS/install/micro_ros_msgs/include/micro_ros_msgs/micro_ros_msgs/msg/detail/node__functions.h
[3.814s] -- Installing: /home/tanakon/FRA532EXAM_31_62_WS/install/micro_ros_msgs/include/micro_ros_msgs/micro_ros_msgs/msg/detail/node__functions.c
[3.814s] -- Installing: /home/tanakon/FRA532EXAM_31_62_WS/install/micro_ros_msgs/include/micro_ros_msgs/micro_ros_msgs/msg/detail/entity__type_support.h
[3.814s] -- Installing: /home/tanakon/FRA532EXAM_31_62_WS/install/micro_ros_msgs/include/micro_ros_msgs/micro_ros_msgs/msg/detail/graph__functions.c
[3.814s] -- Installing: /home/tanakon/FRA532EXAM_31_62_WS/install/micro_ros_msgs/include/micro_ros_msgs/micro_ros_msgs/msg/detail/node__struct.h
[3.814s] -- Installing: /home/tanakon/FRA532EXAM_31_62_WS/install/micro_ros_msgs/include/micro_ros_msgs/micro_ros_msgs/msg/detail/entity__functions.h
[3.814s] -- Installing: /home/tanakon/FRA532EXAM_31_62_WS/install/micro_ros_msgs/include/micro_ros_msgs/micro_ros_msgs/msg/detail/graph__struct.h
[3.814s] -- Installing: /home/tanakon/FRA532EXAM_31_62_WS/install/micro_ros_msgs/include/micro_ros_msgs/micro_ros_msgs/msg/detail/entity__struct.h
[3.815s] -- Installing: /home/tanakon/FRA532EXAM_31_62_WS/install/micro_ros_msgs/include/micro_ros_msgs/micro_ros_msgs/msg/detail/graph__functions.h
[3.815s] -- Installing: /home/tanakon/FRA532EXAM_31_62_WS/install/micro_ros_msgs/include/micro_ros_msgs/micro_ros_msgs/msg/detail/node__type_support.h
[3.815s] -- Installing: /home/tanakon/FRA532EXAM_31_62_WS/install/micro_ros_msgs/include/micro_ros_msgs/micro_ros_msgs/msg/detail/graph__type_support.h
[3.815s] -- Installing: /home/tanakon/FRA532EXAM_31_62_WS/install/micro_ros_msgs/include/micro_ros_msgs/micro_ros_msgs/msg/detail/entity__functions.c
[3.815s] -- Installing: /home/tanakon/FRA532EXAM_31_62_WS/install/micro_ros_msgs/include/micro_ros_msgs/micro_ros_msgs/msg/node.h
[3.815s] -- Installing: /home/tanakon/FRA532EXAM_31_62_WS/install/micro_ros_msgs/include/micro_ros_msgs/micro_ros_msgs/msg/rosidl_generator_c__visibility_control.h
[3.815s] -- Installing: /home/tanakon/FRA532EXAM_31_62_WS/install/micro_ros_msgs/share/micro_ros_msgs/environment/library_path.sh
[3.815s] -- Installing: /home/tanakon/FRA532EXAM_31_62_WS/install/micro_ros_msgs/share/micro_ros_msgs/environment/library_path.dsv
[3.816s] -- Installing: /home/tanakon/FRA532EXAM_31_62_WS/install/micro_ros_msgs/lib/libmicro_ros_msgs__rosidl_generator_c.so
[3.816s] -- Set runtime path of "/home/tanakon/FRA532EXAM_31_62_WS/install/micro_ros_msgs/lib/libmicro_ros_msgs__rosidl_generator_c.so" to ""
[3.816s] -- Up-to-date: /home/tanakon/FRA532EXAM_31_62_WS/install/micro_ros_msgs/include/micro_ros_msgs/micro_ros_msgs
[3.816s] -- Up-to-date: /home/tanakon/FRA532EXAM_31_62_WS/install/micro_ros_msgs/include/micro_ros_msgs/micro_ros_msgs/msg
[3.816s] -- Installing: /home/tanakon/FRA532EXAM_31_62_WS/install/micro_ros_msgs/include/micro_ros_msgs/micro_ros_msgs/msg/rosidl_typesupport_fastrtps_c__visibility_control.h
[3.816s] -- Up-to-date: /home/tanakon/FRA532EXAM_31_62_WS/install/micro_ros_msgs/include/micro_ros_msgs/micro_ros_msgs/msg/detail
[3.816s] -- Installing: /home/tanakon/FRA532EXAM_31_62_WS/install/micro_ros_msgs/include/micro_ros_msgs/micro_ros_msgs/msg/detail/graph__rosidl_typesupport_fastrtps_c.h
[3.816s] -- Installing: /home/tanakon/FRA532EXAM_31_62_WS/install/micro_ros_msgs/include/micro_ros_msgs/micro_ros_msgs/msg/detail/node__rosidl_typesupport_fastrtps_c.h
[3.816s] -- Installing: /home/tanakon/FRA532EXAM_31_62_WS/install/micro_ros_msgs/include/micro_ros_msgs/micro_ros_msgs/msg/detail/entity__rosidl_typesupport_fastrtps_c.h
[3.816s] -- Installing: /home/tanakon/FRA532EXAM_31_62_WS/install/micro_ros_msgs/lib/libmicro_ros_msgs__rosidl_typesupport_fastrtps_c.so
[3.817s] -- Set runtime path of "/home/tanakon/FRA532EXAM_31_62_WS/install/micro_ros_msgs/lib/libmicro_ros_msgs__rosidl_typesupport_fastrtps_c.so" to ""
[3.817s] -- Up-to-date: /home/tanakon/FRA532EXAM_31_62_WS/install/micro_ros_msgs/include/micro_ros_msgs/micro_ros_msgs
[3.817s] -- Up-to-date: /home/tanakon/FRA532EXAM_31_62_WS/install/micro_ros_msgs/include/micro_ros_msgs/micro_ros_msgs/msg
[3.817s] -- Installing: /home/tanakon/FRA532EXAM_31_62_WS/install/micro_ros_msgs/include/micro_ros_msgs/micro_ros_msgs/msg/rosidl_typesupport_introspection_c__visibility_control.h
[3.817s] -- Up-to-date: /home/tanakon/FRA532EXAM_31_62_WS/install/micro_ros_msgs/include/micro_ros_msgs/micro_ros_msgs/msg/detail
[3.817s] -- Installing: /home/tanakon/FRA532EXAM_31_62_WS/install/micro_ros_msgs/include/micro_ros_msgs/micro_ros_msgs/msg/detail/node__rosidl_typesupport_introspection_c.h
[3.817s] -- Installing: /home/tanakon/FRA532EXAM_31_62_WS/install/micro_ros_msgs/include/micro_ros_msgs/micro_ros_msgs/msg/detail/node__type_support.c
[3.817s] -- Installing: /home/tanakon/FRA532EXAM_31_62_WS/install/micro_ros_msgs/include/micro_ros_msgs/micro_ros_msgs/msg/detail/graph__type_support.c
[3.817s] -- Installing: /home/tanakon/FRA532EXAM_31_62_WS/install/micro_ros_msgs/include/micro_ros_msgs/micro_ros_msgs/msg/detail/graph__rosidl_typesupport_introspection_c.h
[3.817s] -- Installing: /home/tanakon/FRA532EXAM_31_62_WS/install/micro_ros_msgs/include/micro_ros_msgs/micro_ros_msgs/msg/detail/entity__rosidl_typesupport_introspection_c.h
[3.818s] -- Installing: /home/tanakon/FRA532EXAM_31_62_WS/install/micro_ros_msgs/include/micro_ros_msgs/micro_ros_msgs/msg/detail/entity__type_support.c
[3.818s] -- Installing: /home/tanakon/FRA532EXAM_31_62_WS/install/micro_ros_msgs/lib/libmicro_ros_msgs__rosidl_typesupport_introspection_c.so
[3.818s] -- Set runtime path of "/home/tanakon/FRA532EXAM_31_62_WS/install/micro_ros_msgs/lib/libmicro_ros_msgs__rosidl_typesupport_introspection_c.so" to ""
[3.818s] -- Installing: /home/tanakon/FRA532EXAM_31_62_WS/install/micro_ros_msgs/lib/libmicro_ros_msgs__rosidl_typesupport_c.so
[3.818s] -- Set runtime path of "/home/tanakon/FRA532EXAM_31_62_WS/install/micro_ros_msgs/lib/libmicro_ros_msgs__rosidl_typesupport_c.so" to ""
[3.818s] -- Up-to-date: /home/tanakon/FRA532EXAM_31_62_WS/install/micro_ros_msgs/include/micro_ros_msgs/micro_ros_msgs
[3.818s] -- Up-to-date: /home/tanakon/FRA532EXAM_31_62_WS/install/micro_ros_msgs/include/micro_ros_msgs/micro_ros_msgs/msg
[3.818s] -- Installing: /home/tanakon/FRA532EXAM_31_62_WS/install/micro_ros_msgs/include/micro_ros_msgs/micro_ros_msgs/msg/node.hpp
[3.819s] -- Up-to-date: /home/tanakon/FRA532EXAM_31_62_WS/install/micro_ros_msgs/include/micro_ros_msgs/micro_ros_msgs/msg/detail
[3.819s] -- Installing: /home/tanakon/FRA532EXAM_31_62_WS/install/micro_ros_msgs/include/micro_ros_msgs/micro_ros_msgs/msg/detail/entity__struct.hpp
[3.819s] -- Installing: /home/tanakon/FRA532EXAM_31_62_WS/install/micro_ros_msgs/include/micro_ros_msgs/micro_ros_msgs/msg/detail/graph__traits.hpp
[3.819s] -- Installing: /home/tanakon/FRA532EXAM_31_62_WS/install/micro_ros_msgs/include/micro_ros_msgs/micro_ros_msgs/msg/detail/entity__traits.hpp
[3.819s] -- Installing: /home/tanakon/FRA532EXAM_31_62_WS/install/micro_ros_msgs/include/micro_ros_msgs/micro_ros_msgs/msg/detail/node__builder.hpp
[3.819s] -- Installing: /home/tanakon/FRA532EXAM_31_62_WS/install/micro_ros_msgs/include/micro_ros_msgs/micro_ros_msgs/msg/detail/node__struct.hpp
[3.819s] -- Installing: /home/tanakon/FRA532EXAM_31_62_WS/install/micro_ros_msgs/include/micro_ros_msgs/micro_ros_msgs/msg/detail/graph__struct.hpp
[3.819s] -- Installing: /home/tanakon/FRA532EXAM_31_62_WS/install/micro_ros_msgs/include/micro_ros_msgs/micro_ros_msgs/msg/detail/entity__builder.hpp
[3.819s] -- Installing: /home/tanakon/FRA532EXAM_31_62_WS/install/micro_ros_msgs/include/micro_ros_msgs/micro_ros_msgs/msg/detail/node__traits.hpp
[3.819s] -- Installing: /home/tanakon/FRA532EXAM_31_62_WS/install/micro_ros_msgs/include/micro_ros_msgs/micro_ros_msgs/msg/detail/graph__builder.hpp
[3.819s] -- Installing: /home/tanakon/FRA532EXAM_31_62_WS/install/micro_ros_msgs/include/micro_ros_msgs/micro_ros_msgs/msg/entity.hpp
[3.820s] -- Installing: /home/tanakon/FRA532EXAM_31_62_WS/install/micro_ros_msgs/include/micro_ros_msgs/micro_ros_msgs/msg/graph.hpp
[3.820s] -- Up-to-date: /home/tanakon/FRA532EXAM_31_62_WS/install/micro_ros_msgs/include/micro_ros_msgs/micro_ros_msgs
[3.820s] -- Up-to-date: /home/tanakon/FRA532EXAM_31_62_WS/install/micro_ros_msgs/include/micro_ros_msgs/micro_ros_msgs/msg
[3.820s] -- Up-to-date: /home/tanakon/FRA532EXAM_31_62_WS/install/micro_ros_msgs/include/micro_ros_msgs/micro_ros_msgs/msg/detail
[3.820s] -- Installing: /home/tanakon/FRA532EXAM_31_62_WS/install/micro_ros_msgs/include/micro_ros_msgs/micro_ros_msgs/msg/detail/entity__rosidl_typesupport_fastrtps_cpp.hpp
[3.820s] -- Installing: /home/tanakon/FRA532EXAM_31_62_WS/install/micro_ros_msgs/include/micro_ros_msgs/micro_ros_msgs/msg/detail/graph__rosidl_typesupport_fastrtps_cpp.hpp
[3.820s] -- Installing: /home/tanakon/FRA532EXAM_31_62_WS/install/micro_ros_msgs/include/micro_ros_msgs/micro_ros_msgs/msg/detail/dds_fastrtps
[3.820s] -- Installing: /home/tanakon/FRA532EXAM_31_62_WS/install/micro_ros_msgs/include/micro_ros_msgs/micro_ros_msgs/msg/detail/node__rosidl_typesupport_fastrtps_cpp.hpp
[3.820s] -- Installing: /home/tanakon/FRA532EXAM_31_62_WS/install/micro_ros_msgs/include/micro_ros_msgs/micro_ros_msgs/msg/rosidl_typesupport_fastrtps_cpp__visibility_control.h
[3.820s] -- Installing: /home/tanakon/FRA532EXAM_31_62_WS/install/micro_ros_msgs/lib/libmicro_ros_msgs__rosidl_typesupport_fastrtps_cpp.so
[3.821s] -- Set runtime path of "/home/tanakon/FRA532EXAM_31_62_WS/install/micro_ros_msgs/lib/libmicro_ros_msgs__rosidl_typesupport_fastrtps_cpp.so" to ""
[3.821s] -- Up-to-date: /home/tanakon/FRA532EXAM_31_62_WS/install/micro_ros_msgs/include/micro_ros_msgs/micro_ros_msgs
[3.821s] -- Up-to-date: /home/tanakon/FRA532EXAM_31_62_WS/install/micro_ros_msgs/include/micro_ros_msgs/micro_ros_msgs/msg
[3.821s] -- Up-to-date: /home/tanakon/FRA532EXAM_31_62_WS/install/micro_ros_msgs/include/micro_ros_msgs/micro_ros_msgs/msg/detail
[3.821s] -- Installing: /home/tanakon/FRA532EXAM_31_62_WS/install/micro_ros_msgs/include/micro_ros_msgs/micro_ros_msgs/msg/detail/node__rosidl_typesupport_introspection_cpp.hpp
[3.821s] -- Installing: /home/tanakon/FRA532EXAM_31_62_WS/install/micro_ros_msgs/include/micro_ros_msgs/micro_ros_msgs/msg/detail/entity__type_support.cpp
[3.821s] -- Installing: /home/tanakon/FRA532EXAM_31_62_WS/install/micro_ros_msgs/include/micro_ros_msgs/micro_ros_msgs/msg/detail/entity__rosidl_typesupport_introspection_cpp.hpp
[3.821s] -- Installing: /home/tanakon/FRA532EXAM_31_62_WS/install/micro_ros_msgs/include/micro_ros_msgs/micro_ros_msgs/msg/detail/graph__type_support.cpp
[3.821s] -- Installing: /home/tanakon/FRA532EXAM_31_62_WS/install/micro_ros_msgs/include/micro_ros_msgs/micro_ros_msgs/msg/detail/node__type_support.cpp
[3.822s] -- Installing: /home/tanakon/FRA532EXAM_31_62_WS/install/micro_ros_msgs/include/micro_ros_msgs/micro_ros_msgs/msg/detail/graph__rosidl_typesupport_introspection_cpp.hpp
[3.822s] -- Installing: /home/tanakon/FRA532EXAM_31_62_WS/install/micro_ros_msgs/lib/libmicro_ros_msgs__rosidl_typesupport_introspection_cpp.so
[3.822s] -- Set runtime path of "/home/tanakon/FRA532EXAM_31_62_WS/install/micro_ros_msgs/lib/libmicro_ros_msgs__rosidl_typesupport_introspection_cpp.so" to ""
[3.822s] -- Installing: /home/tanakon/FRA532EXAM_31_62_WS/install/micro_ros_msgs/lib/libmicro_ros_msgs__rosidl_typesupport_cpp.so
[3.822s] -- Set runtime path of "/home/tanakon/FRA532EXAM_31_62_WS/install/micro_ros_msgs/lib/libmicro_ros_msgs__rosidl_typesupport_cpp.so" to ""
[3.822s] -- Installing: /home/tanakon/FRA532EXAM_31_62_WS/install/micro_ros_msgs/share/micro_ros_msgs/environment/pythonpath.sh
[3.823s] -- Installing: /home/tanakon/FRA532EXAM_31_62_WS/install/micro_ros_msgs/share/micro_ros_msgs/environment/pythonpath.dsv
[3.823s] -- Installing: /home/tanakon/FRA532EXAM_31_62_WS/install/micro_ros_msgs/local/lib/python3.10/dist-packages/micro_ros_msgs-3.0.1-py3.10.egg-info
[3.823s] -- Installing: /home/tanakon/FRA532EXAM_31_62_WS/install/micro_ros_msgs/local/lib/python3.10/dist-packages/micro_ros_msgs-3.0.1-py3.10.egg-info/dependency_links.txt
[3.823s] -- Installing: /home/tanakon/FRA532EXAM_31_62_WS/install/micro_ros_msgs/local/lib/python3.10/dist-packages/micro_ros_msgs-3.0.1-py3.10.egg-info/top_level.txt
[3.823s] -- Installing: /home/tanakon/FRA532EXAM_31_62_WS/install/micro_ros_msgs/local/lib/python3.10/dist-packages/micro_ros_msgs-3.0.1-py3.10.egg-info/SOURCES.txt
[3.823s] -- Installing: /home/tanakon/FRA532EXAM_31_62_WS/install/micro_ros_msgs/local/lib/python3.10/dist-packages/micro_ros_msgs-3.0.1-py3.10.egg-info/PKG-INFO
[3.823s] -- Installing: /home/tanakon/FRA532EXAM_31_62_WS/install/micro_ros_msgs/local/lib/python3.10/dist-packages/micro_ros_msgs
[3.823s] -- Installing: /home/tanakon/FRA532EXAM_31_62_WS/install/micro_ros_msgs/local/lib/python3.10/dist-packages/micro_ros_msgs/micro_ros_msgs_s__rosidl_typesupport_fastrtps_c.cpython-310-x86_64-linux-gnu.so
[3.823s] -- Installing: /home/tanakon/FRA532EXAM_31_62_WS/install/micro_ros_msgs/local/lib/python3.10/dist-packages/micro_ros_msgs/_micro_ros_msgs_s.ep.rosidl_typesupport_fastrtps_c.c
[3.824s] -- Installing: /home/tanakon/FRA532EXAM_31_62_WS/install/micro_ros_msgs/local/lib/python3.10/dist-packages/micro_ros_msgs/libmicro_ros_msgs__rosidl_generator_py.so
[3.824s] -- Installing: /home/tanakon/FRA532EXAM_31_62_WS/install/micro_ros_msgs/local/lib/python3.10/dist-packages/micro_ros_msgs/msg
[3.824s] -- Installing: /home/tanakon/FRA532EXAM_31_62_WS/install/micro_ros_msgs/local/lib/python3.10/dist-packages/micro_ros_msgs/msg/_entity.py
[3.824s] -- Installing: /home/tanakon/FRA532EXAM_31_62_WS/install/micro_ros_msgs/local/lib/python3.10/dist-packages/micro_ros_msgs/msg/_node_s.c
[3.824s] -- Installing: /home/tanakon/FRA532EXAM_31_62_WS/install/micro_ros_msgs/local/lib/python3.10/dist-packages/micro_ros_msgs/msg/_entity_s.c
[3.824s] -- Installing: /home/tanakon/FRA532EXAM_31_62_WS/install/micro_ros_msgs/local/lib/python3.10/dist-packages/micro_ros_msgs/msg/_graph.py
[3.824s] -- Installing: /home/tanakon/FRA532EXAM_31_62_WS/install/micro_ros_msgs/local/lib/python3.10/dist-packages/micro_ros_msgs/msg/_graph_s.c
[3.824s] -- Installing: /home/tanakon/FRA532EXAM_31_62_WS/install/micro_ros_msgs/local/lib/python3.10/dist-packages/micro_ros_msgs/msg/__init__.py
[3.824s] -- Installing: /home/tanakon/FRA532EXAM_31_62_WS/install/micro_ros_msgs/local/lib/python3.10/dist-packages/micro_ros_msgs/msg/_node.py
[3.825s] -- Installing: /home/tanakon/FRA532EXAM_31_62_WS/install/micro_ros_msgs/local/lib/python3.10/dist-packages/micro_ros_msgs/micro_ros_msgs_s__rosidl_typesupport_c.cpython-310-x86_64-linux-gnu.so
[3.825s] -- Installing: /home/tanakon/FRA532EXAM_31_62_WS/install/micro_ros_msgs/local/lib/python3.10/dist-packages/micro_ros_msgs/_micro_ros_msgs_s.ep.rosidl_typesupport_introspection_c.c
[3.825s] -- Installing: /home/tanakon/FRA532EXAM_31_62_WS/install/micro_ros_msgs/local/lib/python3.10/dist-packages/micro_ros_msgs/_micro_ros_msgs_s.ep.rosidl_typesupport_c.c
[3.825s] -- Installing: /home/tanakon/FRA532EXAM_31_62_WS/install/micro_ros_msgs/local/lib/python3.10/dist-packages/micro_ros_msgs/micro_ros_msgs_s__rosidl_typesupport_introspection_c.cpython-310-x86_64-linux-gnu.so
[3.825s] -- Installing: /home/tanakon/FRA532EXAM_31_62_WS/install/micro_ros_msgs/local/lib/python3.10/dist-packages/micro_ros_msgs/__init__.py
[3.862s] Listing '/home/tanakon/FRA532EXAM_31_62_WS/install/micro_ros_msgs/local/lib/python3.10/dist-packages/micro_ros_msgs'...
[3.862s] Compiling '/home/tanakon/FRA532EXAM_31_62_WS/install/micro_ros_msgs/local/lib/python3.10/dist-packages/micro_ros_msgs/__init__.py'...
[3.862s] Listing '/home/tanakon/FRA532EXAM_31_62_WS/install/micro_ros_msgs/local/lib/python3.10/dist-packages/micro_ros_msgs/msg'...
[3.862s] Compiling '/home/tanakon/FRA532EXAM_31_62_WS/install/micro_ros_msgs/local/lib/python3.10/dist-packages/micro_ros_msgs/msg/__init__.py'...
[3.862s] Compiling '/home/tanakon/FRA532EXAM_31_62_WS/install/micro_ros_msgs/local/lib/python3.10/dist-packages/micro_ros_msgs/msg/_entity.py'...
[3.862s] Compiling '/home/tanakon/FRA532EXAM_31_62_WS/install/micro_ros_msgs/local/lib/python3.10/dist-packages/micro_ros_msgs/msg/_graph.py'...
[3.862s] Compiling '/home/tanakon/FRA532EXAM_31_62_WS/install/micro_ros_msgs/local/lib/python3.10/dist-packages/micro_ros_msgs/msg/_node.py'...
[3.865s] -- Installing: /home/tanakon/FRA532EXAM_31_62_WS/install/micro_ros_msgs/local/lib/python3.10/dist-packages/micro_ros_msgs/micro_ros_msgs_s__rosidl_typesupport_fastrtps_c.cpython-310-x86_64-linux-gnu.so
[3.865s] -- Set runtime path of "/home/tanakon/FRA532EXAM_31_62_WS/install/micro_ros_msgs/local/lib/python3.10/dist-packages/micro_ros_msgs/micro_ros_msgs_s__rosidl_typesupport_fastrtps_c.cpython-310-x86_64-linux-gnu.so" to ""
[3.865s] -- Installing: /home/tanakon/FRA532EXAM_31_62_WS/install/micro_ros_msgs/local/lib/python3.10/dist-packages/micro_ros_msgs/micro_ros_msgs_s__rosidl_typesupport_introspection_c.cpython-310-x86_64-linux-gnu.so
[3.866s] -- Set runtime path of "/home/tanakon/FRA532EXAM_31_62_WS/install/micro_ros_msgs/local/lib/python3.10/dist-packages/micro_ros_msgs/micro_ros_msgs_s__rosidl_typesupport_introspection_c.cpython-310-x86_64-linux-gnu.so" to ""
[3.866s] -- Installing: /home/tanakon/FRA532EXAM_31_62_WS/install/micro_ros_msgs/local/lib/python3.10/dist-packages/micro_ros_msgs/micro_ros_msgs_s__rosidl_typesupport_c.cpython-310-x86_64-linux-gnu.so
[3.866s] -- Set runtime path of "/home/tanakon/FRA532EXAM_31_62_WS/install/micro_ros_msgs/local/lib/python3.10/dist-packages/micro_ros_msgs/micro_ros_msgs_s__rosidl_typesupport_c.cpython-310-x86_64-linux-gnu.so" to ""
[3.866s] -- Installing: /home/tanakon/FRA532EXAM_31_62_WS/install/micro_ros_msgs/lib/libmicro_ros_msgs__rosidl_generator_py.so
[3.867s] -- Set runtime path of "/home/tanakon/FRA532EXAM_31_62_WS/install/micro_ros_msgs/lib/libmicro_ros_msgs__rosidl_generator_py.so" to ""
[3.867s] -- Installing: /home/tanakon/FRA532EXAM_31_62_WS/install/micro_ros_msgs/share/micro_ros_msgs/msg/Graph.idl
[3.867s] -- Installing: /home/tanakon/FRA532EXAM_31_62_WS/install/micro_ros_msgs/share/micro_ros_msgs/msg/Node.idl
[3.867s] -- Installing: /home/tanakon/FRA532EXAM_31_62_WS/install/micro_ros_msgs/share/micro_ros_msgs/msg/Entity.idl
[3.867s] -- Installing: /home/tanakon/FRA532EXAM_31_62_WS/install/micro_ros_msgs/share/micro_ros_msgs/msg/Graph.msg
[3.867s] -- Installing: /home/tanakon/FRA532EXAM_31_62_WS/install/micro_ros_msgs/share/micro_ros_msgs/msg/Node.msg
[3.867s] -- Installing: /home/tanakon/FRA532EXAM_31_62_WS/install/micro_ros_msgs/share/micro_ros_msgs/msg/Entity.msg
[3.867s] -- Installing: /home/tanakon/FRA532EXAM_31_62_WS/install/micro_ros_msgs/share/ament_index/resource_index/package_run_dependencies/micro_ros_msgs
[3.868s] -- Installing: /home/tanakon/FRA532EXAM_31_62_WS/install/micro_ros_msgs/share/ament_index/resource_index/parent_prefix_path/micro_ros_msgs
[3.868s] -- Installing: /home/tanakon/FRA532EXAM_31_62_WS/install/micro_ros_msgs/share/micro_ros_msgs/environment/ament_prefix_path.sh
[3.868s] -- Installing: /home/tanakon/FRA532EXAM_31_62_WS/install/micro_ros_msgs/share/micro_ros_msgs/environment/ament_prefix_path.dsv
[3.868s] -- Installing: /home/tanakon/FRA532EXAM_31_62_WS/install/micro_ros_msgs/share/micro_ros_msgs/environment/path.sh
[3.868s] -- Installing: /home/tanakon/FRA532EXAM_31_62_WS/install/micro_ros_msgs/share/micro_ros_msgs/environment/path.dsv
[3.868s] -- Installing: /home/tanakon/FRA532EXAM_31_62_WS/install/micro_ros_msgs/share/micro_ros_msgs/local_setup.bash
[3.868s] -- Installing: /home/tanakon/FRA532EXAM_31_62_WS/install/micro_ros_msgs/share/micro_ros_msgs/local_setup.sh
[3.868s] -- Installing: /home/tanakon/FRA532EXAM_31_62_WS/install/micro_ros_msgs/share/micro_ros_msgs/local_setup.zsh
[3.869s] -- Installing: /home/tanakon/FRA532EXAM_31_62_WS/install/micro_ros_msgs/share/micro_ros_msgs/local_setup.dsv
[3.869s] -- Installing: /home/tanakon/FRA532EXAM_31_62_WS/install/micro_ros_msgs/share/micro_ros_msgs/package.dsv
[3.869s] -- Installing: /home/tanakon/FRA532EXAM_31_62_WS/install/micro_ros_msgs/share/ament_index/resource_index/packages/micro_ros_msgs
[3.869s] -- Installing: /home/tanakon/FRA532EXAM_31_62_WS/install/micro_ros_msgs/share/micro_ros_msgs/cmake/export_micro_ros_msgs__rosidl_generator_cExport.cmake
[3.869s] -- Installing: /home/tanakon/FRA532EXAM_31_62_WS/install/micro_ros_msgs/share/micro_ros_msgs/cmake/export_micro_ros_msgs__rosidl_generator_cExport-noconfig.cmake
[3.869s] -- Installing: /home/tanakon/FRA532EXAM_31_62_WS/install/micro_ros_msgs/share/micro_ros_msgs/cmake/export_micro_ros_msgs__rosidl_typesupport_fastrtps_cExport.cmake
[3.869s] -- Installing: /home/tanakon/FRA532EXAM_31_62_WS/install/micro_ros_msgs/share/micro_ros_msgs/cmake/export_micro_ros_msgs__rosidl_typesupport_fastrtps_cExport-noconfig.cmake
[3.870s] -- Installing: /home/tanakon/FRA532EXAM_31_62_WS/install/micro_ros_msgs/share/micro_ros_msgs/cmake/micro_ros_msgs__rosidl_typesupport_introspection_cExport.cmake
[3.870s] -- Installing: /home/tanakon/FRA532EXAM_31_62_WS/install/micro_ros_msgs/share/micro_ros_msgs/cmake/micro_ros_msgs__rosidl_typesupport_introspection_cExport-noconfig.cmake
[3.870s] -- Installing: /home/tanakon/FRA532EXAM_31_62_WS/install/micro_ros_msgs/share/micro_ros_msgs/cmake/micro_ros_msgs__rosidl_typesupport_cExport.cmake
[3.870s] -- Installing: /home/tanakon/FRA532EXAM_31_62_WS/install/micro_ros_msgs/share/micro_ros_msgs/cmake/micro_ros_msgs__rosidl_typesupport_cExport-noconfig.cmake
[3.870s] -- Installing: /home/tanakon/FRA532EXAM_31_62_WS/install/micro_ros_msgs/share/micro_ros_msgs/cmake/export_micro_ros_msgs__rosidl_generator_cppExport.cmake
[3.870s] -- Installing: /home/tanakon/FRA532EXAM_31_62_WS/install/micro_ros_msgs/share/micro_ros_msgs/cmake/export_micro_ros_msgs__rosidl_typesupport_fastrtps_cppExport.cmake
[3.870s] -- Installing: /home/tanakon/FRA532EXAM_31_62_WS/install/micro_ros_msgs/share/micro_ros_msgs/cmake/export_micro_ros_msgs__rosidl_typesupport_fastrtps_cppExport-noconfig.cmake
[3.870s] -- Installing: /home/tanakon/FRA532EXAM_31_62_WS/install/micro_ros_msgs/share/micro_ros_msgs/cmake/micro_ros_msgs__rosidl_typesupport_introspection_cppExport.cmake
[3.871s] -- Installing: /home/tanakon/FRA532EXAM_31_62_WS/install/micro_ros_msgs/share/micro_ros_msgs/cmake/micro_ros_msgs__rosidl_typesupport_introspection_cppExport-noconfig.cmake
[3.871s] -- Installing: /home/tanakon/FRA532EXAM_31_62_WS/install/micro_ros_msgs/share/micro_ros_msgs/cmake/micro_ros_msgs__rosidl_typesupport_cppExport.cmake
[3.871s] -- Installing: /home/tanakon/FRA532EXAM_31_62_WS/install/micro_ros_msgs/share/micro_ros_msgs/cmake/micro_ros_msgs__rosidl_typesupport_cppExport-noconfig.cmake
[3.871s] -- Installing: /home/tanakon/FRA532EXAM_31_62_WS/install/micro_ros_msgs/share/micro_ros_msgs/cmake/export_micro_ros_msgs__rosidl_generator_pyExport.cmake
[3.871s] -- Installing: /home/tanakon/FRA532EXAM_31_62_WS/install/micro_ros_msgs/share/micro_ros_msgs/cmake/export_micro_ros_msgs__rosidl_generator_pyExport-noconfig.cmake
[3.871s] -- Installing: /home/tanakon/FRA532EXAM_31_62_WS/install/micro_ros_msgs/share/micro_ros_msgs/cmake/rosidl_cmake-extras.cmake
[3.871s] -- Installing: /home/tanakon/FRA532EXAM_31_62_WS/install/micro_ros_msgs/share/micro_ros_msgs/cmake/ament_cmake_export_include_directories-extras.cmake
[3.871s] -- Installing: /home/tanakon/FRA532EXAM_31_62_WS/install/micro_ros_msgs/share/micro_ros_msgs/cmake/ament_cmake_export_libraries-extras.cmake
[3.872s] -- Installing: /home/tanakon/FRA532EXAM_31_62_WS/install/micro_ros_msgs/share/micro_ros_msgs/cmake/ament_cmake_export_targets-extras.cmake
[3.872s] -- Installing: /home/tanakon/FRA532EXAM_31_62_WS/install/micro_ros_msgs/share/micro_ros_msgs/cmake/rosidl_cmake_export_typesupport_targets-extras.cmake
[3.872s] -- Installing: /home/tanakon/FRA532EXAM_31_62_WS/install/micro_ros_msgs/share/micro_ros_msgs/cmake/ament_cmake_export_dependencies-extras.cmake
[3.872s] -- Installing: /home/tanakon/FRA532EXAM_31_62_WS/install/micro_ros_msgs/share/micro_ros_msgs/cmake/rosidl_cmake_export_typesupport_libraries-extras.cmake
[3.872s] -- Installing: /home/tanakon/FRA532EXAM_31_62_WS/install/micro_ros_msgs/share/micro_ros_msgs/cmake/micro_ros_msgsConfig.cmake
[3.872s] -- Installing: /home/tanakon/FRA532EXAM_31_62_WS/install/micro_ros_msgs/share/micro_ros_msgs/cmake/micro_ros_msgsConfig-version.cmake
[3.872s] -- Installing: /home/tanakon/FRA532EXAM_31_62_WS/install/micro_ros_msgs/share/micro_ros_msgs/package.xml
[3.875s] Invoked command in '/home/tanakon/FRA532EXAM_31_62_WS/build/micro_ros_msgs' returned '0': CMAKE_PREFIX_PATH=${CMAKE_PREFIX_PATH}:/home/tanakon/carver_outdoor_ws/install/ackermann_odometry:/home/tanakon/carver_outdoor_ws/install/ackermann_controller:/opt/ros/humble /usr/bin/cmake --install /home/tanakon/FRA532EXAM_31_62_WS/build/micro_ros_msgs
